【登录信息】
*0cbc3364e79ab54b6b0d44e4c301101d*
`登陆天数: 39天 / 677天
等级: 130
石头: 4095
呼符: 340
体力: 27.200000000000003 / 138
友情点: 0 / 342830`
_2024-07-01 04:16:46_
--------
*468fee8af9c7b7eb08801b1d61f566fa*
`登陆天数: 39天 / 676天
等级: 130
石头: 4112
呼符: 318
体力: 27.16666666666667 / 138
友情点: 0 / 358090`
_2024-07-01 04:16:55_
--------
*66d1ce392af9b66ac0f939c5e6bb98fe*
`登陆天数: 39天 / 677天
等级: 130
石头: 4117
呼符: 315
体力: 27.14333333333333 / 138
友情点: 0 / 356515`
_2024-07-01 04:17:03_
--------
*5f66e86ea3f95f7d0c32acbd90a208f7*
`登陆天数: 39天 / 677天
等级: 130
石头: 4118
呼符: 312
体力: 27.11333333333333 / 138
友情点: 0 / 351440`
_2024-07-01 04:17:11_
--------
*a6ca2ab39a0602ed7c544bc2c8191049*
`登陆天数: 39天 / 677天
等级: 130
石头: 4121
呼符: 306
体力: 27.08333333333333 / 138
友情点: 0 / 356355`
_2024-07-01 04:17:19_
--------
*92212256de5a6ad5dada2b0f168b65cd*
`登陆天数: 39天 / 676天
等级: 130
石头: 4095
呼符: 341
体力: 27.053333333333327 / 138
友情点: 0 / 346010`
_2024-07-01 04:17:27_
--------
*b04ebf84e42f63b7f131c17ccdd285f6*
`登陆天数: 39天 / 676天
等级: 130
石头: 4097
呼符: 323
体力: 27.02666666666667 / 138
友情点: 0 / 353145`
_2024-07-01 04:17:36_
--------
*e2b597b9d400eccc20b49da381e39f6e*
`登陆天数: 39天 / 676天
等级: 130
石头: 4098
呼符: 183
体力: 27.0 / 138
友情点: 0 / 373850`
_2024-07-01 04:17:44_
--------
*4c5413a7eef342442ae1da5117a940a4*
`登陆天数: 39天 / 676天
等级: 130
石头: 4116
呼符: 331
体力: 26.97 / 138
友情点: 0 / 345815`
_2024-07-01 04:17:52_
--------
*e49ee443bc70e0377715d0df24f0fa7d*
`登陆天数: 39天 / 677天
等级: 130
石头: 4105
呼符: 171
体力: 26.943333333333328 / 138
友情点: 0 / 372595`
_2024-07-01 04:18:00_
--------
*672244f3ba274053e34540fdf74a4f58*
`登陆天数: 39天 / 677天
等级: 130
石头: 4096
呼符: 336
体力: 26.913333333333327 / 138
友情点: 0 / 348425`
_2024-07-01 04:18:08_
--------
*a5c02cc719cb7d0a6c30bb2bcdb8f7c5*
`登陆天数: 39天 / 676天
等级: 130
石头: 4120
呼符: 46
体力: 26.88666666666667 / 138
友情点: 0 / 391395`
_2024-07-01 04:18:17_
--------
*55207a55150be94f5800d72b52a43f0e*
`登陆天数: 39天 / 676天
等级: 130
石头: 4100
呼符: 310
体力: 26.86 / 138
友情点: 0 / 349130`
_2024-07-01 04:18:25_
--------
*a592723df47e3199ab0353dc646b6791*
`登陆天数: 39天 / 676天
等级: 130
石头: 4122
呼符: 96
体力: 26.83333333333333 / 138
友情点: 0 / 385650`
_2024-07-01 04:18:33_
--------
*4159288e45b91b959d7eca0bf8b44f1d*
`登陆天数: 39天 / 677天
等级: 130
石头: 4106
呼符: 195
体力: 26.806666666666672 / 138
友情点: 0 / 370050`
_2024-07-01 04:18:42_
--------
*a9ce844d652e4e1a1ae32f08533e7ee5*
`登陆天数: 39天 / 677天
等级: 130
石头: 4095
呼符: 342
体力: 26.78 / 138
友情点: 0 / 346990`
_2024-07-01 04:18:50_
--------
*007ac2d6cef484bc48966d7b37599883*
`登陆天数: 39天 / 677天
等级: 130
石头: 4098
呼符: 313
体力: 26.75333333333333 / 138
友情点: 0 / 342560`
_2024-07-01 04:18:58_
--------
*6c016b6ca650abf7dcfd9259035296a5*
`登陆天数: 39天 / 677天
等级: 130
石头: 4091
呼符: 44
体力: 26.72333333333333 / 138
友情点: 0 / 398820`
_2024-07-01 04:19:06_
--------
*d33aecbe8bcf1ed7f0e6da702cfff1a2*
`登陆天数: 39天 / 677天
等级: 130
石头: 4072
呼符: 250
体力: 26.693333333333328 / 138
友情点: 0 / 363825`
_2024-07-01 04:19:14_
--------
*17bcd2052a6ec1866beae155fc484504*
`登陆天数: 39天 / 676天
等级: 130
石头: 4096
呼符: 203
体力: 26.66666666666667 / 138
友情点: 0 / 369540`
_2024-07-01 04:19:23_
--------
*d0ba28407e264ae54a87471870fe1221*
`登陆天数: 39天 / 676天
等级: 130
石头: 4116
呼符: 43
体力: 26.63666666666667 / 138
友情点: 0 / 395565`
_2024-07-01 04:19:31_
--------
*2547230df974c766395c39ea1dcef0f1*
`登陆天数: 39天 / 677天
等级: 130
石头: 4108
呼符: 331
体力: 26.61 / 138
友情点: 0 / 352485`
_2024-07-01 04:19:39_
--------
*40c3ae23e191008699138f76d6e89e0c*
`登陆天数: 39天 / 676天
等级: 130
石头: 4095
呼符: 330
体力: 26.58333333333333 / 138
友情点: 0 / 351555`
_2024-07-01 04:19:47_
--------
*43b141e62bc7edea968095e70f70e149*
`登陆天数: 39天 / 676天
等级: 130
石头: 4100
呼符: 313
体力: 26.560000000000002 / 138
友情点: 0 / 354035`
_2024-07-01 04:19:55_
--------
*fa96a51e3723b115878686ea420b22b9*
`登陆天数: 39天 / 676天
等级: 130
石头: 4084
呼符: 271
体力: 26.53 / 138
友情点: 0 / 370025`
_2024-07-01 04:20:03_
--------
*4450f7c6ca0bc3f1b2e7d9ad0a765fb1*
`登陆天数: 39天 / 676天
等级: 130
石头: 4112
呼符: 235
体力: 26.50333333333333 / 138
友情点: 0 / 365460`
_2024-07-01 04:20:12_
--------
*cdb790e946e1544d62bfe227ac4ad4f4*
`登陆天数: 39天 / 677天
等级: 130
石头: 4100
呼符: 306
体力: 26.476666666666674 / 138
友情点: 0 / 343495`
_2024-07-01 04:20:20_
--------
*373b77034d0e5fb1cfb6671029da2f8a*
`登陆天数: 39天 / 676天
等级: 130
石头: 4093
呼符: 333
体力: 26.446666666666673 / 138
友情点: 0 / 349610`
_2024-07-01 04:20:28_
--------
*0e0b373ba0390fda034ecfd287c6d191*
`登陆天数: 39天 / 677天
等级: 130
石头: 4090
呼符: 321
体力: 26.41666666666667 / 138
友情点: 0 / 353080`
_2024-07-01 04:20:37_
--------
*6889791d1272b4e43053f6f4454b005d*
`登陆天数: 39天 / 676天
等级: 130
石头: 4098
呼符: 311
体力: 26.39333333333333 / 138
友情点: 0 / 348895`
_2024-07-01 04:20:45_
--------
*c46a376e3470f5f04763388807f84663*
`登陆天数: 39天 / 677天
等级: 130
石头: 4091
呼符: 171
体力: 26.36333333333333 / 138
友情点: 0 / 375895`
_2024-07-01 04:20:53_
--------
*7f567968d385747c7735a4100922107e*
`登陆天数: 39天 / 676天
等级: 130
石头: 4096
呼符: 305
体力: 26.340000000000003 / 138
友情点: 0 / 352470`
_2024-07-01 04:21:02_
--------
*ea696e0ef6a30f87b827227a901e3c35*
`登陆天数: 39天 / 676天
等级: 130
石头: 4118
呼符: 219
体力: 26.313333333333333 / 138
友情点: 0 / 363860`
_2024-07-01 04:21:10_
--------
*e6ec277c95853f97cf392b7a24eccf22*
`登陆天数: 39天 / 676天
等级: 130
石头: 4100
呼符: 300
体力: 26.28333333333333 / 138
友情点: 0 / 348055`
_2024-07-01 04:21:18_
--------
*bcf9f56e3289fe42920dc9e8e57d219d*
`登陆天数: 39天 / 677天
等级: 130
石头: 4099
呼符: 315
体力: 26.25666666666666 / 138
友情点: 0 / 343990`
_2024-07-01 04:21:26_
--------
*4439867a15aae8cefc8e7104456f376d*
`登陆天数: 39天 / 677天
等级: 130
石头: 4097
呼符: 272
体力: 26.230000000000004 / 138
友情点: 0 / 359120`
_2024-07-01 04:21:34_
--------
*c3c17076c764d027f160be54b59f25de*
`登陆天数: 39天 / 677天
等级: 130
石头: 4137
呼符: 256
体力: 26.200000000000003 / 138
友情点: 0 / 362650`
_2024-07-01 04:21:43_
--------
*a39bcce9016517b8c8148fdaab731f5a*
`登陆天数: 39天 / 677天
等级: 130
石头: 4096
呼符: 256
体力: 26.176666666666662 / 138
友情点: 0 / 357015`
_2024-07-01 04:21:51_
--------
*bf6c5a7a135ad67be1ce0978b9d0441f*
`登陆天数: 39天 / 676天
等级: 130
石头: 4099
呼符: 43
体力: 26.14666666666666 / 138
友情点: 0 / 380905`
_2024-07-01 04:21:59_
--------
*ce59b1db1b4d7987523ee59ae90d76a5*
`登陆天数: 39天 / 677天
等级: 130
石头: 4054
呼符: 84
体力: 26.123333333333335 / 138
友情点: 0 / 384730`
_2024-07-01 04:22:08_
--------
*e1f040d20576ba77417e03d5644da34d*
`登陆天数: 39天 / 676天
等级: 130
石头: 4092
呼符: 337
体力: 26.096666666666664 / 138
友情点: 0 / 345885`
_2024-07-01 04:22:16_
--------
*815f9ef9597d7ec1aecee39f56b82665*
`登陆天数: 39天 / 677天
等级: 130
石头: 4112
呼符: 184
体力: 26.069999999999993 / 138
友情点: 0 / 369160`
_2024-07-01 04:22:24_
--------
*dea2da73829a40e8ba4b2cf0d6e0eb3c*
`登陆天数: 39天 / 677天
等级: 130
石头: 4090
呼符: 133
体力: 26.040000000000006 / 138
友情点: 0 / 377805`
_2024-07-01 04:22:33_
--------
*63236f2bd12bf4a40f6242f27524eb03*
`登陆天数: 39天 / 677天
等级: 130
石头: 4094
呼符: 44
体力: 26.013333333333335 / 138
友情点: 0 / 394335`
_2024-07-01 04:22:41_
--------
*41d052981db116e72a13ba2b292b2833*
`登陆天数: 39天 / 677天
等级: 130
石头: 4113
呼符: 250
体力: 25.986666666666665 / 138
友情点: 0 / 366540`
_2024-07-01 04:22:49_
--------
*e78d3162d44eb46724e7673377e4ffa8*
`登陆天数: 39天 / 677天
等级: 130
石头: 4099
呼符: 275
体力: 25.959999999999994 / 138
友情点: 0 / 354795`
_2024-07-01 04:22:57_
--------
*d7cf1da456096195fdc8f1865baf7d51*
`登陆天数: 39天 / 677天
等级: 130
石头: 4118
呼符: 334
体力: 25.933333333333337 / 138
友情点: 0 / 353840`
_2024-07-01 04:23:05_
--------
*203769365292043322c1e89fac8a5581*
`登陆天数: 39天 / 676天
等级: 130
石头: 4114
呼符: 308
体力: 25.906666666666666 / 138
友情点: 0 / 352825`
_2024-07-01 04:23:13_
--------
*56cf6ced41bcdfa4da364bdbaff2beba*
`登陆天数: 39天 / 677天
等级: 130
石头: 4097
呼符: 248
体力: 25.879999999999995 / 138
友情点: 0 / 365205`
_2024-07-01 04:23:21_
--------
*4df28e0ed07472e9ad4d9f5573ab6fcb*
`登陆天数: 39天 / 677天
等级: 130
石头: 4007
呼符: 299
体力: 23090.966666666667 / 138
友情点: 0 / 466405`
_2024-07-01 04:23:29_
--------
