【登录信息】
*0cbc3364e79ab54b6b0d44e4c301101d*
`登陆天数: 9天 / 647天
等级: 130
石头: 4006
呼符: 321
体力: 14452.28 / 138
友情点: 0 / 466830`
*連続ログイン2日目
※ログインが途切れるか、7日到達すると
1日目から再開されます*
`聖晶石 X 1
6月交換券(2024) X 1
`*カルデア・サマーアドベンチャー！ アンケート復刻版 開幕記念 ログインボーナス*
*開催期間中、1日1回 最大21回 ログインボーナスをプレゼント！*
`白銀の果実 X 1
`_2024-06-01 04:30:03_
--------
*468fee8af9c7b7eb08801b1d61f566fa*
`登陆天数: 9天 / 646天
等级: 130
石头: 4021
呼符: 299
体力: 14452.306666666667 / 138
友情点: 0 / 470090`
*連続ログイン2日目
※ログインが途切れるか、7日到達すると
1日目から再開されます*
`聖晶石 X 1
6月交換券(2024) X 1
`*カルデア・サマーアドベンチャー！ アンケート復刻版 開幕記念 ログインボーナス*
*開催期間中、1日1回 最大21回 ログインボーナスをプレゼント！*
`白銀の果実 X 1
`_2024-06-01 04:30:11_
--------
*66d1ce392af9b66ac0f939c5e6bb98fe*
`登陆天数: 9天 / 647天
等级: 130
石头: 4028
呼符: 296
体力: 14452.333333333334 / 138
友情点: 0 / 468515`
*連続ログイン2日目
※ログインが途切れるか、7日到達すると
1日目から再開されます*
`聖晶石 X 1
6月交換券(2024) X 1
`*カルデア・サマーアドベンチャー！ アンケート復刻版 開幕記念 ログインボーナス*
*開催期間中、1日1回 最大21回 ログインボーナスをプレゼント！*
`白銀の果実 X 1
`_2024-06-01 04:30:19_
--------
*5f66e86ea3f95f7d0c32acbd90a208f7*
`登陆天数: 9天 / 647天
等级: 130
石头: 4029
呼符: 293
体力: 14452.36 / 138
友情点: 0 / 465440`
*連続ログイン2日目
※ログインが途切れるか、7日到達すると
1日目から再開されます*
`聖晶石 X 1
6月交換券(2024) X 1
`*カルデア・サマーアドベンチャー！ アンケート復刻版 開幕記念 ログインボーナス*
*開催期間中、1日1回 最大21回 ログインボーナスをプレゼント！*
`白銀の果実 X 1
`_2024-06-01 04:30:27_
--------
*a6ca2ab39a0602ed7c544bc2c8191049*
`登陆天数: 9天 / 647天
等级: 130
石头: 4032
呼符: 287
体力: 14452.386666666667 / 138
友情点: 0 / 466355`
*連続ログイン2日目
※ログインが途切れるか、7日到達すると
1日目から再開されます*
`聖晶石 X 1
6月交換券(2024) X 1
`*カルデア・サマーアドベンチャー！ アンケート復刻版 開幕記念 ログインボーナス*
*開催期間中、1日1回 最大21回 ログインボーナスをプレゼント！*
`白銀の果実 X 1
`_2024-06-01 04:30:35_
--------
*92212256de5a6ad5dada2b0f168b65cd*
`登陆天数: 9天 / 646天
等级: 130
石头: 4004
呼符: 322
体力: 14452.413333333334 / 138
友情点: 0 / 468010`
*連続ログイン2日目
※ログインが途切れるか、7日到達すると
1日目から再開されます*
`聖晶石 X 1
6月交換券(2024) X 1
`*カルデア・サマーアドベンチャー！ アンケート復刻版 開幕記念 ログインボーナス*
*開催期間中、1日1回 最大21回 ログインボーナスをプレゼント！*
`白銀の果実 X 1
`_2024-06-01 04:30:43_
--------
*b04ebf84e42f63b7f131c17ccdd285f6*
`登陆天数: 9天 / 646天
等级: 130
石头: 4006
呼符: 304
体力: 14452.44 / 138
友情点: 0 / 469145`
*連続ログイン2日目
※ログインが途切れるか、7日到達すると
1日目から再開されます*
`聖晶石 X 1
6月交換券(2024) X 1
`*カルデア・サマーアドベンチャー！ アンケート復刻版 開幕記念 ログインボーナス*
*開催期間中、1日1回 最大21回 ログインボーナスをプレゼント！*
`白銀の果実 X 1
`_2024-06-01 04:30:51_
--------
*e2b597b9d400eccc20b49da381e39f6e*
`登陆天数: 9天 / 646天
等级: 130
石头: 4007
呼符: 164
体力: 14452.466666666667 / 138
友情点: 0 / 467850`
*連続ログイン2日目
※ログインが途切れるか、7日到達すると
1日目から再開されます*
`聖晶石 X 1
6月交換券(2024) X 1
`*カルデア・サマーアドベンチャー！ アンケート復刻版 開幕記念 ログインボーナス*
*開催期間中、1日1回 最大21回 ログインボーナスをプレゼント！*
`白銀の果実 X 1
`_2024-06-01 04:30:59_
--------
*4c5413a7eef342442ae1da5117a940a4*
`登陆天数: 9天 / 646天
等级: 130
石头: 4025
呼符: 312
体力: 14452.493333333334 / 138
友情点: 0 / 467815`
*連続ログイン2日目
※ログインが途切れるか、7日到達すると
1日目から再開されます*
`聖晶石 X 1
6月交換券(2024) X 1
`*カルデア・サマーアドベンチャー！ アンケート復刻版 開幕記念 ログインボーナス*
*開催期間中、1日1回 最大21回 ログインボーナスをプレゼント！*
`白銀の果実 X 1
`_2024-06-01 04:31:07_
--------
*e49ee443bc70e0377715d0df24f0fa7d*
`登陆天数: 9天 / 647天
等级: 130
石头: 4016
呼符: 152
体力: 14452.52 / 138
友情点: 0 / 466595`
*連続ログイン2日目
※ログインが途切れるか、7日到達すると
1日目から再開されます*
`聖晶石 X 1
6月交換券(2024) X 1
`*カルデア・サマーアドベンチャー！ アンケート復刻版 開幕記念 ログインボーナス*
*開催期間中、1日1回 最大21回 ログインボーナスをプレゼント！*
`白銀の果実 X 1
`_2024-06-01 04:31:15_
--------
*672244f3ba274053e34540fdf74a4f58*
`登陆天数: 9天 / 647天
等级: 130
石头: 4007
呼符: 317
体力: 14452.546666666667 / 138
友情点: 0 / 466425`
*連続ログイン2日目
※ログインが途切れるか、7日到達すると
1日目から再開されます*
`聖晶石 X 1
6月交換券(2024) X 1
`*カルデア・サマーアドベンチャー！ アンケート復刻版 開幕記念 ログインボーナス*
*開催期間中、1日1回 最大21回 ログインボーナスをプレゼント！*
`白銀の果実 X 1
`_2024-06-01 04:31:23_
--------
*a5c02cc719cb7d0a6c30bb2bcdb8f7c5*
`登陆天数: 9天 / 646天
等级: 130
石头: 4029
呼符: 27
体力: 14452.573333333334 / 138
友情点: 0 / 467395`
*連続ログイン2日目
※ログインが途切れるか、7日到達すると
1日目から再開されます*
`聖晶石 X 1
6月交換券(2024) X 1
`*カルデア・サマーアドベンチャー！ アンケート復刻版 開幕記念 ログインボーナス*
*開催期間中、1日1回 最大21回 ログインボーナスをプレゼント！*
`白銀の果実 X 1
`_2024-06-01 04:31:31_
--------
*55207a55150be94f5800d72b52a43f0e*
`登陆天数: 9天 / 646天
等级: 130
石头: 4009
呼符: 291
体力: 14452.596666666666 / 138
友情点: 0 / 469130`
*連続ログイン2日目
※ログインが途切れるか、7日到達すると
1日目から再開されます*
`聖晶石 X 1
6月交換券(2024) X 1
`*カルデア・サマーアドベンチャー！ アンケート復刻版 開幕記念 ログインボーナス*
*開催期間中、1日1回 最大21回 ログインボーナスをプレゼント！*
`白銀の果実 X 1
`_2024-06-01 04:31:39_
--------
*a592723df47e3199ab0353dc646b6791*
`登陆天数: 9天 / 646天
等级: 130
石头: 4031
呼符: 77
体力: 14452.623333333333 / 138
友情点: 0 / 469650`
*連続ログイン2日目
※ログインが途切れるか、7日到達すると
1日目から再開されます*
`聖晶石 X 1
6月交換券(2024) X 1
`*カルデア・サマーアドベンチャー！ アンケート復刻版 開幕記念 ログインボーナス*
*開催期間中、1日1回 最大21回 ログインボーナスをプレゼント！*
`白銀の果実 X 1
`_2024-06-01 04:31:47_
--------
*4159288e45b91b959d7eca0bf8b44f1d*
`登陆天数: 9天 / 647天
等级: 130
石头: 4017
呼符: 176
体力: 14452.65 / 138
友情点: 0 / 466050`
*連続ログイン2日目
※ログインが途切れるか、7日到達すると
1日目から再開されます*
`聖晶石 X 1
6月交換券(2024) X 1
`*カルデア・サマーアドベンチャー！ アンケート復刻版 開幕記念 ログインボーナス*
*開催期間中、1日1回 最大21回 ログインボーナスをプレゼント！*
`白銀の果実 X 1
`_2024-06-01 04:31:55_
--------
*a9ce844d652e4e1a1ae32f08533e7ee5*
`登陆天数: 9天 / 647天
等级: 130
石头: 4006
呼符: 323
体力: 14452.676666666666 / 138
友情点: 0 / 466990`
*連続ログイン2日目
※ログインが途切れるか、7日到達すると
1日目から再開されます*
`聖晶石 X 1
6月交換券(2024) X 1
`*カルデア・サマーアドベンチャー！ アンケート復刻版 開幕記念 ログインボーナス*
*開催期間中、1日1回 最大21回 ログインボーナスをプレゼント！*
`白銀の果実 X 1
`_2024-06-01 04:32:02_
--------
*007ac2d6cef484bc48966d7b37599883*
`登陆天数: 9天 / 647天
等级: 130
石头: 4009
呼符: 294
体力: 14452.703333333333 / 138
友情点: 0 / 466560`
*連続ログイン2日目
※ログインが途切れるか、7日到達すると
1日目から再開されます*
`聖晶石 X 1
6月交換券(2024) X 1
`*カルデア・サマーアドベンチャー！ アンケート復刻版 開幕記念 ログインボーナス*
*開催期間中、1日1回 最大21回 ログインボーナスをプレゼント！*
`白銀の果実 X 1
`_2024-06-01 04:32:10_
--------
*6c016b6ca650abf7dcfd9259035296a5*
`登陆天数: 9天 / 647天
等级: 130
石头: 4002
呼符: 25
体力: 14452.73 / 138
友情点: 0 / 466820`
*連続ログイン2日目
※ログインが途切れるか、7日到達すると
1日目から再開されます*
`聖晶石 X 1
6月交換券(2024) X 1
`*カルデア・サマーアドベンチャー！ アンケート復刻版 開幕記念 ログインボーナス*
*開催期間中、1日1回 最大21回 ログインボーナスをプレゼント！*
`白銀の果実 X 1
`_2024-06-01 04:32:18_
--------
*d33aecbe8bcf1ed7f0e6da702cfff1a2*
`登陆天数: 9天 / 647天
等级: 130
石头: 3983
呼符: 231
体力: 14452.756666666666 / 138
友情点: 0 / 465825`
*連続ログイン2日目
※ログインが途切れるか、7日到達すると
1日目から再開されます*
`聖晶石 X 1
6月交換券(2024) X 1
`*カルデア・サマーアドベンチャー！ アンケート復刻版 開幕記念 ログインボーナス*
*開催期間中、1日1回 最大21回 ログインボーナスをプレゼント！*
`白銀の果実 X 1
`_2024-06-01 04:32:26_
--------
*17bcd2052a6ec1866beae155fc484504*
`登陆天数: 9天 / 646天
等级: 130
石头: 4005
呼符: 184
体力: 14452.78 / 138
友情点: 0 / 469540`
*連続ログイン2日目
※ログインが途切れるか、7日到達すると
1日目から再開されます*
`聖晶石 X 1
6月交換券(2024) X 1
`*カルデア・サマーアドベンチャー！ アンケート復刻版 開幕記念 ログインボーナス*
*開催期間中、1日1回 最大21回 ログインボーナスをプレゼント！*
`白銀の果実 X 1
`_2024-06-01 04:32:34_
--------
*d0ba28407e264ae54a87471870fe1221*
`登陆天数: 9天 / 646天
等级: 130
石头: 4025
呼符: 24
体力: 14452.806666666667 / 138
友情点: 0 / 469565`
*連続ログイン2日目
※ログインが途切れるか、7日到達すると
1日目から再開されます*
`聖晶石 X 1
6月交換券(2024) X 1
`*カルデア・サマーアドベンチャー！ アンケート復刻版 開幕記念 ログインボーナス*
*開催期間中、1日1回 最大21回 ログインボーナスをプレゼント！*
`白銀の果実 X 1
`_2024-06-01 04:32:42_
--------
*2547230df974c766395c39ea1dcef0f1*
`登陆天数: 9天 / 647天
等级: 130
石头: 4019
呼符: 312
体力: 14452.833333333334 / 138
友情点: 0 / 466485`
*連続ログイン2日目
※ログインが途切れるか、7日到達すると
1日目から再開されます*
`聖晶石 X 1
6月交換券(2024) X 1
`*カルデア・サマーアドベンチャー！ アンケート復刻版 開幕記念 ログインボーナス*
*開催期間中、1日1回 最大21回 ログインボーナスをプレゼント！*
`白銀の果実 X 1
`_2024-06-01 04:32:49_
--------
*40c3ae23e191008699138f76d6e89e0c*
`登陆天数: 9天 / 646天
等级: 130
石头: 4004
呼符: 311
体力: 14452.86 / 138
友情点: 0 / 467555`
*連続ログイン2日目
※ログインが途切れるか、7日到達すると
1日目から再開されます*
`聖晶石 X 1
6月交換券(2024) X 1
`*カルデア・サマーアドベンチャー！ アンケート復刻版 開幕記念 ログインボーナス*
*開催期間中、1日1回 最大21回 ログインボーナスをプレゼント！*
`白銀の果実 X 1
`_2024-06-01 04:32:57_
--------
*43b141e62bc7edea968095e70f70e149*
`登陆天数: 9天 / 646天
等级: 130
石头: 4009
呼符: 294
体力: 14452.886666666667 / 138
友情点: 0 / 468035`
*連続ログイン2日目
※ログインが途切れるか、7日到達すると
1日目から再開されます*
`聖晶石 X 1
6月交換券(2024) X 1
`*カルデア・サマーアドベンチャー！ アンケート復刻版 開幕記念 ログインボーナス*
*開催期間中、1日1回 最大21回 ログインボーナスをプレゼント！*
`白銀の果実 X 1
`_2024-06-01 04:33:05_
--------
*fa96a51e3723b115878686ea420b22b9*
`登陆天数: 9天 / 646天
等级: 130
石头: 3993
呼符: 252
体力: 14452.913333333334 / 138
友情点: 0 / 468025`
*連続ログイン2日目
※ログインが途切れるか、7日到達すると
1日目から再開されます*
`聖晶石 X 1
6月交換券(2024) X 1
`*カルデア・サマーアドベンチャー！ アンケート復刻版 開幕記念 ログインボーナス*
*開催期間中、1日1回 最大21回 ログインボーナスをプレゼント！*
`白銀の果実 X 1
`_2024-06-01 04:33:13_
--------
*4450f7c6ca0bc3f1b2e7d9ad0a765fb1*
`登陆天数: 9天 / 646天
等级: 130
石头: 4021
呼符: 216
体力: 14452.94 / 138
友情点: 0 / 469460`
*連続ログイン2日目
※ログインが途切れるか、7日到達すると
1日目から再開されます*
`聖晶石 X 1
6月交換券(2024) X 1
`*カルデア・サマーアドベンチャー！ アンケート復刻版 開幕記念 ログインボーナス*
*開催期間中、1日1回 最大21回 ログインボーナスをプレゼント！*
`白銀の果実 X 1
`_2024-06-01 04:33:21_
--------
*cdb790e946e1544d62bfe227ac4ad4f4*
`登陆天数: 9天 / 647天
等级: 130
石头: 4011
呼符: 287
体力: 14452.966666666667 / 138
友情点: 0 / 467495`
*連続ログイン2日目
※ログインが途切れるか、7日到達すると
1日目から再開されます*
`聖晶石 X 1
6月交換券(2024) X 1
`*カルデア・サマーアドベンチャー！ アンケート復刻版 開幕記念 ログインボーナス*
*開催期間中、1日1回 最大21回 ログインボーナスをプレゼント！*
`白銀の果実 X 1
`_2024-06-01 04:33:29_
--------
*373b77034d0e5fb1cfb6671029da2f8a*
`登陆天数: 9天 / 646天
等级: 130
石头: 4002
呼符: 314
体力: 14452.993333333334 / 138
友情点: 0 / 471610`
*連続ログイン2日目
※ログインが途切れるか、7日到達すると
1日目から再開されます*
`聖晶石 X 1
6月交換券(2024) X 1
`*カルデア・サマーアドベンチャー！ アンケート復刻版 開幕記念 ログインボーナス*
*開催期間中、1日1回 最大21回 ログインボーナスをプレゼント！*
`白銀の果実 X 1
`_2024-06-01 04:33:37_
--------
*0e0b373ba0390fda034ecfd287c6d191*
`登陆天数: 9天 / 647天
等级: 130
石头: 4001
呼符: 302
体力: 14453.02 / 138
友情点: 0 / 467080`
*連続ログイン2日目
※ログインが途切れるか、7日到達すると
1日目から再開されます*
`聖晶石 X 1
6月交換券(2024) X 1
`*カルデア・サマーアドベンチャー！ アンケート復刻版 開幕記念 ログインボーナス*
*開催期間中、1日1回 最大21回 ログインボーナスをプレゼント！*
`白銀の果実 X 1
`_2024-06-01 04:33:45_
--------
*6889791d1272b4e43053f6f4454b005d*
`登陆天数: 9天 / 646天
等级: 130
石头: 4007
呼符: 292
体力: 14453.043333333333 / 138
友情点: 0 / 466895`
*連続ログイン2日目
※ログインが途切れるか、7日到達すると
1日目から再開されます*
`聖晶石 X 1
6月交換券(2024) X 1
`*カルデア・サマーアドベンチャー！ アンケート復刻版 開幕記念 ログインボーナス*
*開催期間中、1日1回 最大21回 ログインボーナスをプレゼント！*
`白銀の果実 X 1
`_2024-06-01 04:33:53_
--------
*c46a376e3470f5f04763388807f84663*
`登陆天数: 9天 / 647天
等级: 130
石头: 4002
呼符: 152
体力: 14453.07 / 138
友情点: 0 / 465895`
*連続ログイン2日目
※ログインが途切れるか、7日到達すると
1日目から再開されます*
`聖晶石 X 1
6月交換券(2024) X 1
`*カルデア・サマーアドベンチャー！ アンケート復刻版 開幕記念 ログインボーナス*
*開催期間中、1日1回 最大21回 ログインボーナスをプレゼント！*
`白銀の果実 X 1
`_2024-06-01 04:34:01_
--------
*7f567968d385747c7735a4100922107e*
`登陆天数: 9天 / 646天
等级: 130
石头: 4005
呼符: 286
体力: 14453.096666666666 / 138
友情点: 0 / 468470`
*連続ログイン2日目
※ログインが途切れるか、7日到達すると
1日目から再開されます*
`聖晶石 X 1
6月交換券(2024) X 1
`*カルデア・サマーアドベンチャー！ アンケート復刻版 開幕記念 ログインボーナス*
*開催期間中、1日1回 最大21回 ログインボーナスをプレゼント！*
`白銀の果実 X 1
`_2024-06-01 04:34:08_
--------
*ea696e0ef6a30f87b827227a901e3c35*
`登陆天数: 9天 / 646天
等级: 130
石头: 4027
呼符: 200
体力: 14453.123333333333 / 138
友情点: 0 / 467860`
*連続ログイン2日目
※ログインが途切れるか、7日到達すると
1日目から再開されます*
`聖晶石 X 1
6月交換券(2024) X 1
`*カルデア・サマーアドベンチャー！ アンケート復刻版 開幕記念 ログインボーナス*
*開催期間中、1日1回 最大21回 ログインボーナスをプレゼント！*
`白銀の果実 X 1
`_2024-06-01 04:34:16_
--------
*e6ec277c95853f97cf392b7a24eccf22*
`登陆天数: 9天 / 646天
等级: 130
石头: 4009
呼符: 281
体力: 14453.15 / 138
友情点: 0 / 468055`
*連続ログイン2日目
※ログインが途切れるか、7日到達すると
1日目から再開されます*
`聖晶石 X 1
6月交換券(2024) X 1
`*カルデア・サマーアドベンチャー！ アンケート復刻版 開幕記念 ログインボーナス*
*開催期間中、1日1回 最大21回 ログインボーナスをプレゼント！*
`白銀の果実 X 1
`_2024-06-01 04:34:24_
--------
*bcf9f56e3289fe42920dc9e8e57d219d*
`登陆天数: 9天 / 647天
等级: 130
石头: 4010
呼符: 296
体力: 14453.176666666666 / 138
友情点: 0 / 465990`
*連続ログイン2日目
※ログインが途切れるか、7日到達すると
1日目から再開されます*
`聖晶石 X 1
6月交換券(2024) X 1
`*カルデア・サマーアドベンチャー！ アンケート復刻版 開幕記念 ログインボーナス*
*開催期間中、1日1回 最大21回 ログインボーナスをプレゼント！*
`白銀の果実 X 1
`_2024-06-01 04:34:32_
--------
*4439867a15aae8cefc8e7104456f376d*
`登陆天数: 9天 / 647天
等级: 130
石头: 4008
呼符: 253
体力: 14453.196666666667 / 138
友情点: 0 / 467120`
*連続ログイン2日目
※ログインが途切れるか、7日到達すると
1日目から再開されます*
`聖晶石 X 1
6月交換券(2024) X 1
`*カルデア・サマーアドベンチャー！ アンケート復刻版 開幕記念 ログインボーナス*
*開催期間中、1日1回 最大21回 ログインボーナスをプレゼント！*
`白銀の果実 X 1
`_2024-06-01 04:34:40_
--------
*c3c17076c764d027f160be54b59f25de*
`登陆天数: 9天 / 647天
等级: 130
石头: 4048
呼符: 237
体力: 14453.226666666667 / 138
友情点: 0 / 466650`
*連続ログイン2日目
※ログインが途切れるか、7日到達すると
1日目から再開されます*
`聖晶石 X 1
6月交換券(2024) X 1
`*カルデア・サマーアドベンチャー！ アンケート復刻版 開幕記念 ログインボーナス*
*開催期間中、1日1回 最大21回 ログインボーナスをプレゼント！*
`白銀の果実 X 1
`_2024-06-01 04:34:48_
--------
*a39bcce9016517b8c8148fdaab731f5a*
`登陆天数: 9天 / 647天
等级: 130
石头: 4007
呼符: 237
体力: 14453.253333333334 / 138
友情点: 0 / 467015`
*連続ログイン2日目
※ログインが途切れるか、7日到達すると
1日目から再開されます*
`聖晶石 X 1
6月交換券(2024) X 1
`*カルデア・サマーアドベンチャー！ アンケート復刻版 開幕記念 ログインボーナス*
*開催期間中、1日1回 最大21回 ログインボーナスをプレゼント！*
`白銀の果実 X 1
`_2024-06-01 04:34:56_
--------
*bf6c5a7a135ad67be1ce0978b9d0441f*
`登陆天数: 9天 / 646天
等级: 130
石头: 4008
呼符: 24
体力: 14453.28 / 138
友情点: 0 / 468905`
*連続ログイン2日目
※ログインが途切れるか、7日到達すると
1日目から再開されます*
`聖晶石 X 1
6月交換券(2024) X 1
`*カルデア・サマーアドベンチャー！ アンケート復刻版 開幕記念 ログインボーナス*
*開催期間中、1日1回 最大21回 ログインボーナスをプレゼント！*
`白銀の果実 X 1
`_2024-06-01 04:35:04_
--------
*ce59b1db1b4d7987523ee59ae90d76a5*
`登陆天数: 9天 / 647天
等级: 130
石头: 3965
呼符: 65
体力: 14453.306666666667 / 138
友情点: 0 / 468730`
*連続ログイン2日目
※ログインが途切れるか、7日到達すると
1日目から再開されます*
`聖晶石 X 1
6月交換券(2024) X 1
`*カルデア・サマーアドベンチャー！ アンケート復刻版 開幕記念 ログインボーナス*
*開催期間中、1日1回 最大21回 ログインボーナスをプレゼント！*
`白銀の果実 X 1
`_2024-06-01 04:35:11_
--------
*e1f040d20576ba77417e03d5644da34d*
`登陆天数: 9天 / 646天
等级: 130
石头: 4001
呼符: 318
体力: 14453.333333333334 / 138
友情点: 0 / 467885`
*連続ログイン2日目
※ログインが途切れるか、7日到達すると
1日目から再開されます*
`聖晶石 X 1
6月交換券(2024) X 1
`*カルデア・サマーアドベンチャー！ アンケート復刻版 開幕記念 ログインボーナス*
*開催期間中、1日1回 最大21回 ログインボーナスをプレゼント！*
`白銀の果実 X 1
`_2024-06-01 04:35:20_
--------
*815f9ef9597d7ec1aecee39f56b82665*
`登陆天数: 9天 / 647天
等级: 130
石头: 4023
呼符: 165
体力: 14453.356666666667 / 138
友情点: 0 / 467160`
*連続ログイン2日目
※ログインが途切れるか、7日到達すると
1日目から再開されます*
`聖晶石 X 1
6月交換券(2024) X 1
`*カルデア・サマーアドベンチャー！ アンケート復刻版 開幕記念 ログインボーナス*
*開催期間中、1日1回 最大21回 ログインボーナスをプレゼント！*
`白銀の果実 X 1
`_2024-06-01 04:35:27_
--------
*dea2da73829a40e8ba4b2cf0d6e0eb3c*
`登陆天数: 9天 / 647天
等级: 130
石头: 4001
呼符: 114
体力: 14453.386666666667 / 138
友情点: 0 / 465805`
*連続ログイン2日目
※ログインが途切れるか、7日到達すると
1日目から再開されます*
`聖晶石 X 1
6月交換券(2024) X 1
`*カルデア・サマーアドベンチャー！ アンケート復刻版 開幕記念 ログインボーナス*
*開催期間中、1日1回 最大21回 ログインボーナスをプレゼント！*
`白銀の果実 X 1
`_2024-06-01 04:35:35_
--------
*63236f2bd12bf4a40f6242f27524eb03*
`登陆天数: 9天 / 647天
等级: 130
石头: 4005
呼符: 25
体力: 14453.413333333334 / 138
友情点: 0 / 466335`
*連続ログイン2日目
※ログインが途切れるか、7日到達すると
1日目から再開されます*
`聖晶石 X 1
6月交換券(2024) X 1
`*カルデア・サマーアドベンチャー！ アンケート復刻版 開幕記念 ログインボーナス*
*開催期間中、1日1回 最大21回 ログインボーナスをプレゼント！*
`白銀の果実 X 1
`_2024-06-01 04:35:43_
--------
*41d052981db116e72a13ba2b292b2833*
`登陆天数: 9天 / 647天
等级: 130
石头: 4024
呼符: 231
体力: 14453.436666666666 / 138
友情点: 0 / 466540`
*連続ログイン2日目
※ログインが途切れるか、7日到達すると
1日目から再開されます*
`聖晶石 X 1
6月交換券(2024) X 1
`*カルデア・サマーアドベンチャー！ アンケート復刻版 開幕記念 ログインボーナス*
*開催期間中、1日1回 最大21回 ログインボーナスをプレゼント！*
`白銀の果実 X 1
`_2024-06-01 04:35:51_
--------
*e78d3162d44eb46724e7673377e4ffa8*
`登陆天数: 9天 / 647天
等级: 130
石头: 4010
呼符: 256
体力: 14453.463333333333 / 138
友情点: 0 / 466795`
*連続ログイン2日目
※ログインが途切れるか、7日到達すると
1日目から再開されます*
`聖晶石 X 1
6月交換券(2024) X 1
`*カルデア・サマーアドベンチャー！ アンケート復刻版 開幕記念 ログインボーナス*
*開催期間中、1日1回 最大21回 ログインボーナスをプレゼント！*
`白銀の果実 X 1
`_2024-06-01 04:35:59_
--------
*d7cf1da456096195fdc8f1865baf7d51*
`登陆天数: 9天 / 647天
等级: 130
石头: 4029
呼符: 315
体力: 14453.49 / 138
友情点: 0 / 467840`
*連続ログイン2日目
※ログインが途切れるか、7日到達すると
1日目から再開されます*
`聖晶石 X 1
6月交換券(2024) X 1
`*カルデア・サマーアドベンチャー！ アンケート復刻版 開幕記念 ログインボーナス*
*開催期間中、1日1回 最大21回 ログインボーナスをプレゼント！*
`白銀の果実 X 1
`_2024-06-01 04:36:06_
--------
*203769365292043322c1e89fac8a5581*
`登陆天数: 9天 / 646天
等级: 130
石头: 4023
呼符: 289
体力: 14453.516666666666 / 138
友情点: 0 / 468825`
*連続ログイン2日目
※ログインが途切れるか、7日到達すると
1日目から再開されます*
`聖晶石 X 1
6月交換券(2024) X 1
`*カルデア・サマーアドベンチャー！ アンケート復刻版 開幕記念 ログインボーナス*
*開催期間中、1日1回 最大21回 ログインボーナスをプレゼント！*
`白銀の果実 X 1
`_2024-06-01 04:36:14_
--------
*56cf6ced41bcdfa4da364bdbaff2beba*
`登陆天数: 9天 / 647天
等级: 130
石头: 4008
呼符: 229
体力: 14453.543333333333 / 138
友情点: 0 / 467205`
*連続ログイン2日目
※ログインが途切れるか、7日到達すると
1日目から再開されます*
`聖晶石 X 1
6月交換券(2024) X 1
`*カルデア・サマーアドベンチャー！ アンケート復刻版 開幕記念 ログインボーナス*
*開催期間中、1日1回 最大21回 ログインボーナスをプレゼント！*
`白銀の果実 X 1
`_2024-06-01 04:36:22_
--------
*4df28e0ed07472e9ad4d9f5573ab6fcb*
`登陆天数: 9天 / 647天
等级: 130
石头: 4007
呼符: 299
体力: 14453.566666666668 / 138
友情点: 0 / 466405`
*連続ログイン2日目
※ログインが途切れるか、7日到達すると
1日目から再開されます*
`聖晶石 X 1
6月交換券(2024) X 1
`*カルデア・サマーアドベンチャー！ アンケート復刻版 開幕記念 ログインボーナス*
*開催期間中、1日1回 最大21回 ログインボーナスをプレゼント！*
`白銀の果実 X 1
`_2024-06-01 04:36:30_
--------
