【登录信息】
*0cbc3364e79ab54b6b0d44e4c301101d*
`登陆天数: 10天 / 648天
等级: 130
石头: 4006
呼符: 321
体力: 14740.59 / 138
友情点: 0 / 466830`
*連続ログイン3日目
※ログインが途切れるか、7日到達すると
1日目から再開されます*
`叡智の業火 X 1
6月交換券(2024) X 1
`*カルデア・サマーアドベンチャー！ アンケート復刻版 開幕記念 ログインボーナス*
*開催期間中、1日1回 最大21回 ログインボーナスをプレゼント！*
`白銀の果実 X 1
`_2024-06-02 04:31:36_
--------
*468fee8af9c7b7eb08801b1d61f566fa*
`登陆天数: 10天 / 647天
等级: 130
石头: 4021
呼符: 299
体力: 14740.616666666667 / 138
友情点: 0 / 470090`
*連続ログイン3日目
※ログインが途切れるか、7日到達すると
1日目から再開されます*
`叡智の業火 X 1
6月交換券(2024) X 1
`*カルデア・サマーアドベンチャー！ アンケート復刻版 開幕記念 ログインボーナス*
*開催期間中、1日1回 最大21回 ログインボーナスをプレゼント！*
`白銀の果実 X 1
`_2024-06-02 04:31:44_
--------
*66d1ce392af9b66ac0f939c5e6bb98fe*
`登陆天数: 10天 / 648天
等级: 130
石头: 4028
呼符: 296
体力: 14740.643333333333 / 138
友情点: 0 / 468515`
*連続ログイン3日目
※ログインが途切れるか、7日到達すると
1日目から再開されます*
`叡智の業火 X 1
6月交換券(2024) X 1
`*カルデア・サマーアドベンチャー！ アンケート復刻版 開幕記念 ログインボーナス*
*開催期間中、1日1回 最大21回 ログインボーナスをプレゼント！*
`白銀の果実 X 1
`_2024-06-02 04:31:52_
--------
*5f66e86ea3f95f7d0c32acbd90a208f7*
`登陆天数: 10天 / 648天
等级: 130
石头: 4029
呼符: 293
体力: 14740.67 / 138
友情点: 0 / 465440`
*連続ログイン3日目
※ログインが途切れるか、7日到達すると
1日目から再開されます*
`叡智の業火 X 1
6月交換券(2024) X 1
`*カルデア・サマーアドベンチャー！ アンケート復刻版 開幕記念 ログインボーナス*
*開催期間中、1日1回 最大21回 ログインボーナスをプレゼント！*
`白銀の果実 X 1
`_2024-06-02 04:32:00_
--------
*a6ca2ab39a0602ed7c544bc2c8191049*
`登陆天数: 10天 / 648天
等级: 130
石头: 4032
呼符: 287
体力: 14740.693333333333 / 138
友情点: 0 / 466355`
*連続ログイン3日目
※ログインが途切れるか、7日到達すると
1日目から再開されます*
`叡智の業火 X 1
6月交換券(2024) X 1
`*カルデア・サマーアドベンチャー！ アンケート復刻版 開幕記念 ログインボーナス*
*開催期間中、1日1回 最大21回 ログインボーナスをプレゼント！*
`白銀の果実 X 1
`_2024-06-02 04:32:08_
--------
*92212256de5a6ad5dada2b0f168b65cd*
`登陆天数: 10天 / 647天
等级: 130
石头: 4004
呼符: 322
体力: 14740.723333333333 / 138
友情点: 0 / 468010`
*連続ログイン3日目
※ログインが途切れるか、7日到達すると
1日目から再開されます*
`叡智の業火 X 1
6月交換券(2024) X 1
`*カルデア・サマーアドベンチャー！ アンケート復刻版 開幕記念 ログインボーナス*
*開催期間中、1日1回 最大21回 ログインボーナスをプレゼント！*
`白銀の果実 X 1
`_2024-06-02 04:32:16_
--------
*b04ebf84e42f63b7f131c17ccdd285f6*
`登陆天数: 10天 / 647天
等级: 130
石头: 4006
呼符: 304
体力: 14740.746666666666 / 138
友情点: 0 / 469145`
*連続ログイン3日目
※ログインが途切れるか、7日到達すると
1日目から再開されます*
`叡智の業火 X 1
6月交換券(2024) X 1
`*カルデア・サマーアドベンチャー！ アンケート復刻版 開幕記念 ログインボーナス*
*開催期間中、1日1回 最大21回 ログインボーナスをプレゼント！*
`白銀の果実 X 1
`_2024-06-02 04:32:24_
--------
*e2b597b9d400eccc20b49da381e39f6e*
`登陆天数: 10天 / 647天
等级: 130
石头: 4007
呼符: 164
体力: 14740.773333333333 / 138
友情点: 0 / 467850`
*連続ログイン3日目
※ログインが途切れるか、7日到達すると
1日目から再開されます*
`叡智の業火 X 1
6月交換券(2024) X 1
`*カルデア・サマーアドベンチャー！ アンケート復刻版 開幕記念 ログインボーナス*
*開催期間中、1日1回 最大21回 ログインボーナスをプレゼント！*
`白銀の果実 X 1
`_2024-06-02 04:32:32_
--------
*4c5413a7eef342442ae1da5117a940a4*
`登陆天数: 10天 / 647天
等级: 130
石头: 4025
呼符: 312
体力: 14740.8 / 138
友情点: 0 / 467815`
*連続ログイン3日目
※ログインが途切れるか、7日到達すると
1日目から再開されます*
`叡智の業火 X 1
6月交換券(2024) X 1
`*カルデア・サマーアドベンチャー！ アンケート復刻版 開幕記念 ログインボーナス*
*開催期間中、1日1回 最大21回 ログインボーナスをプレゼント！*
`白銀の果実 X 1
`_2024-06-02 04:32:40_
--------
*e49ee443bc70e0377715d0df24f0fa7d*
`登陆天数: 10天 / 648天
等级: 130
石头: 4016
呼符: 152
体力: 14740.826666666666 / 138
友情点: 0 / 466595`
*連続ログイン3日目
※ログインが途切れるか、7日到達すると
1日目から再開されます*
`叡智の業火 X 1
6月交換券(2024) X 1
`*カルデア・サマーアドベンチャー！ アンケート復刻版 開幕記念 ログインボーナス*
*開催期間中、1日1回 最大21回 ログインボーナスをプレゼント！*
`白銀の果実 X 1
`_2024-06-02 04:32:47_
--------
*672244f3ba274053e34540fdf74a4f58*
`登陆天数: 10天 / 648天
等级: 130
石头: 4007
呼符: 317
体力: 14740.853333333333 / 138
友情点: 0 / 466425`
*連続ログイン3日目
※ログインが途切れるか、7日到達すると
1日目から再開されます*
`叡智の業火 X 1
6月交換券(2024) X 1
`*カルデア・サマーアドベンチャー！ アンケート復刻版 開幕記念 ログインボーナス*
*開催期間中、1日1回 最大21回 ログインボーナスをプレゼント！*
`白銀の果実 X 1
`_2024-06-02 04:32:55_
--------
*a5c02cc719cb7d0a6c30bb2bcdb8f7c5*
`登陆天数: 10天 / 647天
等级: 130
石头: 4029
呼符: 27
体力: 14740.88 / 138
友情点: 0 / 467395`
*連続ログイン3日目
※ログインが途切れるか、7日到達すると
1日目から再開されます*
`叡智の業火 X 1
6月交換券(2024) X 1
`*カルデア・サマーアドベンチャー！ アンケート復刻版 開幕記念 ログインボーナス*
*開催期間中、1日1回 最大21回 ログインボーナスをプレゼント！*
`白銀の果実 X 1
`_2024-06-02 04:33:03_
--------
*55207a55150be94f5800d72b52a43f0e*
`登陆天数: 10天 / 647天
等级: 130
石头: 4009
呼符: 291
体力: 14740.903333333334 / 138
友情点: 0 / 469130`
*連続ログイン3日目
※ログインが途切れるか、7日到達すると
1日目から再開されます*
`叡智の業火 X 1
6月交換券(2024) X 1
`*カルデア・サマーアドベンチャー！ アンケート復刻版 開幕記念 ログインボーナス*
*開催期間中、1日1回 最大21回 ログインボーナスをプレゼント！*
`白銀の果実 X 1
`_2024-06-02 04:33:11_
--------
*a592723df47e3199ab0353dc646b6791*
`登陆天数: 10天 / 647天
等级: 130
石头: 4031
呼符: 77
体力: 14740.93 / 138
友情点: 0 / 469650`
*連続ログイン3日目
※ログインが途切れるか、7日到達すると
1日目から再開されます*
`叡智の業火 X 1
6月交換券(2024) X 1
`*カルデア・サマーアドベンチャー！ アンケート復刻版 開幕記念 ログインボーナス*
*開催期間中、1日1回 最大21回 ログインボーナスをプレゼント！*
`白銀の果実 X 1
`_2024-06-02 04:33:19_
--------
*4159288e45b91b959d7eca0bf8b44f1d*
`登陆天数: 10天 / 648天
等级: 130
石头: 4017
呼符: 176
体力: 14740.956666666667 / 138
友情点: 0 / 466050`
*連続ログイン3日目
※ログインが途切れるか、7日到達すると
1日目から再開されます*
`叡智の業火 X 1
6月交換券(2024) X 1
`*カルデア・サマーアドベンチャー！ アンケート復刻版 開幕記念 ログインボーナス*
*開催期間中、1日1回 最大21回 ログインボーナスをプレゼント！*
`白銀の果実 X 1
`_2024-06-02 04:33:27_
--------
*a9ce844d652e4e1a1ae32f08533e7ee5*
`登陆天数: 10天 / 648天
等级: 130
石头: 4006
呼符: 323
体力: 14740.983333333334 / 138
友情点: 0 / 466990`
*連続ログイン3日目
※ログインが途切れるか、7日到達すると
1日目から再開されます*
`叡智の業火 X 1
6月交換券(2024) X 1
`*カルデア・サマーアドベンチャー！ アンケート復刻版 開幕記念 ログインボーナス*
*開催期間中、1日1回 最大21回 ログインボーナスをプレゼント！*
`白銀の果実 X 1
`_2024-06-02 04:33:35_
--------
*007ac2d6cef484bc48966d7b37599883*
`登陆天数: 10天 / 648天
等级: 130
石头: 4009
呼符: 294
体力: 14741.01 / 138
友情点: 0 / 466560`
*連続ログイン3日目
※ログインが途切れるか、7日到達すると
1日目から再開されます*
`叡智の業火 X 1
6月交換券(2024) X 1
`*カルデア・サマーアドベンチャー！ アンケート復刻版 開幕記念 ログインボーナス*
*開催期間中、1日1回 最大21回 ログインボーナスをプレゼント！*
`白銀の果実 X 1
`_2024-06-02 04:33:43_
--------
*6c016b6ca650abf7dcfd9259035296a5*
`登陆天数: 10天 / 648天
等级: 130
石头: 4002
呼符: 25
体力: 14741.036666666667 / 138
友情点: 0 / 466820`
*連続ログイン3日目
※ログインが途切れるか、7日到達すると
1日目から再開されます*
`叡智の業火 X 1
6月交換券(2024) X 1
`*カルデア・サマーアドベンチャー！ アンケート復刻版 開幕記念 ログインボーナス*
*開催期間中、1日1回 最大21回 ログインボーナスをプレゼント！*
`白銀の果実 X 1
`_2024-06-02 04:33:51_
--------
*d33aecbe8bcf1ed7f0e6da702cfff1a2*
`登陆天数: 10天 / 648天
等级: 130
石头: 3983
呼符: 231
体力: 14741.063333333334 / 138
友情点: 0 / 465825`
*連続ログイン3日目
※ログインが途切れるか、7日到達すると
1日目から再開されます*
`叡智の業火 X 1
6月交換券(2024) X 1
`*カルデア・サマーアドベンチャー！ アンケート復刻版 開幕記念 ログインボーナス*
*開催期間中、1日1回 最大21回 ログインボーナスをプレゼント！*
`白銀の果実 X 1
`_2024-06-02 04:33:58_
--------
*17bcd2052a6ec1866beae155fc484504*
`登陆天数: 10天 / 647天
等级: 130
石头: 4005
呼符: 184
体力: 14741.09 / 138
友情点: 0 / 469540`
*連続ログイン3日目
※ログインが途切れるか、7日到達すると
1日目から再開されます*
`叡智の業火 X 1
6月交換券(2024) X 1
`*カルデア・サマーアドベンチャー！ アンケート復刻版 開幕記念 ログインボーナス*
*開催期間中、1日1回 最大21回 ログインボーナスをプレゼント！*
`白銀の果実 X 1
`_2024-06-02 04:34:06_
--------
*d0ba28407e264ae54a87471870fe1221*
`登陆天数: 10天 / 647天
等级: 130
石头: 4025
呼符: 24
体力: 14741.113333333333 / 138
友情点: 0 / 469565`
*連続ログイン3日目
※ログインが途切れるか、7日到達すると
1日目から再開されます*
`叡智の業火 X 1
6月交換券(2024) X 1
`*カルデア・サマーアドベンチャー！ アンケート復刻版 開幕記念 ログインボーナス*
*開催期間中、1日1回 最大21回 ログインボーナスをプレゼント！*
`白銀の果実 X 1
`_2024-06-02 04:34:14_
--------
*2547230df974c766395c39ea1dcef0f1*
`登陆天数: 10天 / 648天
等级: 130
石头: 4019
呼符: 312
体力: 14741.14 / 138
友情点: 0 / 466485`
*連続ログイン3日目
※ログインが途切れるか、7日到達すると
1日目から再開されます*
`叡智の業火 X 1
6月交換券(2024) X 1
`*カルデア・サマーアドベンチャー！ アンケート復刻版 開幕記念 ログインボーナス*
*開催期間中、1日1回 最大21回 ログインボーナスをプレゼント！*
`白銀の果実 X 1
`_2024-06-02 04:34:22_
--------
*40c3ae23e191008699138f76d6e89e0c*
`登陆天数: 10天 / 647天
等级: 130
石头: 4004
呼符: 311
体力: 14741.166666666666 / 138
友情点: 0 / 467555`
*連続ログイン3日目
※ログインが途切れるか、7日到達すると
1日目から再開されます*
`叡智の業火 X 1
6月交換券(2024) X 1
`*カルデア・サマーアドベンチャー！ アンケート復刻版 開幕記念 ログインボーナス*
*開催期間中、1日1回 最大21回 ログインボーナスをプレゼント！*
`白銀の果実 X 1
`_2024-06-02 04:34:29_
--------
*43b141e62bc7edea968095e70f70e149*
`登陆天数: 10天 / 647天
等级: 130
石头: 4009
呼符: 294
体力: 14741.193333333333 / 138
友情点: 0 / 468035`
*連続ログイン3日目
※ログインが途切れるか、7日到達すると
1日目から再開されます*
`叡智の業火 X 1
6月交換券(2024) X 1
`*カルデア・サマーアドベンチャー！ アンケート復刻版 開幕記念 ログインボーナス*
*開催期間中、1日1回 最大21回 ログインボーナスをプレゼント！*
`白銀の果実 X 1
`_2024-06-02 04:34:37_
--------
*fa96a51e3723b115878686ea420b22b9*
`登陆天数: 10天 / 647天
等级: 130
石头: 3993
呼符: 252
体力: 14741.22 / 138
友情点: 0 / 468025`
*連続ログイン3日目
※ログインが途切れるか、7日到達すると
1日目から再開されます*
`叡智の業火 X 1
6月交換券(2024) X 1
`*カルデア・サマーアドベンチャー！ アンケート復刻版 開幕記念 ログインボーナス*
*開催期間中、1日1回 最大21回 ログインボーナスをプレゼント！*
`白銀の果実 X 1
`_2024-06-02 04:34:45_
--------
*4450f7c6ca0bc3f1b2e7d9ad0a765fb1*
`登陆天数: 10天 / 647天
等级: 130
石头: 4021
呼符: 216
体力: 14741.246666666666 / 138
友情点: 0 / 469460`
*連続ログイン3日目
※ログインが途切れるか、7日到達すると
1日目から再開されます*
`叡智の業火 X 1
6月交換券(2024) X 1
`*カルデア・サマーアドベンチャー！ アンケート復刻版 開幕記念 ログインボーナス*
*開催期間中、1日1回 最大21回 ログインボーナスをプレゼント！*
`白銀の果実 X 1
`_2024-06-02 04:34:53_
--------
*cdb790e946e1544d62bfe227ac4ad4f4*
`登陆天数: 10天 / 648天
等级: 130
石头: 4011
呼符: 287
体力: 14741.273333333333 / 138
友情点: 0 / 467495`
*連続ログイン3日目
※ログインが途切れるか、7日到達すると
1日目から再開されます*
`叡智の業火 X 1
6月交換券(2024) X 1
`*カルデア・サマーアドベンチャー！ アンケート復刻版 開幕記念 ログインボーナス*
*開催期間中、1日1回 最大21回 ログインボーナスをプレゼント！*
`白銀の果実 X 1
`_2024-06-02 04:35:01_
--------
*373b77034d0e5fb1cfb6671029da2f8a*
`登陆天数: 10天 / 647天
等级: 130
石头: 4002
呼符: 314
体力: 14741.296666666667 / 138
友情点: 0 / 471610`
*連続ログイン3日目
※ログインが途切れるか、7日到達すると
1日目から再開されます*
`叡智の業火 X 1
6月交換券(2024) X 1
`*カルデア・サマーアドベンチャー！ アンケート復刻版 開幕記念 ログインボーナス*
*開催期間中、1日1回 最大21回 ログインボーナスをプレゼント！*
`白銀の果実 X 1
`_2024-06-02 04:35:09_
--------
*0e0b373ba0390fda034ecfd287c6d191*
`登陆天数: 10天 / 648天
等级: 130
石头: 4001
呼符: 302
体力: 14741.323333333334 / 138
友情点: 0 / 467080`
*連続ログイン3日目
※ログインが途切れるか、7日到達すると
1日目から再開されます*
`叡智の業火 X 1
6月交換券(2024) X 1
`*カルデア・サマーアドベンチャー！ アンケート復刻版 開幕記念 ログインボーナス*
*開催期間中、1日1回 最大21回 ログインボーナスをプレゼント！*
`白銀の果実 X 1
`_2024-06-02 04:35:16_
--------
*6889791d1272b4e43053f6f4454b005d*
`登陆天数: 10天 / 647天
等级: 130
石头: 4007
呼符: 292
体力: 14741.35 / 138
友情点: 0 / 466895`
*連続ログイン3日目
※ログインが途切れるか、7日到達すると
1日目から再開されます*
`叡智の業火 X 1
6月交換券(2024) X 1
`*カルデア・サマーアドベンチャー！ アンケート復刻版 開幕記念 ログインボーナス*
*開催期間中、1日1回 最大21回 ログインボーナスをプレゼント！*
`白銀の果実 X 1
`_2024-06-02 04:35:24_
--------
*c46a376e3470f5f04763388807f84663*
`登陆天数: 10天 / 648天
等级: 130
石头: 4002
呼符: 152
体力: 14741.373333333333 / 138
友情点: 0 / 465895`
*連続ログイン3日目
※ログインが途切れるか、7日到達すると
1日目から再開されます*
`叡智の業火 X 1
6月交換券(2024) X 1
`*カルデア・サマーアドベンチャー！ アンケート復刻版 開幕記念 ログインボーナス*
*開催期間中、1日1回 最大21回 ログインボーナスをプレゼント！*
`白銀の果実 X 1
`_2024-06-02 04:35:32_
--------
*7f567968d385747c7735a4100922107e*
`登陆天数: 10天 / 647天
等级: 130
石头: 4005
呼符: 286
体力: 14741.403333333334 / 138
友情点: 0 / 468470`
*連続ログイン3日目
※ログインが途切れるか、7日到達すると
1日目から再開されます*
`叡智の業火 X 1
6月交換券(2024) X 1
`*カルデア・サマーアドベンチャー！ アンケート復刻版 開幕記念 ログインボーナス*
*開催期間中、1日1回 最大21回 ログインボーナスをプレゼント！*
`白銀の果実 X 1
`_2024-06-02 04:35:40_
--------
*ea696e0ef6a30f87b827227a901e3c35*
`登陆天数: 10天 / 647天
等级: 130
石头: 4027
呼符: 200
体力: 14741.43 / 138
友情点: 0 / 467860`
*連続ログイン3日目
※ログインが途切れるか、7日到達すると
1日目から再開されます*
`叡智の業火 X 1
6月交換券(2024) X 1
`*カルデア・サマーアドベンチャー！ アンケート復刻版 開幕記念 ログインボーナス*
*開催期間中、1日1回 最大21回 ログインボーナスをプレゼント！*
`白銀の果実 X 1
`_2024-06-02 04:35:48_
--------
*e6ec277c95853f97cf392b7a24eccf22*
`登陆天数: 10天 / 647天
等级: 130
石头: 4009
呼符: 281
体力: 14741.453333333333 / 138
友情点: 0 / 468055`
*連続ログイン3日目
※ログインが途切れるか、7日到達すると
1日目から再開されます*
`叡智の業火 X 1
6月交換券(2024) X 1
`*カルデア・サマーアドベンチャー！ アンケート復刻版 開幕記念 ログインボーナス*
*開催期間中、1日1回 最大21回 ログインボーナスをプレゼント！*
`白銀の果実 X 1
`_2024-06-02 04:35:56_
--------
*bcf9f56e3289fe42920dc9e8e57d219d*
`登陆天数: 10天 / 648天
等级: 130
石头: 4010
呼符: 296
体力: 14741.48 / 138
友情点: 0 / 465990`
*連続ログイン3日目
※ログインが途切れるか、7日到達すると
1日目から再開されます*
`叡智の業火 X 1
6月交換券(2024) X 1
`*カルデア・サマーアドベンチャー！ アンケート復刻版 開幕記念 ログインボーナス*
*開催期間中、1日1回 最大21回 ログインボーナスをプレゼント！*
`白銀の果実 X 1
`_2024-06-02 04:36:04_
--------
*4439867a15aae8cefc8e7104456f376d*
`登陆天数: 10天 / 648天
等级: 130
石头: 4008
呼符: 253
体力: 14741.503333333334 / 138
友情点: 0 / 467120`
*連続ログイン3日目
※ログインが途切れるか、7日到達すると
1日目から再開されます*
`叡智の業火 X 1
6月交換券(2024) X 1
`*カルデア・サマーアドベンチャー！ アンケート復刻版 開幕記念 ログインボーナス*
*開催期間中、1日1回 最大21回 ログインボーナスをプレゼント！*
`白銀の果実 X 1
`_2024-06-02 04:36:12_
--------
*c3c17076c764d027f160be54b59f25de*
`登陆天数: 10天 / 648天
等级: 130
石头: 4048
呼符: 237
体力: 14741.533333333333 / 138
友情点: 0 / 466650`
*連続ログイン3日目
※ログインが途切れるか、7日到達すると
1日目から再開されます*
`叡智の業火 X 1
6月交換券(2024) X 1
`*カルデア・サマーアドベンチャー！ アンケート復刻版 開幕記念 ログインボーナス*
*開催期間中、1日1回 最大21回 ログインボーナスをプレゼント！*
`白銀の果実 X 1
`_2024-06-02 04:36:19_
--------
*a39bcce9016517b8c8148fdaab731f5a*
`登陆天数: 10天 / 648天
等级: 130
石头: 4007
呼符: 237
体力: 14741.56 / 138
友情点: 0 / 467015`
*連続ログイン3日目
※ログインが途切れるか、7日到達すると
1日目から再開されます*
`叡智の業火 X 1
6月交換券(2024) X 1
`*カルデア・サマーアドベンチャー！ アンケート復刻版 開幕記念 ログインボーナス*
*開催期間中、1日1回 最大21回 ログインボーナスをプレゼント！*
`白銀の果実 X 1
`_2024-06-02 04:36:27_
--------
*bf6c5a7a135ad67be1ce0978b9d0441f*
`登陆天数: 10天 / 647天
等级: 130
石头: 4008
呼符: 24
体力: 14741.583333333334 / 138
友情点: 0 / 468905`
*連続ログイン3日目
※ログインが途切れるか、7日到達すると
1日目から再開されます*
`叡智の業火 X 1
6月交換券(2024) X 1
`*カルデア・サマーアドベンチャー！ アンケート復刻版 開幕記念 ログインボーナス*
*開催期間中、1日1回 最大21回 ログインボーナスをプレゼント！*
`白銀の果実 X 1
`_2024-06-02 04:36:35_
--------
*ce59b1db1b4d7987523ee59ae90d76a5*
`登陆天数: 10天 / 648天
等级: 130
石头: 3965
呼符: 65
体力: 14741.613333333333 / 138
友情点: 0 / 468730`
*連続ログイン3日目
※ログインが途切れるか、7日到達すると
1日目から再開されます*
`叡智の業火 X 1
6月交換券(2024) X 1
`*カルデア・サマーアドベンチャー！ アンケート復刻版 開幕記念 ログインボーナス*
*開催期間中、1日1回 最大21回 ログインボーナスをプレゼント！*
`白銀の果実 X 1
`_2024-06-02 04:36:43_
--------
*e1f040d20576ba77417e03d5644da34d*
`登陆天数: 10天 / 647天
等级: 130
石头: 4001
呼符: 318
体力: 14741.64 / 138
友情点: 0 / 467885`
*連続ログイン3日目
※ログインが途切れるか、7日到達すると
1日目から再開されます*
`叡智の業火 X 1
6月交換券(2024) X 1
`*カルデア・サマーアドベンチャー！ アンケート復刻版 開幕記念 ログインボーナス*
*開催期間中、1日1回 最大21回 ログインボーナスをプレゼント！*
`白銀の果実 X 1
`_2024-06-02 04:36:51_
--------
*815f9ef9597d7ec1aecee39f56b82665*
`登陆天数: 10天 / 648天
等级: 130
石头: 4023
呼符: 165
体力: 14741.66 / 138
友情点: 0 / 467160`
*連続ログイン3日目
※ログインが途切れるか、7日到達すると
1日目から再開されます*
`叡智の業火 X 1
6月交換券(2024) X 1
`*カルデア・サマーアドベンチャー！ アンケート復刻版 開幕記念 ログインボーナス*
*開催期間中、1日1回 最大21回 ログインボーナスをプレゼント！*
`白銀の果実 X 1
`_2024-06-02 04:36:59_
--------
*dea2da73829a40e8ba4b2cf0d6e0eb3c*
`登陆天数: 10天 / 648天
等级: 130
石头: 4001
呼符: 114
体力: 14741.69 / 138
友情点: 0 / 465805`
*連続ログイン3日目
※ログインが途切れるか、7日到達すると
1日目から再開されます*
`叡智の業火 X 1
6月交換券(2024) X 1
`*カルデア・サマーアドベンチャー！ アンケート復刻版 開幕記念 ログインボーナス*
*開催期間中、1日1回 最大21回 ログインボーナスをプレゼント！*
`白銀の果実 X 1
`_2024-06-02 04:37:07_
--------
*63236f2bd12bf4a40f6242f27524eb03*
`登陆天数: 10天 / 648天
等级: 130
石头: 4005
呼符: 25
体力: 14741.716666666667 / 138
友情点: 0 / 466335`
*連続ログイン3日目
※ログインが途切れるか、7日到達すると
1日目から再開されます*
`叡智の業火 X 1
6月交換券(2024) X 1
`*カルデア・サマーアドベンチャー！ アンケート復刻版 開幕記念 ログインボーナス*
*開催期間中、1日1回 最大21回 ログインボーナスをプレゼント！*
`白銀の果実 X 1
`_2024-06-02 04:37:14_
--------
*41d052981db116e72a13ba2b292b2833*
`登陆天数: 10天 / 648天
等级: 130
石头: 4024
呼符: 231
体力: 14741.743333333334 / 138
友情点: 0 / 466540`
*連続ログイン3日目
※ログインが途切れるか、7日到達すると
1日目から再開されます*
`叡智の業火 X 1
6月交換券(2024) X 1
`*カルデア・サマーアドベンチャー！ アンケート復刻版 開幕記念 ログインボーナス*
*開催期間中、1日1回 最大21回 ログインボーナスをプレゼント！*
`白銀の果実 X 1
`_2024-06-02 04:37:22_
--------
*e78d3162d44eb46724e7673377e4ffa8*
`登陆天数: 10天 / 648天
等级: 130
石头: 4010
呼符: 256
体力: 14741.77 / 138
友情点: 0 / 466795`
*連続ログイン3日目
※ログインが途切れるか、7日到達すると
1日目から再開されます*
`叡智の業火 X 1
6月交換券(2024) X 1
`*カルデア・サマーアドベンチャー！ アンケート復刻版 開幕記念 ログインボーナス*
*開催期間中、1日1回 最大21回 ログインボーナスをプレゼント！*
`白銀の果実 X 1
`_2024-06-02 04:37:30_
--------
*d7cf1da456096195fdc8f1865baf7d51*
`登陆天数: 10天 / 648天
等级: 130
石头: 4029
呼符: 315
体力: 14741.793333333333 / 138
友情点: 0 / 467840`
*連続ログイン3日目
※ログインが途切れるか、7日到達すると
1日目から再開されます*
`叡智の業火 X 1
6月交換券(2024) X 1
`*カルデア・サマーアドベンチャー！ アンケート復刻版 開幕記念 ログインボーナス*
*開催期間中、1日1回 最大21回 ログインボーナスをプレゼント！*
`白銀の果実 X 1
`_2024-06-02 04:37:38_
--------
*203769365292043322c1e89fac8a5581*
`登陆天数: 10天 / 647天
等级: 130
石头: 4023
呼符: 289
体力: 14741.82 / 138
友情点: 0 / 468825`
*連続ログイン3日目
※ログインが途切れるか、7日到達すると
1日目から再開されます*
`叡智の業火 X 1
6月交換券(2024) X 1
`*カルデア・サマーアドベンチャー！ アンケート復刻版 開幕記念 ログインボーナス*
*開催期間中、1日1回 最大21回 ログインボーナスをプレゼント！*
`白銀の果実 X 1
`_2024-06-02 04:37:46_
--------
*56cf6ced41bcdfa4da364bdbaff2beba*
`登陆天数: 10天 / 648天
等级: 130
石头: 4008
呼符: 229
体力: 14741.846666666666 / 138
友情点: 0 / 467205`
*連続ログイン3日目
※ログインが途切れるか、7日到達すると
1日目から再開されます*
`叡智の業火 X 1
6月交換券(2024) X 1
`*カルデア・サマーアドベンチャー！ アンケート復刻版 開幕記念 ログインボーナス*
*開催期間中、1日1回 最大21回 ログインボーナスをプレゼント！*
`白銀の果実 X 1
`_2024-06-02 04:37:54_
--------
*4df28e0ed07472e9ad4d9f5573ab6fcb*
`登陆天数: 10天 / 648天
等级: 130
石头: 4007
呼符: 299
体力: 14741.873333333333 / 138
友情点: 0 / 466405`
*連続ログイン3日目
※ログインが途切れるか、7日到達すると
1日目から再開されます*
`叡智の業火 X 1
6月交換券(2024) X 1
`*カルデア・サマーアドベンチャー！ アンケート復刻版 開幕記念 ログインボーナス*
*開催期間中、1日1回 最大21回 ログインボーナスをプレゼント！*
`白銀の果実 X 1
`_2024-06-02 04:38:02_
--------
