【登录信息】
*0cbc3364e79ab54b6b0d44e4c301101d*
`登陆天数: 17天 / 655天
等级: 130
石头: 4055
呼符: 330
体力: 12.920000000000002 / 138
友情点: 0 / 468830`
_2024-06-09 04:30:30_
--------
*468fee8af9c7b7eb08801b1d61f566fa*
`登陆天数: 17天 / 654天
等级: 130
石头: 4072
呼符: 308
体力: 12.88666666666667 / 138
友情点: 0 / 470090`
_2024-06-09 04:30:38_
--------
*66d1ce392af9b66ac0f939c5e6bb98fe*
`登陆天数: 17天 / 655天
等级: 130
石头: 4077
呼符: 305
体力: 12.849999999999994 / 138
友情点: 0 / 470515`
_2024-06-09 04:30:46_
--------
*5f66e86ea3f95f7d0c32acbd90a208f7*
`登陆天数: 17天 / 655天
等级: 130
石头: 4078
呼符: 302
体力: 12.819999999999993 / 138
友情点: 0 / 467440`
_2024-06-09 04:30:53_
--------
*a6ca2ab39a0602ed7c544bc2c8191049*
`登陆天数: 17天 / 655天
等级: 130
石头: 4081
呼符: 296
体力: 12.783333333333331 / 138
友情点: 0 / 468355`
_2024-06-09 04:31:01_
--------
*92212256de5a6ad5dada2b0f168b65cd*
`登陆天数: 17天 / 654天
等级: 130
石头: 4055
呼符: 331
体力: 12.75333333333333 / 138
友情点: 0 / 468010`
_2024-06-09 04:31:08_
--------
*b04ebf84e42f63b7f131c17ccdd285f6*
`登陆天数: 17天 / 654天
等级: 130
石头: 4057
呼符: 313
体力: 12.719999999999999 / 138
友情点: 0 / 469145`
_2024-06-09 04:31:16_
--------
*e2b597b9d400eccc20b49da381e39f6e*
`登陆天数: 17天 / 654天
等级: 130
石头: 4058
呼符: 173
体力: 12.689999999999998 / 138
友情点: 0 / 467850`
_2024-06-09 04:31:24_
--------
*4c5413a7eef342442ae1da5117a940a4*
`登陆天数: 17天 / 654天
等级: 130
石头: 4076
呼符: 321
体力: 12.656666666666666 / 138
友情点: 0 / 467815`
_2024-06-09 04:31:32_
--------
*e49ee443bc70e0377715d0df24f0fa7d*
`登陆天数: 17天 / 655天
等级: 130
石头: 4065
呼符: 161
体力: 12.626666666666665 / 138
友情点: 0 / 468595`
_2024-06-09 04:31:40_
--------
*672244f3ba274053e34540fdf74a4f58*
`登陆天数: 17天 / 655天
等级: 130
石头: 4056
呼符: 326
体力: 12.593333333333334 / 138
友情点: 0 / 468425`
_2024-06-09 04:31:47_
--------
*a5c02cc719cb7d0a6c30bb2bcdb8f7c5*
`登陆天数: 17天 / 654天
等级: 130
石头: 4080
呼符: 36
体力: 12.560000000000002 / 138
友情点: 0 / 467395`
_2024-06-09 04:31:55_
--------
*55207a55150be94f5800d72b52a43f0e*
`登陆天数: 17天 / 654天
等级: 130
石头: 4060
呼符: 300
体力: 12.530000000000001 / 138
友情点: 0 / 469130`
_2024-06-09 04:32:02_
--------
*a592723df47e3199ab0353dc646b6791*
`登陆天数: 17天 / 654天
等级: 130
石头: 4082
呼符: 86
体力: 12.49333333333334 / 138
友情点: 0 / 469650`
_2024-06-09 04:32:10_
--------
*4159288e45b91b959d7eca0bf8b44f1d*
`登陆天数: 17天 / 655天
等级: 130
石头: 4066
呼符: 185
体力: 12.463333333333338 / 138
友情点: 0 / 468050`
_2024-06-09 04:32:18_
--------
*a9ce844d652e4e1a1ae32f08533e7ee5*
`登陆天数: 17天 / 655天
等级: 130
石头: 4055
呼符: 332
体力: 12.433333333333337 / 138
友情点: 0 / 468990`
_2024-06-09 04:32:25_
--------
*007ac2d6cef484bc48966d7b37599883*
`登陆天数: 17天 / 655天
等级: 130
石头: 4058
呼符: 303
体力: 12.396666666666661 / 138
友情点: 0 / 468560`
_2024-06-09 04:32:33_
--------
*6c016b6ca650abf7dcfd9259035296a5*
`登陆天数: 17天 / 655天
等级: 130
石头: 4051
呼符: 34
体力: 12.36333333333333 / 138
友情点: 0 / 468820`
_2024-06-09 04:32:41_
--------
*d33aecbe8bcf1ed7f0e6da702cfff1a2*
`登陆天数: 17天 / 655天
等级: 130
石头: 4032
呼符: 240
体力: 12.333333333333329 / 138
友情点: 0 / 467825`
_2024-06-09 04:32:49_
--------
*17bcd2052a6ec1866beae155fc484504*
`登陆天数: 17天 / 654天
等级: 130
石头: 4056
呼符: 193
体力: 12.299999999999997 / 138
友情点: 0 / 469540`
_2024-06-09 04:32:56_
--------
*d0ba28407e264ae54a87471870fe1221*
`登陆天数: 17天 / 654天
等级: 130
石头: 4076
呼符: 33
体力: 12.269999999999996 / 138
友情点: 0 / 469565`
_2024-06-09 04:33:04_
--------
*2547230df974c766395c39ea1dcef0f1*
`登陆天数: 17天 / 655天
等级: 130
石头: 4068
呼符: 321
体力: 12.233333333333334 / 138
友情点: 0 / 468485`
_2024-06-09 04:33:12_
--------
*40c3ae23e191008699138f76d6e89e0c*
`登陆天数: 17天 / 654天
等级: 130
石头: 4055
呼符: 320
体力: 12.203333333333333 / 138
友情点: 0 / 467555`
_2024-06-09 04:33:20_
--------
*43b141e62bc7edea968095e70f70e149*
`登陆天数: 17天 / 654天
等级: 130
石头: 4060
呼符: 303
体力: 12.170000000000002 / 138
友情点: 0 / 468035`
_2024-06-09 04:33:28_
--------
*fa96a51e3723b115878686ea420b22b9*
`登陆天数: 17天 / 654天
等级: 130
石头: 4044
呼符: 261
体力: 12.14 / 138
友情点: 0 / 468025`
_2024-06-09 04:33:36_
--------
*4450f7c6ca0bc3f1b2e7d9ad0a765fb1*
`登陆天数: 17天 / 654天
等级: 130
石头: 4072
呼符: 225
体力: 12.11 / 138
友情点: 0 / 469460`
_2024-06-09 04:33:43_
--------
*cdb790e946e1544d62bfe227ac4ad4f4*
`登陆天数: 17天 / 655天
等级: 130
石头: 4060
呼符: 296
体力: 12.073333333333338 / 138
友情点: 0 / 469495`
_2024-06-09 04:33:51_
--------
*373b77034d0e5fb1cfb6671029da2f8a*
`登陆天数: 17天 / 654天
等级: 130
石头: 4053
呼符: 323
体力: 12.043333333333337 / 138
友情点: 0 / 471610`
_2024-06-09 04:33:59_
--------
*0e0b373ba0390fda034ecfd287c6d191*
`登陆天数: 17天 / 655天
等级: 130
石头: 4050
呼符: 311
体力: 12.013333333333335 / 138
友情点: 0 / 469080`
_2024-06-09 04:34:06_
--------
*6889791d1272b4e43053f6f4454b005d*
`登陆天数: 17天 / 654天
等级: 130
石头: 4058
呼符: 301
体力: 11.983333333333334 / 138
友情点: 0 / 466895`
_2024-06-09 04:34:14_
--------
*c46a376e3470f5f04763388807f84663*
`登陆天数: 17天 / 655天
等级: 130
石头: 4051
呼符: 161
体力: 11.950000000000003 / 138
友情点: 0 / 467895`
_2024-06-09 04:34:22_
--------
*7f567968d385747c7735a4100922107e*
`登陆天数: 17天 / 654天
等级: 130
石头: 4056
呼符: 295
体力: 11.920000000000002 / 138
友情点: 0 / 468470`
_2024-06-09 04:34:30_
--------
*ea696e0ef6a30f87b827227a901e3c35*
`登陆天数: 17天 / 654天
等级: 130
石头: 4078
呼符: 209
体力: 11.88666666666667 / 138
友情点: 0 / 467860`
_2024-06-09 04:34:38_
--------
*e6ec277c95853f97cf392b7a24eccf22*
`登陆天数: 17天 / 654天
等级: 130
石头: 4060
呼符: 290
体力: 11.853333333333339 / 138
友情点: 0 / 468055`
_2024-06-09 04:34:45_
--------
*bcf9f56e3289fe42920dc9e8e57d219d*
`登陆天数: 17天 / 655天
等级: 130
石头: 4059
呼符: 305
体力: 11.823333333333338 / 138
友情点: 0 / 467990`
_2024-06-09 04:34:53_
--------
*4439867a15aae8cefc8e7104456f376d*
`登陆天数: 17天 / 655天
等级: 130
石头: 4057
呼符: 262
体力: 11.786666666666662 / 138
友情点: 0 / 469120`
_2024-06-09 04:35:01_
--------
*c3c17076c764d027f160be54b59f25de*
`登陆天数: 17天 / 655天
等级: 130
石头: 4097
呼符: 246
体力: 11.75666666666666 / 138
友情点: 0 / 468650`
_2024-06-09 04:35:09_
--------
*a39bcce9016517b8c8148fdaab731f5a*
`登陆天数: 17天 / 655天
等级: 130
石头: 4056
呼符: 246
体力: 11.72333333333333 / 138
友情点: 0 / 469015`
_2024-06-09 04:35:16_
--------
*bf6c5a7a135ad67be1ce0978b9d0441f*
`登陆天数: 17天 / 654天
等级: 130
石头: 4059
呼符: 33
体力: 11.689999999999998 / 138
友情点: 0 / 468905`
_2024-06-09 04:35:24_
--------
*ce59b1db1b4d7987523ee59ae90d76a5*
`登陆天数: 17天 / 655天
等级: 130
石头: 4014
呼符: 74
体力: 11.656666666666666 / 138
友情点: 0 / 470730`
_2024-06-09 04:35:32_
--------
*e1f040d20576ba77417e03d5644da34d*
`登陆天数: 17天 / 654天
等级: 130
石头: 4052
呼符: 327
体力: 11.626666666666665 / 138
友情点: 0 / 467885`
_2024-06-09 04:35:40_
--------
*815f9ef9597d7ec1aecee39f56b82665*
`登陆天数: 17天 / 655天
等级: 130
石头: 4072
呼符: 174
体力: 11.596666666666664 / 138
友情点: 0 / 469160`
_2024-06-09 04:35:47_
--------
*dea2da73829a40e8ba4b2cf0d6e0eb3c*
`登陆天数: 17天 / 655天
等级: 130
石头: 4050
呼符: 123
体力: 11.563333333333333 / 138
友情点: 0 / 467805`
_2024-06-09 04:35:55_
--------
*63236f2bd12bf4a40f6242f27524eb03*
`登陆天数: 17天 / 655天
等级: 130
石头: 4054
呼符: 34
体力: 11.530000000000001 / 138
友情点: 0 / 468335`
_2024-06-09 04:36:03_
--------
*41d052981db116e72a13ba2b292b2833*
`登陆天数: 17天 / 655天
等级: 130
石头: 4073
呼符: 240
体力: 11.5 / 138
友情点: 0 / 468540`
_2024-06-09 04:36:11_
--------
*e78d3162d44eb46724e7673377e4ffa8*
`登陆天数: 17天 / 655天
等级: 130
石头: 4059
呼符: 265
体力: 11.466666666666669 / 138
友情点: 0 / 468795`
_2024-06-09 04:36:18_
--------
*d7cf1da456096195fdc8f1865baf7d51*
`登陆天数: 17天 / 655天
等级: 130
石头: 4078
呼符: 324
体力: 11.433333333333337 / 138
友情点: 0 / 469840`
_2024-06-09 04:36:26_
--------
*203769365292043322c1e89fac8a5581*
`登陆天数: 17天 / 654天
等级: 130
石头: 4074
呼符: 298
体力: 11.400000000000006 / 138
友情点: 0 / 468825`
_2024-06-09 04:36:33_
--------
*56cf6ced41bcdfa4da364bdbaff2beba*
`登陆天数: 17天 / 655天
等级: 130
石头: 4057
呼符: 238
体力: 11.370000000000005 / 138
友情点: 0 / 469205`
_2024-06-09 04:36:41_
--------
*4df28e0ed07472e9ad4d9f5573ab6fcb*
`登陆天数: 17天 / 655天
等级: 130
石头: 4007
呼符: 299
体力: 16757.63 / 138
友情点: 0 / 466405`
_2024-06-09 04:36:49_
--------
