【登录信息】
*0cbc3364e79ab54b6b0d44e4c301101d*
`登陆天数: 18天 / 656天
等级: 130
石头: 4056
呼符: 330
体力: 21.810000000000002 / 138
友情点: 0 / 462830`
_2024-06-10 04:34:58_
--------
*468fee8af9c7b7eb08801b1d61f566fa*
`登陆天数: 18天 / 655天
等级: 130
石头: 4073
呼符: 308
体力: 21.77666666666667 / 138
友情点: 0 / 464090`
_2024-06-10 04:35:05_
--------
*66d1ce392af9b66ac0f939c5e6bb98fe*
`登陆天数: 18天 / 656天
等级: 130
石头: 4078
呼符: 305
体力: 21.74333333333334 / 138
友情点: 0 / 464515`
_2024-06-10 04:35:13_
--------
*5f66e86ea3f95f7d0c32acbd90a208f7*
`登陆天数: 18天 / 656天
等级: 130
石头: 4079
呼符: 302
体力: 21.71333333333334 / 138
友情点: 0 / 461440`
_2024-06-10 04:35:21_
--------
*a6ca2ab39a0602ed7c544bc2c8191049*
`登陆天数: 18天 / 656天
等级: 130
石头: 4082
呼符: 296
体力: 21.680000000000007 / 138
友情点: 0 / 462355`
_2024-06-10 04:35:29_
--------
*92212256de5a6ad5dada2b0f168b65cd*
`登陆天数: 18天 / 655天
等级: 130
石头: 4056
呼符: 331
体力: 21.650000000000006 / 138
友情点: 0 / 462010`
_2024-06-10 04:35:37_
--------
*b04ebf84e42f63b7f131c17ccdd285f6*
`登陆天数: 18天 / 655天
等级: 130
石头: 4058
呼符: 313
体力: 21.620000000000005 / 138
友情点: 0 / 463145`
_2024-06-10 04:35:45_
--------
*e2b597b9d400eccc20b49da381e39f6e*
`登陆天数: 18天 / 655天
等级: 130
石头: 4059
呼符: 173
体力: 21.586666666666673 / 138
友情点: 0 / 461850`
_2024-06-10 04:35:53_
--------
*4c5413a7eef342442ae1da5117a940a4*
`登陆天数: 18天 / 655天
等级: 130
石头: 4077
呼符: 321
体力: 21.553333333333327 / 138
友情点: 0 / 461815`
_2024-06-10 04:36:01_
--------
*e49ee443bc70e0377715d0df24f0fa7d*
`登陆天数: 18天 / 656天
等级: 130
石头: 4066
呼符: 161
体力: 21.523333333333326 / 138
友情点: 0 / 462595`
_2024-06-10 04:36:09_
--------
*672244f3ba274053e34540fdf74a4f58*
`登陆天数: 18天 / 656天
等级: 130
石头: 4057
呼符: 326
体力: 21.489999999999995 / 138
友情点: 0 / 462425`
_2024-06-10 04:36:16_
--------
*a5c02cc719cb7d0a6c30bb2bcdb8f7c5*
`登陆天数: 18天 / 655天
等级: 130
石头: 4081
呼符: 36
体力: 21.459999999999994 / 138
友情点: 0 / 461395`
_2024-06-10 04:36:24_
--------
*55207a55150be94f5800d72b52a43f0e*
`登陆天数: 18天 / 655天
等级: 130
石头: 4061
呼符: 300
体力: 21.430000000000007 / 138
友情点: 0 / 463130`
_2024-06-10 04:36:32_
--------
*a592723df47e3199ab0353dc646b6791*
`登陆天数: 18天 / 655天
等级: 130
石头: 4083
呼符: 86
体力: 21.39666666666666 / 138
友情点: 0 / 463650`
_2024-06-10 04:36:40_
--------
*4159288e45b91b959d7eca0bf8b44f1d*
`登陆天数: 18天 / 656天
等级: 130
石头: 4067
呼符: 185
体力: 21.36666666666666 / 138
友情点: 0 / 462050`
_2024-06-10 04:36:48_
--------
*a9ce844d652e4e1a1ae32f08533e7ee5*
`登陆天数: 18天 / 656天
等级: 130
石头: 4056
呼符: 332
体力: 21.336666666666673 / 138
友情点: 0 / 462990`
_2024-06-10 04:36:57_
--------
*007ac2d6cef484bc48966d7b37599883*
`登陆天数: 18天 / 656天
等级: 130
石头: 4059
呼符: 303
体力: 21.306666666666672 / 138
友情点: 0 / 462560`
_2024-06-10 04:37:05_
--------
*6c016b6ca650abf7dcfd9259035296a5*
`登陆天数: 18天 / 656天
等级: 130
石头: 4052
呼符: 34
体力: 21.273333333333326 / 138
友情点: 0 / 462820`
_2024-06-10 04:37:13_
--------
*d33aecbe8bcf1ed7f0e6da702cfff1a2*
`登陆天数: 18天 / 656天
等级: 130
石头: 4033
呼符: 240
体力: 21.239999999999995 / 138
友情点: 0 / 461825`
_2024-06-10 04:37:21_
--------
*17bcd2052a6ec1866beae155fc484504*
`登陆天数: 18天 / 655天
等级: 130
石头: 4057
呼符: 193
体力: 21.206666666666663 / 138
友情点: 0 / 463540`
_2024-06-10 04:37:29_
--------
*d0ba28407e264ae54a87471870fe1221*
`登陆天数: 18天 / 655天
等级: 130
石头: 4077
呼符: 33
体力: 21.176666666666662 / 138
友情点: 0 / 463565`
_2024-06-10 04:37:37_
--------
*2547230df974c766395c39ea1dcef0f1*
`登陆天数: 18天 / 656天
等级: 130
石头: 4069
呼符: 321
体力: 21.14333333333333 / 138
友情点: 0 / 462485`
_2024-06-10 04:37:45_
--------
*40c3ae23e191008699138f76d6e89e0c*
`登陆天数: 18天 / 655天
等级: 130
石头: 4056
呼符: 320
体力: 21.11333333333333 / 138
友情点: 0 / 461555`
_2024-06-10 04:37:53_
--------
*43b141e62bc7edea968095e70f70e149*
`登陆天数: 18天 / 655天
等级: 130
石头: 4061
呼符: 303
体力: 21.08 / 138
友情点: 0 / 462035`
_2024-06-10 04:38:01_
--------
*fa96a51e3723b115878686ea420b22b9*
`登陆天数: 18天 / 655天
等级: 130
石头: 4045
呼符: 261
体力: 21.049999999999997 / 138
友情点: 0 / 462025`
_2024-06-10 04:38:08_
--------
*4450f7c6ca0bc3f1b2e7d9ad0a765fb1*
`登陆天数: 18天 / 655天
等级: 130
石头: 4073
呼符: 225
体力: 21.019999999999996 / 138
友情点: 0 / 463460`
_2024-06-10 04:38:16_
--------
*cdb790e946e1544d62bfe227ac4ad4f4*
`登陆天数: 18天 / 656天
等级: 130
石头: 4061
呼符: 296
体力: 20.983333333333334 / 138
友情点: 0 / 463495`
_2024-06-10 04:38:24_
--------
*373b77034d0e5fb1cfb6671029da2f8a*
`登陆天数: 18天 / 655天
等级: 130
石头: 4054
呼符: 323
体力: 20.953333333333333 / 138
友情点: 0 / 465610`
_2024-06-10 04:38:32_
--------
*0e0b373ba0390fda034ecfd287c6d191*
`登陆天数: 18天 / 656天
等级: 130
石头: 4051
呼符: 311
体力: 20.923333333333332 / 138
友情点: 0 / 463080`
_2024-06-10 04:38:40_
--------
*6889791d1272b4e43053f6f4454b005d*
`登陆天数: 18天 / 655天
等级: 130
石头: 4059
呼符: 301
体力: 20.89333333333333 / 138
友情点: 0 / 460895`
_2024-06-10 04:38:48_
--------
*c46a376e3470f5f04763388807f84663*
`登陆天数: 18天 / 656天
等级: 130
石头: 4052
呼符: 161
体力: 20.86333333333333 / 138
友情点: 0 / 461895`
_2024-06-10 04:38:56_
--------
*7f567968d385747c7735a4100922107e*
`登陆天数: 18天 / 655天
等级: 130
石头: 4057
呼符: 295
体力: 20.83333333333333 / 138
友情点: 0 / 462470`
_2024-06-10 04:39:03_
--------
*ea696e0ef6a30f87b827227a901e3c35*
`登陆天数: 18天 / 655天
等级: 130
石头: 4079
呼符: 209
体力: 20.799999999999997 / 138
友情点: 0 / 461860`
_2024-06-10 04:39:12_
--------
*e6ec277c95853f97cf392b7a24eccf22*
`登陆天数: 18天 / 655天
等级: 130
石头: 4061
呼符: 290
体力: 20.766666666666666 / 138
友情点: 0 / 462055`
_2024-06-10 04:39:19_
--------
*bcf9f56e3289fe42920dc9e8e57d219d*
`登陆天数: 18天 / 656天
等级: 130
石头: 4060
呼符: 305
体力: 20.736666666666665 / 138
友情点: 0 / 461990`
_2024-06-10 04:39:27_
--------
*4439867a15aae8cefc8e7104456f376d*
`登陆天数: 18天 / 656天
等级: 130
石头: 4058
呼符: 262
体力: 20.703333333333333 / 138
友情点: 0 / 463120`
_2024-06-10 04:39:35_
--------
*c3c17076c764d027f160be54b59f25de*
`登陆天数: 18天 / 656天
等级: 130
石头: 4098
呼符: 246
体力: 20.67 / 138
友情点: 0 / 462650`
_2024-06-10 04:39:43_
--------
*a39bcce9016517b8c8148fdaab731f5a*
`登陆天数: 18天 / 656天
等级: 130
石头: 4057
呼符: 246
体力: 20.63666666666667 / 138
友情点: 0 / 463015`
_2024-06-10 04:39:51_
--------
*bf6c5a7a135ad67be1ce0978b9d0441f*
`登陆天数: 18天 / 655天
等级: 130
石头: 4060
呼符: 33
体力: 20.60666666666667 / 138
友情点: 0 / 462905`
_2024-06-10 04:39:58_
--------
*ce59b1db1b4d7987523ee59ae90d76a5*
`登陆天数: 18天 / 656天
等级: 130
石头: 4015
呼符: 74
体力: 20.573333333333338 / 138
友情点: 0 / 464730`
_2024-06-10 04:40:07_
--------
*e1f040d20576ba77417e03d5644da34d*
`登陆天数: 18天 / 655天
等级: 130
石头: 4053
呼符: 327
体力: 20.543333333333337 / 138
友情点: 0 / 461885`
_2024-06-10 04:40:15_
--------
*815f9ef9597d7ec1aecee39f56b82665*
`登陆天数: 18天 / 656天
等级: 130
石头: 4073
呼符: 174
体力: 20.513333333333335 / 138
友情点: 0 / 463160`
_2024-06-10 04:40:22_
--------
*dea2da73829a40e8ba4b2cf0d6e0eb3c*
`登陆天数: 18天 / 656天
等级: 130
石头: 4051
呼符: 123
体力: 20.480000000000004 / 138
友情点: 0 / 461805`
_2024-06-10 04:40:30_
--------
*63236f2bd12bf4a40f6242f27524eb03*
`登陆天数: 18天 / 656天
等级: 130
石头: 4055
呼符: 34
体力: 20.450000000000003 / 138
友情点: 0 / 462335`
_2024-06-10 04:40:38_
--------
*41d052981db116e72a13ba2b292b2833*
`登陆天数: 18天 / 656天
等级: 130
石头: 4074
呼符: 240
体力: 20.42 / 138
友情点: 0 / 462540`
_2024-06-10 04:40:46_
--------
*e78d3162d44eb46724e7673377e4ffa8*
`登陆天数: 18天 / 656天
等级: 130
石头: 4060
呼符: 265
体力: 20.38666666666667 / 138
友情点: 0 / 462795`
_2024-06-10 04:40:54_
--------
*d7cf1da456096195fdc8f1865baf7d51*
`登陆天数: 18天 / 656天
等级: 130
石头: 4079
呼符: 324
体力: 20.35666666666667 / 138
友情点: 0 / 463840`
_2024-06-10 04:41:03_
--------
*203769365292043322c1e89fac8a5581*
`登陆天数: 18天 / 655天
等级: 130
石头: 4075
呼符: 298
体力: 20.323333333333338 / 138
友情点: 0 / 462825`
_2024-06-10 04:41:10_
--------
*56cf6ced41bcdfa4da364bdbaff2beba*
`登陆天数: 18天 / 656天
等级: 130
石头: 4058
呼符: 238
体力: 20.293333333333337 / 138
友情点: 0 / 463205`
_2024-06-10 04:41:19_
--------
*4df28e0ed07472e9ad4d9f5573ab6fcb*
`登陆天数: 18天 / 656天
等级: 130
石头: 4007
呼符: 299
体力: 17046.556666666667 / 138
友情点: 0 / 466405`
_2024-06-10 04:41:26_
--------
