【登录信息】
*0cbc3364e79ab54b6b0d44e4c301101d*
`登陆天数: 19天 / 657天
等级: 130
石头: 4056
呼符: 330
体力: 29.516666666666666 / 138
友情点: 0 / 456830`
_2024-06-11 04:33:29_
--------
*468fee8af9c7b7eb08801b1d61f566fa*
`登陆天数: 19天 / 656天
等级: 130
石头: 4073
呼符: 308
体力: 29.480000000000004 / 138
友情点: 0 / 458090`
_2024-06-11 04:33:37_
--------
*66d1ce392af9b66ac0f939c5e6bb98fe*
`登陆天数: 19天 / 657天
等级: 130
石头: 4078
呼符: 305
体力: 29.446666666666673 / 138
友情点: 0 / 458515`
_2024-06-11 04:33:44_
--------
*5f66e86ea3f95f7d0c32acbd90a208f7*
`登陆天数: 19天 / 657天
等级: 130
石头: 4079
呼符: 302
体力: 29.413333333333327 / 138
友情点: 0 / 455440`
_2024-06-11 04:33:52_
--------
*a6ca2ab39a0602ed7c544bc2c8191049*
`登陆天数: 19天 / 657天
等级: 130
石头: 4082
呼符: 296
体力: 29.379999999999995 / 138
友情点: 0 / 456355`
_2024-06-11 04:33:59_
--------
*92212256de5a6ad5dada2b0f168b65cd*
`登陆天数: 19天 / 656天
等级: 130
石头: 4056
呼符: 331
体力: 29.346666666666664 / 138
友情点: 0 / 456010`
_2024-06-11 04:34:07_
--------
*b04ebf84e42f63b7f131c17ccdd285f6*
`登陆天数: 19天 / 656天
等级: 130
石头: 4058
呼符: 313
体力: 29.316666666666663 / 138
友情点: 0 / 457145`
_2024-06-11 04:34:14_
--------
*e2b597b9d400eccc20b49da381e39f6e*
`登陆天数: 19天 / 656天
等级: 130
石头: 4059
呼符: 173
体力: 29.28333333333333 / 138
友情点: 0 / 455850`
_2024-06-11 04:34:22_
--------
*4c5413a7eef342442ae1da5117a940a4*
`登陆天数: 19天 / 656天
等级: 130
石头: 4077
呼符: 321
体力: 29.25 / 138
友情点: 0 / 455815`
_2024-06-11 04:34:30_
--------
*e49ee443bc70e0377715d0df24f0fa7d*
`登陆天数: 19天 / 657天
等级: 130
石头: 4066
呼符: 161
体力: 29.21666666666667 / 138
友情点: 0 / 456595`
_2024-06-11 04:34:37_
--------
*672244f3ba274053e34540fdf74a4f58*
`登陆天数: 19天 / 657天
等级: 130
石头: 4057
呼符: 326
体力: 29.183333333333337 / 138
友情点: 0 / 456425`
_2024-06-11 04:34:45_
--------
*a5c02cc719cb7d0a6c30bb2bcdb8f7c5*
`登陆天数: 19天 / 656天
等级: 130
石头: 4081
呼符: 36
体力: 29.150000000000006 / 138
友情点: 0 / 455395`
_2024-06-11 04:34:52_
--------
*55207a55150be94f5800d72b52a43f0e*
`登陆天数: 19天 / 656天
等级: 130
石头: 4061
呼符: 300
体力: 29.120000000000005 / 138
友情点: 0 / 457130`
_2024-06-11 04:35:00_
--------
*a592723df47e3199ab0353dc646b6791*
`登陆天数: 19天 / 656天
等级: 130
石头: 4083
呼符: 86
体力: 29.08333333333333 / 138
友情点: 0 / 457650`
_2024-06-11 04:35:07_
--------
*4159288e45b91b959d7eca0bf8b44f1d*
`登陆天数: 19天 / 657天
等级: 130
石头: 4067
呼符: 185
体力: 29.053333333333327 / 138
友情点: 0 / 456050`
_2024-06-11 04:35:15_
--------
*a9ce844d652e4e1a1ae32f08533e7ee5*
`登陆天数: 19天 / 657天
等级: 130
石头: 4056
呼符: 332
体力: 29.023333333333326 / 138
友情点: 0 / 456990`
_2024-06-11 04:35:22_
--------
*007ac2d6cef484bc48966d7b37599883*
`登陆天数: 19天 / 657天
等级: 130
石头: 4059
呼符: 303
体力: 28.986666666666665 / 138
友情点: 0 / 456560`
_2024-06-11 04:35:30_
--------
*6c016b6ca650abf7dcfd9259035296a5*
`登陆天数: 19天 / 657天
等级: 130
石头: 4052
呼符: 34
体力: 28.953333333333333 / 138
友情点: 0 / 456820`
_2024-06-11 04:35:37_
--------
*d33aecbe8bcf1ed7f0e6da702cfff1a2*
`登陆天数: 19天 / 657天
等级: 130
石头: 4033
呼符: 240
体力: 28.92 / 138
友情点: 0 / 455825`
_2024-06-11 04:35:45_
--------
*17bcd2052a6ec1866beae155fc484504*
`登陆天数: 19天 / 656天
等级: 130
石头: 4057
呼符: 193
体力: 28.88666666666667 / 138
友情点: 0 / 457540`
_2024-06-11 04:35:53_
--------
*d0ba28407e264ae54a87471870fe1221*
`登陆天数: 19天 / 656天
等级: 130
石头: 4077
呼符: 33
体力: 28.85666666666667 / 138
友情点: 0 / 457565`
_2024-06-11 04:36:00_
--------
*2547230df974c766395c39ea1dcef0f1*
`登陆天数: 19天 / 657天
等级: 130
石头: 4069
呼符: 321
体力: 28.819999999999993 / 138
友情点: 0 / 456485`
_2024-06-11 04:36:08_
--------
*40c3ae23e191008699138f76d6e89e0c*
`登陆天数: 19天 / 656天
等级: 130
石头: 4056
呼符: 320
体力: 28.790000000000006 / 138
友情点: 0 / 455555`
_2024-06-11 04:36:15_
--------
*43b141e62bc7edea968095e70f70e149*
`登陆天数: 19天 / 656天
等级: 130
石头: 4061
呼符: 303
体力: 28.75333333333333 / 138
友情点: 0 / 456035`
_2024-06-11 04:36:23_
--------
*fa96a51e3723b115878686ea420b22b9*
`登陆天数: 19天 / 656天
等级: 130
石头: 4045
呼符: 261
体力: 28.72333333333333 / 138
友情点: 0 / 456025`
_2024-06-11 04:36:31_
--------
*4450f7c6ca0bc3f1b2e7d9ad0a765fb1*
`登陆天数: 19天 / 656天
等级: 130
石头: 4073
呼符: 225
体力: 28.689999999999998 / 138
友情点: 0 / 457460`
_2024-06-11 04:36:38_
--------
*cdb790e946e1544d62bfe227ac4ad4f4*
`登陆天数: 19天 / 657天
等级: 130
石头: 4061
呼符: 296
体力: 28.656666666666666 / 138
友情点: 0 / 457495`
_2024-06-11 04:36:46_
--------
*373b77034d0e5fb1cfb6671029da2f8a*
`登陆天数: 19天 / 656天
等级: 130
石头: 4054
呼符: 323
体力: 28.623333333333335 / 138
友情点: 0 / 459610`
_2024-06-11 04:36:53_
--------
*0e0b373ba0390fda034ecfd287c6d191*
`登陆天数: 19天 / 657天
等级: 130
石头: 4051
呼符: 311
体力: 28.593333333333334 / 138
友情点: 0 / 457080`
_2024-06-11 04:37:01_
--------
*6889791d1272b4e43053f6f4454b005d*
`登陆天数: 19天 / 656天
等级: 130
石头: 4059
呼符: 301
体力: 28.560000000000002 / 138
友情点: 0 / 454895`
_2024-06-11 04:37:08_
--------
*c46a376e3470f5f04763388807f84663*
`登陆天数: 19天 / 657天
等级: 130
石头: 4052
呼符: 161
体力: 28.53 / 138
友情点: 0 / 455895`
_2024-06-11 04:37:15_
--------
*7f567968d385747c7735a4100922107e*
`登陆天数: 19天 / 656天
等级: 130
石头: 4057
呼符: 295
体力: 28.5 / 138
友情点: 0 / 456470`
_2024-06-11 04:37:23_
--------
*ea696e0ef6a30f87b827227a901e3c35*
`登陆天数: 19天 / 656天
等级: 130
石头: 4079
呼符: 209
体力: 28.46333333333334 / 138
友情点: 0 / 455860`
_2024-06-11 04:37:31_
--------
*e6ec277c95853f97cf392b7a24eccf22*
`登陆天数: 19天 / 656天
等级: 130
石头: 4061
呼符: 290
体力: 28.430000000000007 / 138
友情点: 0 / 456055`
_2024-06-11 04:37:38_
--------
*bcf9f56e3289fe42920dc9e8e57d219d*
`登陆天数: 19天 / 657天
等级: 130
石头: 4060
呼符: 305
体力: 28.39666666666666 / 138
友情点: 0 / 455990`
_2024-06-11 04:37:46_
--------
*4439867a15aae8cefc8e7104456f376d*
`登陆天数: 19天 / 657天
等级: 130
石头: 4058
呼符: 262
体力: 28.36333333333333 / 138
友情点: 0 / 457120`
_2024-06-11 04:37:53_
--------
*c3c17076c764d027f160be54b59f25de*
`登陆天数: 19天 / 657天
等级: 130
石头: 4098
呼符: 246
体力: 28.33 / 138
友情点: 0 / 456650`
_2024-06-11 04:38:01_
--------
*a39bcce9016517b8c8148fdaab731f5a*
`登陆天数: 19天 / 657天
等级: 130
石头: 4057
呼符: 246
体力: 28.296666666666667 / 138
友情点: 0 / 457015`
_2024-06-11 04:38:08_
--------
*bf6c5a7a135ad67be1ce0978b9d0441f*
`登陆天数: 19天 / 656天
等级: 130
石头: 4060
呼符: 33
体力: 28.263333333333335 / 138
友情点: 0 / 456905`
_2024-06-11 04:38:16_
--------
*ce59b1db1b4d7987523ee59ae90d76a5*
`登陆天数: 19天 / 657天
等级: 130
石头: 4015
呼符: 74
体力: 28.230000000000004 / 138
友情点: 0 / 458730`
_2024-06-11 04:38:23_
--------
*e1f040d20576ba77417e03d5644da34d*
`登陆天数: 19天 / 656天
等级: 130
石头: 4053
呼符: 327
体力: 28.196666666666673 / 138
友情点: 0 / 455885`
_2024-06-11 04:38:31_
--------
*815f9ef9597d7ec1aecee39f56b82665*
`登陆天数: 19天 / 657天
等级: 130
石头: 4073
呼符: 174
体力: 28.16666666666667 / 138
友情点: 0 / 457160`
_2024-06-11 04:38:39_
--------
*dea2da73829a40e8ba4b2cf0d6e0eb3c*
`登陆天数: 19天 / 657天
等级: 130
石头: 4051
呼符: 123
体力: 28.129999999999995 / 138
友情点: 0 / 455805`
_2024-06-11 04:38:46_
--------
*63236f2bd12bf4a40f6242f27524eb03*
`登陆天数: 19天 / 657天
等级: 130
石头: 4055
呼符: 34
体力: 28.099999999999994 / 138
友情点: 0 / 456335`
_2024-06-11 04:38:54_
--------
*41d052981db116e72a13ba2b292b2833*
`登陆天数: 19天 / 657天
等级: 130
石头: 4074
呼符: 240
体力: 28.069999999999993 / 138
友情点: 0 / 456540`
_2024-06-11 04:39:01_
--------
*e78d3162d44eb46724e7673377e4ffa8*
`登陆天数: 19天 / 657天
等级: 130
石头: 4060
呼符: 265
体力: 28.03333333333333 / 138
友情点: 0 / 456795`
_2024-06-11 04:39:09_
--------
*d7cf1da456096195fdc8f1865baf7d51*
`登陆天数: 19天 / 657天
等级: 130
石头: 4079
呼符: 324
体力: 28.0 / 138
友情点: 0 / 457840`
_2024-06-11 04:39:16_
--------
*203769365292043322c1e89fac8a5581*
`登陆天数: 19天 / 656天
等级: 130
石头: 4075
呼符: 298
体力: 27.96666666666667 / 138
友情点: 0 / 456825`
_2024-06-11 04:39:24_
--------
*56cf6ced41bcdfa4da364bdbaff2beba*
`登陆天数: 19天 / 657天
等级: 130
石头: 4058
呼符: 238
体力: 27.936666666666667 / 138
友情点: 0 / 457205`
_2024-06-11 04:39:31_
--------
*4df28e0ed07472e9ad4d9f5573ab6fcb*
`登陆天数: 19天 / 657天
等级: 130
石头: 4007
呼符: 299
体力: 17334.196666666667 / 138
友情点: 0 / 466405`
_2024-06-11 04:39:39_
--------
