【登录信息】
*0cbc3364e79ab54b6b0d44e4c301101d*
`登陆天数: 20天 / 658天
等级: 130
石头: 4058
呼符: 330
体力: 30.163333333333327 / 138
友情点: 0 / 450830`
_2024-06-12 04:30:59_
--------
*468fee8af9c7b7eb08801b1d61f566fa*
`登陆天数: 20天 / 657天
等级: 130
石头: 4075
呼符: 308
体力: 30.13333333333334 / 138
友情点: 0 / 452090`
_2024-06-12 04:31:07_
--------
*66d1ce392af9b66ac0f939c5e6bb98fe*
`登陆天数: 20天 / 658天
等级: 130
石头: 4080
呼符: 305
体力: 30.10333333333334 / 138
友情点: 0 / 452515`
_2024-06-12 04:31:15_
--------
*5f66e86ea3f95f7d0c32acbd90a208f7*
`登陆天数: 20天 / 658天
等级: 130
石头: 4081
呼符: 302
体力: 30.076666666666668 / 138
友情点: 0 / 449440`
_2024-06-12 04:31:23_
--------
*a6ca2ab39a0602ed7c544bc2c8191049*
`登陆天数: 20天 / 658天
等级: 130
石头: 4084
呼符: 296
体力: 30.046666666666667 / 138
友情点: 0 / 450355`
_2024-06-12 04:31:30_
--------
*92212256de5a6ad5dada2b0f168b65cd*
`登陆天数: 20天 / 657天
等级: 130
石头: 4058
呼符: 331
体力: 30.013333333333335 / 138
友情点: 0 / 450010`
_2024-06-12 04:31:38_
--------
*b04ebf84e42f63b7f131c17ccdd285f6*
`登陆天数: 20天 / 657天
等级: 130
石头: 4060
呼符: 313
体力: 29.986666666666665 / 138
友情点: 0 / 451145`
_2024-06-12 04:31:46_
--------
*e2b597b9d400eccc20b49da381e39f6e*
`登陆天数: 20天 / 657天
等级: 130
石头: 4061
呼符: 173
体力: 29.956666666666663 / 138
友情点: 0 / 449850`
_2024-06-12 04:31:54_
--------
*4c5413a7eef342442ae1da5117a940a4*
`登陆天数: 20天 / 657天
等级: 130
石头: 4079
呼符: 321
体力: 29.926666666666662 / 138
友情点: 0 / 449815`
_2024-06-12 04:32:02_
--------
*e49ee443bc70e0377715d0df24f0fa7d*
`登陆天数: 20天 / 658天
等级: 130
石头: 4068
呼符: 161
体力: 29.900000000000006 / 138
友情点: 0 / 450595`
_2024-06-12 04:32:09_
--------
*672244f3ba274053e34540fdf74a4f58*
`登陆天数: 20天 / 658天
等级: 130
石头: 4059
呼符: 326
体力: 29.86666666666666 / 138
友情点: 0 / 450425`
_2024-06-12 04:32:17_
--------
*a5c02cc719cb7d0a6c30bb2bcdb8f7c5*
`登陆天数: 20天 / 657天
等级: 130
石头: 4083
呼符: 36
体力: 29.836666666666673 / 138
友情点: 0 / 449395`
_2024-06-12 04:32:25_
--------
*55207a55150be94f5800d72b52a43f0e*
`登陆天数: 20天 / 657天
等级: 130
石头: 4063
呼符: 300
体力: 29.806666666666672 / 138
友情点: 0 / 451130`
_2024-06-12 04:32:32_
--------
*a592723df47e3199ab0353dc646b6791*
`登陆天数: 20天 / 657天
等级: 130
石头: 4085
呼符: 86
体力: 29.773333333333326 / 138
友情点: 0 / 451650`
_2024-06-12 04:32:40_
--------
*4159288e45b91b959d7eca0bf8b44f1d*
`登陆天数: 20天 / 658天
等级: 130
石头: 4069
呼符: 185
体力: 29.74333333333334 / 138
友情点: 0 / 450050`
_2024-06-12 04:32:48_
--------
*a9ce844d652e4e1a1ae32f08533e7ee5*
`登陆天数: 20天 / 658天
等级: 130
石头: 4058
呼符: 332
体力: 29.71333333333334 / 138
友情点: 0 / 450990`
_2024-06-12 04:32:56_
--------
*007ac2d6cef484bc48966d7b37599883*
`登陆天数: 20天 / 658天
等级: 130
石头: 4061
呼符: 303
体力: 29.686666666666667 / 138
友情点: 0 / 450560`
_2024-06-12 04:33:05_
--------
*6c016b6ca650abf7dcfd9259035296a5*
`登陆天数: 20天 / 658天
等级: 130
石头: 4054
呼符: 34
体力: 29.656666666666666 / 138
友情点: 0 / 450820`
_2024-06-12 04:33:13_
--------
*d33aecbe8bcf1ed7f0e6da702cfff1a2*
`登陆天数: 20天 / 658天
等级: 130
石头: 4035
呼符: 240
体力: 29.626666666666665 / 138
友情点: 0 / 449825`
_2024-06-12 04:33:20_
--------
*17bcd2052a6ec1866beae155fc484504*
`登陆天数: 20天 / 657天
等级: 130
石头: 4059
呼符: 193
体力: 29.596666666666664 / 138
友情点: 0 / 451540`
_2024-06-12 04:33:28_
--------
*d0ba28407e264ae54a87471870fe1221*
`登陆天数: 20天 / 657天
等级: 130
石头: 4079
呼符: 33
体力: 29.563333333333333 / 138
友情点: 0 / 451565`
_2024-06-12 04:33:36_
--------
*2547230df974c766395c39ea1dcef0f1*
`登陆天数: 20天 / 658天
等级: 130
石头: 4071
呼符: 321
体力: 29.53333333333333 / 138
友情点: 0 / 450485`
_2024-06-12 04:33:44_
--------
*40c3ae23e191008699138f76d6e89e0c*
`登陆天数: 20天 / 657天
等级: 130
石头: 4058
呼符: 320
体力: 29.50333333333333 / 138
友情点: 0 / 449555`
_2024-06-12 04:33:52_
--------
*43b141e62bc7edea968095e70f70e149*
`登陆天数: 20天 / 657天
等级: 130
石头: 4063
呼符: 303
体力: 29.47333333333333 / 138
友情点: 0 / 450035`
_2024-06-12 04:34:00_
--------
*fa96a51e3723b115878686ea420b22b9*
`登陆天数: 20天 / 657天
等级: 130
石头: 4047
呼符: 261
体力: 29.446666666666673 / 138
友情点: 0 / 450025`
_2024-06-12 04:34:08_
--------
*4450f7c6ca0bc3f1b2e7d9ad0a765fb1*
`登陆天数: 20天 / 657天
等级: 130
石头: 4075
呼符: 225
体力: 29.41666666666667 / 138
友情点: 0 / 451460`
_2024-06-12 04:34:16_
--------
*cdb790e946e1544d62bfe227ac4ad4f4*
`登陆天数: 20天 / 658天
等级: 130
石头: 4063
呼符: 296
体力: 29.38666666666667 / 138
友情点: 0 / 451495`
_2024-06-12 04:34:24_
--------
*373b77034d0e5fb1cfb6671029da2f8a*
`登陆天数: 20天 / 657天
等级: 130
石头: 4056
呼符: 323
体力: 29.35666666666667 / 138
友情点: 0 / 453610`
_2024-06-12 04:34:32_
--------
*0e0b373ba0390fda034ecfd287c6d191*
`登陆天数: 20天 / 658天
等级: 130
石头: 4053
呼符: 311
体力: 29.33 / 138
友情点: 0 / 451080`
_2024-06-12 04:34:40_
--------
*6889791d1272b4e43053f6f4454b005d*
`登陆天数: 20天 / 657天
等级: 130
石头: 4061
呼符: 301
体力: 29.299999999999997 / 138
友情点: 0 / 448895`
_2024-06-12 04:34:47_
--------
*c46a376e3470f5f04763388807f84663*
`登陆天数: 20天 / 658天
等级: 130
石头: 4054
呼符: 161
体力: 29.266666666666666 / 138
友情点: 0 / 449895`
_2024-06-12 04:34:55_
--------
*7f567968d385747c7735a4100922107e*
`登陆天数: 20天 / 657天
等级: 130
石头: 4059
呼符: 295
体力: 29.24333333333334 / 138
友情点: 0 / 450470`
_2024-06-12 04:35:03_
--------
*ea696e0ef6a30f87b827227a901e3c35*
`登陆天数: 20天 / 657天
等级: 130
石头: 4081
呼符: 209
体力: 29.21333333333334 / 138
友情点: 0 / 449860`
_2024-06-12 04:35:11_
--------
*e6ec277c95853f97cf392b7a24eccf22*
`登陆天数: 20天 / 657天
等级: 130
石头: 4063
呼符: 290
体力: 29.186666666666667 / 138
友情点: 0 / 450055`
_2024-06-12 04:35:19_
--------
*bcf9f56e3289fe42920dc9e8e57d219d*
`登陆天数: 20天 / 658天
等级: 130
石头: 4062
呼符: 305
体力: 29.153333333333336 / 138
友情点: 0 / 449990`
_2024-06-12 04:35:27_
--------
*4439867a15aae8cefc8e7104456f376d*
`登陆天数: 20天 / 658天
等级: 130
石头: 4060
呼符: 262
体力: 29.123333333333335 / 138
友情点: 0 / 451120`
_2024-06-12 04:35:35_
--------
*c3c17076c764d027f160be54b59f25de*
`登陆天数: 20天 / 658天
等级: 130
石头: 4100
呼符: 246
体力: 29.093333333333334 / 138
友情点: 0 / 450650`
_2024-06-12 04:35:43_
--------
*a39bcce9016517b8c8148fdaab731f5a*
`登陆天数: 20天 / 658天
等级: 130
石头: 4059
呼符: 246
体力: 29.063333333333333 / 138
友情点: 0 / 451015`
_2024-06-12 04:35:51_
--------
*bf6c5a7a135ad67be1ce0978b9d0441f*
`登陆天数: 20天 / 657天
等级: 130
石头: 4062
呼符: 33
体力: 29.03333333333333 / 138
友情点: 0 / 450905`
_2024-06-12 04:35:58_
--------
*ce59b1db1b4d7987523ee59ae90d76a5*
`登陆天数: 20天 / 658天
等级: 130
石头: 4017
呼符: 74
体力: 29.00333333333333 / 138
友情点: 0 / 452730`
_2024-06-12 04:36:06_
--------
*e1f040d20576ba77417e03d5644da34d*
`登陆天数: 20天 / 657天
等级: 130
石头: 4055
呼符: 327
体力: 28.97333333333333 / 138
友情点: 0 / 449885`
_2024-06-12 04:36:14_
--------
*815f9ef9597d7ec1aecee39f56b82665*
`登陆天数: 20天 / 658天
等级: 130
石头: 4075
呼符: 174
体力: 28.943333333333328 / 138
友情点: 0 / 451160`
_2024-06-12 04:36:22_
--------
*dea2da73829a40e8ba4b2cf0d6e0eb3c*
`登陆天数: 20天 / 658天
等级: 130
石头: 4053
呼符: 123
体力: 28.913333333333327 / 138
友情点: 0 / 449805`
_2024-06-12 04:36:30_
--------
*63236f2bd12bf4a40f6242f27524eb03*
`登陆天数: 20天 / 658天
等级: 130
石头: 4057
呼符: 34
体力: 28.88333333333334 / 138
友情点: 0 / 450335`
_2024-06-12 04:36:38_
--------
*41d052981db116e72a13ba2b292b2833*
`登陆天数: 20天 / 658天
等级: 130
石头: 4076
呼符: 240
体力: 28.85333333333334 / 138
友情点: 0 / 450540`
_2024-06-12 04:36:45_
--------
*e78d3162d44eb46724e7673377e4ffa8*
`登陆天数: 20天 / 658天
等级: 130
石头: 4062
呼符: 265
体力: 28.823333333333338 / 138
友情点: 0 / 450795`
_2024-06-12 04:36:53_
--------
*d7cf1da456096195fdc8f1865baf7d51*
`登陆天数: 20天 / 658天
等级: 130
石头: 4081
呼符: 324
体力: 28.793333333333337 / 138
友情点: 0 / 451840`
_2024-06-12 04:37:01_
--------
*203769365292043322c1e89fac8a5581*
`登陆天数: 20天 / 657天
等级: 130
石头: 4077
呼符: 298
体力: 28.766666666666666 / 138
友情点: 0 / 450825`
_2024-06-12 04:37:09_
--------
*56cf6ced41bcdfa4da364bdbaff2beba*
`登陆天数: 20天 / 658天
等级: 130
石头: 4060
呼符: 238
体力: 28.739999999999995 / 138
友情点: 0 / 451205`
_2024-06-12 04:37:17_
--------
*4df28e0ed07472e9ad4d9f5573ab6fcb*
`登陆天数: 20天 / 658天
等级: 130
石头: 4007
呼符: 299
体力: 17621.753333333334 / 138
友情点: 0 / 466405`
_2024-06-12 04:37:25_
--------
