【登录信息】
*0cbc3364e79ab54b6b0d44e4c301101d*
`登陆天数: 21天 / 659天
等级: 130
石头: 4058
呼符: 331
体力: 30.576666666666668 / 138
友情点: 0 / 444830`
_2024-06-13 04:32:00_
--------
*468fee8af9c7b7eb08801b1d61f566fa*
`登陆天数: 21天 / 658天
等级: 130
石头: 4075
呼符: 309
体力: 30.549999999999997 / 138
友情点: 0 / 446090`
_2024-06-13 04:32:08_
--------
*66d1ce392af9b66ac0f939c5e6bb98fe*
`登陆天数: 21天 / 659天
等级: 130
石头: 4080
呼符: 306
体力: 30.523333333333326 / 138
友情点: 0 / 446515`
_2024-06-13 04:32:16_
--------
*5f66e86ea3f95f7d0c32acbd90a208f7*
`登陆天数: 21天 / 659天
等级: 130
石头: 4081
呼符: 303
体力: 30.49666666666667 / 138
友情点: 0 / 443440`
_2024-06-13 04:32:23_
--------
*a6ca2ab39a0602ed7c544bc2c8191049*
`登陆天数: 21天 / 659天
等级: 130
石头: 4084
呼符: 297
体力: 30.46666666666667 / 138
友情点: 0 / 444355`
_2024-06-13 04:32:31_
--------
*92212256de5a6ad5dada2b0f168b65cd*
`登陆天数: 21天 / 658天
等级: 130
石头: 4058
呼符: 332
体力: 30.443333333333328 / 138
友情点: 0 / 444010`
_2024-06-13 04:32:39_
--------
*b04ebf84e42f63b7f131c17ccdd285f6*
`登陆天数: 21天 / 658天
等级: 130
石头: 4060
呼符: 314
体力: 30.41666666666667 / 138
友情点: 0 / 445145`
_2024-06-13 04:32:46_
--------
*e2b597b9d400eccc20b49da381e39f6e*
`登陆天数: 21天 / 658天
等级: 130
石头: 4061
呼符: 174
体力: 30.39 / 138
友情点: 0 / 443850`
_2024-06-13 04:32:54_
--------
*4c5413a7eef342442ae1da5117a940a4*
`登陆天数: 21天 / 658天
等级: 130
石头: 4079
呼符: 322
体力: 30.36333333333333 / 138
友情点: 0 / 443815`
_2024-06-13 04:33:02_
--------
*e49ee443bc70e0377715d0df24f0fa7d*
`登陆天数: 21天 / 659天
等级: 130
石头: 4068
呼符: 162
体力: 30.336666666666673 / 138
友情点: 0 / 444595`
_2024-06-13 04:33:10_
--------
*672244f3ba274053e34540fdf74a4f58*
`登陆天数: 21天 / 659天
等级: 130
石头: 4059
呼符: 327
体力: 30.313333333333333 / 138
友情点: 0 / 444425`
_2024-06-13 04:33:19_
--------
*a5c02cc719cb7d0a6c30bb2bcdb8f7c5*
`登陆天数: 21天 / 658天
等级: 130
石头: 4083
呼符: 37
体力: 30.28666666666666 / 138
友情点: 0 / 443395`
_2024-06-13 04:33:27_
--------
*55207a55150be94f5800d72b52a43f0e*
`登陆天数: 21天 / 658天
等级: 130
石头: 4063
呼符: 301
体力: 30.260000000000005 / 138
友情点: 0 / 445130`
_2024-06-13 04:33:35_
--------
*a592723df47e3199ab0353dc646b6791*
`登陆天数: 21天 / 658天
等级: 130
石头: 4085
呼符: 87
体力: 30.236666666666665 / 138
友情点: 0 / 445650`
_2024-06-13 04:33:43_
--------
*4159288e45b91b959d7eca0bf8b44f1d*
`登陆天数: 21天 / 659天
等级: 130
石头: 4069
呼符: 186
体力: 30.209999999999994 / 138
友情点: 0 / 444050`
_2024-06-13 04:33:51_
--------
*a9ce844d652e4e1a1ae32f08533e7ee5*
`登陆天数: 21天 / 659天
等级: 130
石头: 4058
呼符: 333
体力: 30.183333333333337 / 138
友情点: 0 / 444990`
_2024-06-13 04:33:59_
--------
*007ac2d6cef484bc48966d7b37599883*
`登陆天数: 21天 / 659天
等级: 130
石头: 4061
呼符: 304
体力: 30.156666666666666 / 138
友情点: 0 / 444560`
_2024-06-13 04:34:08_
--------
*6c016b6ca650abf7dcfd9259035296a5*
`登陆天数: 21天 / 659天
等级: 130
石头: 4054
呼符: 35
体力: 30.129999999999995 / 138
友情点: 0 / 444820`
_2024-06-13 04:34:15_
--------
*d33aecbe8bcf1ed7f0e6da702cfff1a2*
`登陆天数: 21天 / 659天
等级: 130
石头: 4035
呼符: 241
体力: 30.099999999999994 / 138
友情点: 0 / 443825`
_2024-06-13 04:34:23_
--------
*17bcd2052a6ec1866beae155fc484504*
`登陆天数: 21天 / 658天
等级: 130
石头: 4059
呼符: 194
体力: 30.073333333333338 / 138
友情点: 0 / 445540`
_2024-06-13 04:34:30_
--------
*d0ba28407e264ae54a87471870fe1221*
`登陆天数: 21天 / 658天
等级: 130
石头: 4079
呼符: 34
体力: 30.046666666666667 / 138
友情点: 0 / 445565`
_2024-06-13 04:34:38_
--------
*2547230df974c766395c39ea1dcef0f1*
`登陆天数: 21天 / 659天
等级: 130
石头: 4071
呼符: 322
体力: 30.019999999999996 / 138
友情点: 0 / 444485`
_2024-06-13 04:34:46_
--------
*40c3ae23e191008699138f76d6e89e0c*
`登陆天数: 21天 / 658天
等级: 130
石头: 4058
呼符: 321
体力: 29.99333333333334 / 138
友情点: 0 / 443555`
_2024-06-13 04:34:54_
--------
*43b141e62bc7edea968095e70f70e149*
`登陆天数: 21天 / 658天
等级: 130
石头: 4063
呼符: 304
体力: 29.96333333333334 / 138
友情点: 0 / 444035`
_2024-06-13 04:35:01_
--------
*fa96a51e3723b115878686ea420b22b9*
`登陆天数: 21天 / 658天
等级: 130
石头: 4047
呼符: 262
体力: 29.939999999999998 / 138
友情点: 0 / 444025`
_2024-06-13 04:35:09_
--------
*4450f7c6ca0bc3f1b2e7d9ad0a765fb1*
`登陆天数: 21天 / 658天
等级: 130
石头: 4075
呼符: 226
体力: 29.913333333333327 / 138
友情点: 0 / 445460`
_2024-06-13 04:35:17_
--------
*cdb790e946e1544d62bfe227ac4ad4f4*
`登陆天数: 21天 / 659天
等级: 130
石头: 4063
呼符: 297
体力: 29.88666666666667 / 138
友情点: 0 / 445495`
_2024-06-13 04:35:25_
--------
*373b77034d0e5fb1cfb6671029da2f8a*
`登陆天数: 21天 / 658天
等级: 130
石头: 4056
呼符: 324
体力: 29.86333333333333 / 138
友情点: 0 / 447610`
_2024-06-13 04:35:33_
--------
*0e0b373ba0390fda034ecfd287c6d191*
`登陆天数: 21天 / 659天
等级: 130
石头: 4053
呼符: 312
体力: 29.836666666666673 / 138
友情点: 0 / 445080`
_2024-06-13 04:35:42_
--------
*6889791d1272b4e43053f6f4454b005d*
`登陆天数: 21天 / 658天
等级: 130
石头: 4061
呼符: 302
体力: 29.810000000000002 / 138
友情点: 0 / 442895`
_2024-06-13 04:35:50_
--------
*c46a376e3470f5f04763388807f84663*
`登陆天数: 21天 / 659天
等级: 130
石头: 4054
呼符: 162
体力: 29.790000000000006 / 138
友情点: 0 / 443895`
_2024-06-13 04:35:58_
--------
*7f567968d385747c7735a4100922107e*
`登陆天数: 21天 / 658天
等级: 130
石头: 4059
呼符: 296
体力: 29.763333333333335 / 138
友情点: 0 / 444470`
_2024-06-13 04:36:06_
--------
*ea696e0ef6a30f87b827227a901e3c35*
`登陆天数: 21天 / 658天
等级: 130
石头: 4081
呼符: 210
体力: 29.736666666666665 / 138
友情点: 0 / 443860`
_2024-06-13 04:36:14_
--------
*e6ec277c95853f97cf392b7a24eccf22*
`登陆天数: 21天 / 658天
等级: 130
石头: 4063
呼符: 291
体力: 29.709999999999994 / 138
友情点: 0 / 444055`
_2024-06-13 04:36:22_
--------
*bcf9f56e3289fe42920dc9e8e57d219d*
`登陆天数: 21天 / 659天
等级: 130
石头: 4062
呼符: 306
体力: 29.683333333333337 / 138
友情点: 0 / 443990`
_2024-06-13 04:36:30_
--------
*4439867a15aae8cefc8e7104456f376d*
`登陆天数: 21天 / 659天
等级: 130
石头: 4060
呼符: 263
体力: 29.653333333333336 / 138
友情点: 0 / 445120`
_2024-06-13 04:36:38_
--------
*c3c17076c764d027f160be54b59f25de*
`登陆天数: 21天 / 659天
等级: 130
石头: 4100
呼符: 247
体力: 29.626666666666665 / 138
友情点: 0 / 444650`
_2024-06-13 04:36:45_
--------
*a39bcce9016517b8c8148fdaab731f5a*
`登陆天数: 21天 / 659天
等级: 130
石头: 4059
呼符: 247
体力: 29.599999999999994 / 138
友情点: 0 / 445015`
_2024-06-13 04:36:53_
--------
*bf6c5a7a135ad67be1ce0978b9d0441f*
`登陆天数: 21天 / 658天
等级: 130
石头: 4062
呼符: 34
体力: 29.573333333333338 / 138
友情点: 0 / 444905`
_2024-06-13 04:37:00_
--------
*ce59b1db1b4d7987523ee59ae90d76a5*
`登陆天数: 21天 / 659天
等级: 130
石头: 4017
呼符: 75
体力: 29.543333333333337 / 138
友情点: 0 / 446730`
_2024-06-13 04:37:08_
--------
*e1f040d20576ba77417e03d5644da34d*
`登陆天数: 21天 / 658天
等级: 130
石头: 4055
呼符: 328
体力: 29.516666666666666 / 138
友情点: 0 / 443885`
_2024-06-13 04:37:16_
--------
*815f9ef9597d7ec1aecee39f56b82665*
`登陆天数: 21天 / 659天
等级: 130
石头: 4075
呼符: 175
体力: 29.49333333333334 / 138
友情点: 0 / 445160`
_2024-06-13 04:37:23_
--------
*dea2da73829a40e8ba4b2cf0d6e0eb3c*
`登陆天数: 21天 / 659天
等级: 130
石头: 4053
呼符: 124
体力: 29.46333333333334 / 138
友情点: 0 / 443805`
_2024-06-13 04:37:31_
--------
*63236f2bd12bf4a40f6242f27524eb03*
`登陆天数: 21天 / 659天
等级: 130
石头: 4057
呼符: 35
体力: 29.436666666666667 / 138
友情点: 0 / 444335`
_2024-06-13 04:37:39_
--------
*41d052981db116e72a13ba2b292b2833*
`登陆天数: 21天 / 659天
等级: 130
石头: 4076
呼符: 241
体力: 29.409999999999997 / 138
友情点: 0 / 444540`
_2024-06-13 04:37:46_
--------
*e78d3162d44eb46724e7673377e4ffa8*
`登陆天数: 21天 / 659天
等级: 130
石头: 4062
呼符: 266
体力: 29.38333333333334 / 138
友情点: 0 / 444795`
_2024-06-13 04:37:54_
--------
*d7cf1da456096195fdc8f1865baf7d51*
`登陆天数: 21天 / 659天
等级: 130
石头: 4081
呼符: 325
体力: 29.35333333333334 / 138
友情点: 0 / 445840`
_2024-06-13 04:38:02_
--------
*203769365292043322c1e89fac8a5581*
`登陆天数: 21天 / 658天
等级: 130
石头: 4077
呼符: 299
体力: 29.33 / 138
友情点: 0 / 444825`
_2024-06-13 04:38:10_
--------
*56cf6ced41bcdfa4da364bdbaff2beba*
`登陆天数: 21天 / 659天
等级: 130
石头: 4060
呼符: 239
体力: 29.303333333333327 / 138
友情点: 0 / 445205`
_2024-06-13 04:38:18_
--------
*4df28e0ed07472e9ad4d9f5573ab6fcb*
`登陆天数: 21天 / 659天
等级: 130
石头: 4007
呼符: 299
体力: 17909.953333333335 / 138
友情点: 0 / 466405`
_2024-06-13 04:38:25_
--------
