【登录信息】
*0cbc3364e79ab54b6b0d44e4c301101d*
`登陆天数: 23天 / 661天
等级: 130
石头: 4059
呼符: 331
体力: 31.306666666666672 / 138
友情点: 0 / 434830`
_2024-06-15 04:34:45_
--------
*468fee8af9c7b7eb08801b1d61f566fa*
`登陆天数: 23天 / 660天
等级: 130
石头: 4076
呼符: 309
体力: 31.273333333333326 / 138
友情点: 0 / 436090`
_2024-06-15 04:34:53_
--------
*66d1ce392af9b66ac0f939c5e6bb98fe*
`登陆天数: 23天 / 661天
等级: 130
石头: 4081
呼符: 306
体力: 31.24333333333334 / 138
友情点: 0 / 436515`
_2024-06-15 04:35:01_
--------
*5f66e86ea3f95f7d0c32acbd90a208f7*
`登陆天数: 23天 / 661天
等级: 130
石头: 4082
呼符: 303
体力: 31.21333333333334 / 138
友情点: 0 / 433440`
_2024-06-15 04:35:09_
--------
*a6ca2ab39a0602ed7c544bc2c8191049*
`登陆天数: 23天 / 661天
等级: 130
石头: 4085
呼符: 297
体力: 31.180000000000007 / 138
友情点: 0 / 434355`
_2024-06-15 04:35:17_
--------
*92212256de5a6ad5dada2b0f168b65cd*
`登陆天数: 23天 / 660天
等级: 130
石头: 4059
呼符: 332
体力: 31.153333333333336 / 138
友情点: 0 / 434010`
_2024-06-15 04:35:26_
--------
*b04ebf84e42f63b7f131c17ccdd285f6*
`登陆天数: 23天 / 660天
等级: 130
石头: 4061
呼符: 314
体力: 31.126666666666665 / 138
友情点: 0 / 435145`
_2024-06-15 04:35:34_
--------
*e2b597b9d400eccc20b49da381e39f6e*
`登陆天数: 23天 / 660天
等级: 130
石头: 4062
呼符: 174
体力: 31.096666666666664 / 138
友情点: 0 / 433850`
_2024-06-15 04:35:43_
--------
*4c5413a7eef342442ae1da5117a940a4*
`登陆天数: 23天 / 660天
等级: 130
石头: 4080
呼符: 322
体力: 31.066666666666663 / 138
友情点: 0 / 433815`
_2024-06-15 04:35:51_
--------
*e49ee443bc70e0377715d0df24f0fa7d*
`登陆天数: 23天 / 661天
等级: 130
石头: 4069
呼符: 162
体力: 31.03 / 138
友情点: 0 / 434595`
_2024-06-15 04:35:59_
--------
*672244f3ba274053e34540fdf74a4f58*
`登陆天数: 23天 / 661天
等级: 130
石头: 4060
呼符: 327
体力: 30.99666666666667 / 138
友情点: 0 / 434425`
_2024-06-15 04:36:07_
--------
*a5c02cc719cb7d0a6c30bb2bcdb8f7c5*
`登陆天数: 23天 / 660天
等级: 130
石头: 4084
呼符: 37
体力: 30.97 / 138
友情点: 0 / 433395`
_2024-06-15 04:36:15_
--------
*55207a55150be94f5800d72b52a43f0e*
`登陆天数: 23天 / 660天
等级: 130
石头: 4064
呼符: 301
体力: 30.939999999999998 / 138
友情点: 0 / 435130`
_2024-06-15 04:36:24_
--------
*a592723df47e3199ab0353dc646b6791*
`登陆天数: 23天 / 660天
等级: 130
石头: 4086
呼符: 87
体力: 30.909999999999997 / 138
友情点: 0 / 435650`
_2024-06-15 04:36:32_
--------
*4159288e45b91b959d7eca0bf8b44f1d*
`登陆天数: 23天 / 661天
等级: 130
石头: 4070
呼符: 186
体力: 30.88333333333334 / 138
友情点: 0 / 434050`
_2024-06-15 04:36:40_
--------
*a9ce844d652e4e1a1ae32f08533e7ee5*
`登陆天数: 23天 / 661天
等级: 130
石头: 4059
呼符: 333
体力: 30.85333333333334 / 138
友情点: 0 / 434990`
_2024-06-15 04:36:48_
--------
*007ac2d6cef484bc48966d7b37599883*
`登陆天数: 23天 / 661天
等级: 130
石头: 4062
呼符: 304
体力: 30.823333333333338 / 138
友情点: 0 / 434560`
_2024-06-15 04:36:56_
--------
*6c016b6ca650abf7dcfd9259035296a5*
`登陆天数: 23天 / 661天
等级: 130
石头: 4055
呼符: 35
体力: 30.793333333333337 / 138
友情点: 0 / 434820`
_2024-06-15 04:37:04_
--------
*d33aecbe8bcf1ed7f0e6da702cfff1a2*
`登陆天数: 23天 / 661天
等级: 130
石头: 4036
呼符: 241
体力: 30.763333333333335 / 138
友情点: 0 / 433825`
_2024-06-15 04:37:12_
--------
*17bcd2052a6ec1866beae155fc484504*
`登陆天数: 23天 / 660天
等级: 130
石头: 4060
呼符: 194
体力: 30.733333333333334 / 138
友情点: 0 / 435540`
_2024-06-15 04:37:20_
--------
*d0ba28407e264ae54a87471870fe1221*
`登陆天数: 23天 / 660天
等级: 130
石头: 4080
呼符: 34
体力: 30.703333333333333 / 138
友情点: 0 / 435565`
_2024-06-15 04:37:29_
--------
*2547230df974c766395c39ea1dcef0f1*
`登陆天数: 23天 / 661天
等级: 130
石头: 4072
呼符: 322
体力: 30.673333333333332 / 138
友情点: 0 / 434485`
_2024-06-15 04:37:36_
--------
*40c3ae23e191008699138f76d6e89e0c*
`登陆天数: 23天 / 660天
等级: 130
石头: 4059
呼符: 321
体力: 30.64333333333333 / 138
友情点: 0 / 433555`
_2024-06-15 04:37:44_
--------
*43b141e62bc7edea968095e70f70e149*
`登陆天数: 23天 / 660天
等级: 130
石头: 4064
呼符: 304
体力: 30.61333333333333 / 138
友情点: 0 / 434035`
_2024-06-15 04:37:53_
--------
*fa96a51e3723b115878686ea420b22b9*
`登陆天数: 23天 / 660天
等级: 130
石头: 4048
呼符: 262
体力: 30.58333333333333 / 138
友情点: 0 / 434025`
_2024-06-15 04:38:01_
--------
*4450f7c6ca0bc3f1b2e7d9ad0a765fb1*
`登陆天数: 23天 / 660天
等级: 130
石头: 4076
呼符: 226
体力: 30.553333333333327 / 138
友情点: 0 / 435460`
_2024-06-15 04:38:09_
--------
*cdb790e946e1544d62bfe227ac4ad4f4*
`登陆天数: 23天 / 661天
等级: 130
石头: 4064
呼符: 297
体力: 30.523333333333326 / 138
友情点: 0 / 435495`
_2024-06-15 04:38:16_
--------
*373b77034d0e5fb1cfb6671029da2f8a*
`登陆天数: 23天 / 660天
等级: 130
石头: 4057
呼符: 324
体力: 30.49333333333334 / 138
友情点: 0 / 437610`
_2024-06-15 04:38:24_
--------
*0e0b373ba0390fda034ecfd287c6d191*
`登陆天数: 23天 / 661天
等级: 130
石头: 4054
呼符: 312
体力: 30.459999999999994 / 138
友情点: 0 / 435080`
_2024-06-15 04:38:31_
--------
*6889791d1272b4e43053f6f4454b005d*
`登陆天数: 23天 / 660天
等级: 130
石头: 4062
呼符: 302
体力: 30.430000000000007 / 138
友情点: 0 / 432895`
_2024-06-15 04:38:39_
--------
*c46a376e3470f5f04763388807f84663*
`登陆天数: 23天 / 661天
等级: 130
石头: 4055
呼符: 162
体力: 30.400000000000006 / 138
友情点: 0 / 433895`
_2024-06-15 04:38:47_
--------
*7f567968d385747c7735a4100922107e*
`登陆天数: 23天 / 660天
等级: 130
石头: 4060
呼符: 296
体力: 30.370000000000005 / 138
友情点: 0 / 434470`
_2024-06-15 04:38:56_
--------
*ea696e0ef6a30f87b827227a901e3c35*
`登陆天数: 23天 / 660天
等级: 130
石头: 4082
呼符: 210
体力: 30.340000000000003 / 138
友情点: 0 / 433860`
_2024-06-15 04:39:04_
--------
*e6ec277c95853f97cf392b7a24eccf22*
`登陆天数: 23天 / 660天
等级: 130
石头: 4064
呼符: 291
体力: 30.310000000000002 / 138
友情点: 0 / 434055`
_2024-06-15 04:39:11_
--------
*bcf9f56e3289fe42920dc9e8e57d219d*
`登陆天数: 23天 / 661天
等级: 130
石头: 4063
呼符: 306
体力: 30.28333333333333 / 138
友情点: 0 / 433990`
_2024-06-15 04:39:19_
--------
*4439867a15aae8cefc8e7104456f376d*
`登陆天数: 23天 / 661天
等级: 130
石头: 4061
呼符: 263
体力: 30.25333333333333 / 138
友情点: 0 / 435120`
_2024-06-15 04:39:27_
--------
*c3c17076c764d027f160be54b59f25de*
`登陆天数: 23天 / 661天
等级: 130
石头: 4101
呼符: 247
体力: 30.22333333333333 / 138
友情点: 0 / 434650`
_2024-06-15 04:39:35_
--------
*a39bcce9016517b8c8148fdaab731f5a*
`登陆天数: 23天 / 661天
等级: 130
石头: 4060
呼符: 247
体力: 30.193333333333328 / 138
友情点: 0 / 435015`
_2024-06-15 04:39:43_
--------
*bf6c5a7a135ad67be1ce0978b9d0441f*
`登陆天数: 23天 / 660天
等级: 130
石头: 4063
呼符: 34
体力: 30.16666666666667 / 138
友情点: 0 / 434905`
_2024-06-15 04:39:51_
--------
*ce59b1db1b4d7987523ee59ae90d76a5*
`登陆天数: 23天 / 661天
等级: 130
石头: 4018
呼符: 75
体力: 30.13666666666667 / 138
友情点: 0 / 436730`
_2024-06-15 04:40:00_
--------
*e1f040d20576ba77417e03d5644da34d*
`登陆天数: 23天 / 660天
等级: 130
石头: 4056
呼符: 328
体力: 30.10666666666667 / 138
友情点: 0 / 433885`
_2024-06-15 04:40:07_
--------
*815f9ef9597d7ec1aecee39f56b82665*
`登陆天数: 23天 / 661天
等级: 130
石头: 4076
呼符: 175
体力: 30.076666666666668 / 138
友情点: 0 / 435160`
_2024-06-15 04:40:15_
--------
*dea2da73829a40e8ba4b2cf0d6e0eb3c*
`登陆天数: 23天 / 661天
等级: 130
石头: 4054
呼符: 124
体力: 30.046666666666667 / 138
友情点: 0 / 433805`
_2024-06-15 04:40:23_
--------
*63236f2bd12bf4a40f6242f27524eb03*
`登陆天数: 23天 / 661天
等级: 130
石头: 4058
呼符: 35
体力: 30.019999999999996 / 138
友情点: 0 / 434335`
_2024-06-15 04:40:31_
--------
*41d052981db116e72a13ba2b292b2833*
`登陆天数: 23天 / 661天
等级: 130
石头: 4077
呼符: 241
体力: 29.989999999999995 / 138
友情点: 0 / 434540`
_2024-06-15 04:40:39_
--------
*e78d3162d44eb46724e7673377e4ffa8*
`登陆天数: 23天 / 661天
等级: 130
石头: 4063
呼符: 266
体力: 29.959999999999994 / 138
友情点: 0 / 434795`
_2024-06-15 04:40:47_
--------
*d7cf1da456096195fdc8f1865baf7d51*
`登陆天数: 23天 / 661天
等级: 130
石头: 4082
呼符: 325
体力: 29.933333333333337 / 138
友情点: 0 / 435840`
_2024-06-15 04:40:55_
--------
*203769365292043322c1e89fac8a5581*
`登陆天数: 23天 / 660天
等级: 130
石头: 4078
呼符: 299
体力: 29.903333333333336 / 138
友情点: 0 / 434825`
_2024-06-15 04:41:03_
--------
*56cf6ced41bcdfa4da364bdbaff2beba*
`登陆天数: 23天 / 661天
等级: 130
石头: 4061
呼符: 239
体力: 29.876666666666665 / 138
友情点: 0 / 435205`
_2024-06-15 04:41:12_
--------
*4df28e0ed07472e9ad4d9f5573ab6fcb*
`登陆天数: 23天 / 661天
等级: 130
石头: 4007
呼符: 299
体力: 18486.533333333333 / 138
友情点: 0 / 466405`
_2024-06-15 04:41:19_
--------
