【登录信息】
*0cbc3364e79ab54b6b0d44e4c301101d*
`登陆天数: 24天 / 662天
等级: 130
石头: 4059
呼符: 331
体力: 30.260000000000005 / 138
友情点: 0 / 428830`
_2024-06-16 04:30:06_
--------
*468fee8af9c7b7eb08801b1d61f566fa*
`登陆天数: 24天 / 661天
等级: 130
石头: 4076
呼符: 309
体力: 30.230000000000004 / 138
友情点: 0 / 430090`
_2024-06-16 04:30:14_
--------
*66d1ce392af9b66ac0f939c5e6bb98fe*
`登陆天数: 24天 / 662天
等级: 130
石头: 4081
呼符: 306
体力: 30.200000000000003 / 138
友情点: 0 / 430515`
_2024-06-16 04:30:22_
--------
*5f66e86ea3f95f7d0c32acbd90a208f7*
`登陆天数: 24天 / 662天
等级: 130
石头: 4082
呼符: 303
体力: 30.17 / 138
友情点: 0 / 427440`
_2024-06-16 04:30:30_
--------
*a6ca2ab39a0602ed7c544bc2c8191049*
`登陆天数: 24天 / 662天
等级: 130
石头: 4085
呼符: 297
体力: 30.13666666666667 / 138
友情点: 0 / 428355`
_2024-06-16 04:30:38_
--------
*92212256de5a6ad5dada2b0f168b65cd*
`登陆天数: 24天 / 661天
等级: 130
石头: 4059
呼符: 332
体力: 30.10666666666667 / 138
友情点: 0 / 428010`
_2024-06-16 04:30:46_
--------
*b04ebf84e42f63b7f131c17ccdd285f6*
`登陆天数: 24天 / 661天
等级: 130
石头: 4061
呼符: 314
体力: 30.076666666666668 / 138
友情点: 0 / 429145`
_2024-06-16 04:30:54_
--------
*e2b597b9d400eccc20b49da381e39f6e*
`登陆天数: 24天 / 661天
等级: 130
石头: 4062
呼符: 174
体力: 30.043333333333337 / 138
友情点: 0 / 427850`
_2024-06-16 04:31:02_
--------
*4c5413a7eef342442ae1da5117a940a4*
`登陆天数: 24天 / 661天
等级: 130
石头: 4080
呼符: 322
体力: 30.013333333333335 / 138
友情点: 0 / 427815`
_2024-06-16 04:31:11_
--------
*e49ee443bc70e0377715d0df24f0fa7d*
`登陆天数: 24天 / 662天
等级: 130
石头: 4069
呼符: 162
体力: 29.983333333333334 / 138
友情点: 0 / 428595`
_2024-06-16 04:31:19_
--------
*672244f3ba274053e34540fdf74a4f58*
`登陆天数: 24天 / 662天
等级: 130
石头: 4060
呼符: 327
体力: 29.953333333333333 / 138
友情点: 0 / 428425`
_2024-06-16 04:31:27_
--------
*a5c02cc719cb7d0a6c30bb2bcdb8f7c5*
`登陆天数: 24天 / 661天
等级: 130
石头: 4084
呼符: 37
体力: 29.923333333333332 / 138
友情点: 0 / 427395`
_2024-06-16 04:31:35_
--------
*55207a55150be94f5800d72b52a43f0e*
`登陆天数: 24天 / 661天
等级: 130
石头: 4064
呼符: 301
体力: 29.89333333333333 / 138
友情点: 0 / 429130`
_2024-06-16 04:31:43_
--------
*a592723df47e3199ab0353dc646b6791*
`登陆天数: 24天 / 661天
等级: 130
石头: 4086
呼符: 87
体力: 29.86333333333333 / 138
友情点: 0 / 429650`
_2024-06-16 04:31:52_
--------
*4159288e45b91b959d7eca0bf8b44f1d*
`登陆天数: 24天 / 662天
等级: 130
石头: 4070
呼符: 186
体力: 29.836666666666673 / 138
友情点: 0 / 428050`
_2024-06-16 04:32:00_
--------
*a9ce844d652e4e1a1ae32f08533e7ee5*
`登陆天数: 24天 / 662天
等级: 130
石头: 4059
呼符: 333
体力: 29.803333333333327 / 138
友情点: 0 / 428990`
_2024-06-16 04:32:08_
--------
*007ac2d6cef484bc48966d7b37599883*
`登陆天数: 24天 / 662天
等级: 130
石头: 4062
呼符: 304
体力: 29.773333333333326 / 138
友情点: 0 / 428560`
_2024-06-16 04:32:16_
--------
*6c016b6ca650abf7dcfd9259035296a5*
`登陆天数: 24天 / 662天
等级: 130
石头: 4055
呼符: 35
体力: 29.74333333333334 / 138
友情点: 0 / 428820`
_2024-06-16 04:32:24_
--------
*d33aecbe8bcf1ed7f0e6da702cfff1a2*
`登陆天数: 24天 / 662天
等级: 130
石头: 4036
呼符: 241
体力: 29.71333333333334 / 138
友情点: 0 / 427825`
_2024-06-16 04:32:33_
--------
*17bcd2052a6ec1866beae155fc484504*
`登陆天数: 24天 / 661天
等级: 130
石头: 4060
呼符: 194
体力: 29.683333333333337 / 138
友情点: 0 / 429540`
_2024-06-16 04:32:40_
--------
*d0ba28407e264ae54a87471870fe1221*
`登陆天数: 24天 / 661天
等级: 130
石头: 4080
呼符: 34
体力: 29.653333333333336 / 138
友情点: 0 / 429565`
_2024-06-16 04:32:49_
--------
*2547230df974c766395c39ea1dcef0f1*
`登陆天数: 24天 / 662天
等级: 130
石头: 4072
呼符: 322
体力: 29.623333333333335 / 138
友情点: 0 / 428485`
_2024-06-16 04:32:57_
--------
*40c3ae23e191008699138f76d6e89e0c*
`登陆天数: 24天 / 661天
等级: 130
石头: 4059
呼符: 321
体力: 29.593333333333334 / 138
友情点: 0 / 427555`
_2024-06-16 04:33:05_
--------
*43b141e62bc7edea968095e70f70e149*
`登陆天数: 24天 / 661天
等级: 130
石头: 4064
呼符: 304
体力: 29.573333333333338 / 138
友情点: 0 / 428035`
_2024-06-16 04:33:14_
--------
*fa96a51e3723b115878686ea420b22b9*
`登陆天数: 24天 / 661天
等级: 130
石头: 4048
呼符: 262
体力: 29.543333333333337 / 138
友情点: 0 / 428025`
_2024-06-16 04:33:22_
--------
*4450f7c6ca0bc3f1b2e7d9ad0a765fb1*
`登陆天数: 24天 / 661天
等级: 130
石头: 4076
呼符: 226
体力: 29.510000000000005 / 138
友情点: 0 / 429460`
_2024-06-16 04:33:30_
--------
*cdb790e946e1544d62bfe227ac4ad4f4*
`登陆天数: 24天 / 662天
等级: 130
石头: 4064
呼符: 297
体力: 29.480000000000004 / 138
友情点: 0 / 429495`
_2024-06-16 04:33:38_
--------
*373b77034d0e5fb1cfb6671029da2f8a*
`登陆天数: 24天 / 661天
等级: 130
石头: 4057
呼符: 324
体力: 29.456666666666663 / 138
友情点: 0 / 431610`
_2024-06-16 04:33:46_
--------
*0e0b373ba0390fda034ecfd287c6d191*
`登陆天数: 24天 / 662天
等级: 130
石头: 4054
呼符: 312
体力: 29.423333333333332 / 138
友情点: 0 / 429080`
_2024-06-16 04:33:54_
--------
*6889791d1272b4e43053f6f4454b005d*
`登陆天数: 24天 / 661天
等级: 130
石头: 4062
呼符: 302
体力: 29.39666666666666 / 138
友情点: 0 / 426895`
_2024-06-16 04:34:02_
--------
*c46a376e3470f5f04763388807f84663*
`登陆天数: 24天 / 662天
等级: 130
石头: 4055
呼符: 162
体力: 29.36666666666666 / 138
友情点: 0 / 427895`
_2024-06-16 04:34:10_
--------
*7f567968d385747c7735a4100922107e*
`登陆天数: 24天 / 661天
等级: 130
石头: 4060
呼符: 296
体力: 29.340000000000003 / 138
友情点: 0 / 428470`
_2024-06-16 04:34:19_
--------
*ea696e0ef6a30f87b827227a901e3c35*
`登陆天数: 24天 / 661天
等级: 130
石头: 4082
呼符: 210
体力: 29.310000000000002 / 138
友情点: 0 / 427860`
_2024-06-16 04:34:27_
--------
*e6ec277c95853f97cf392b7a24eccf22*
`登陆天数: 24天 / 661天
等级: 130
石头: 4064
呼符: 291
体力: 29.28 / 138
友情点: 0 / 428055`
_2024-06-16 04:34:35_
--------
*bcf9f56e3289fe42920dc9e8e57d219d*
`登陆天数: 24天 / 662天
等级: 130
石头: 4063
呼符: 306
体力: 29.25333333333333 / 138
友情点: 0 / 427990`
_2024-06-16 04:34:43_
--------
*4439867a15aae8cefc8e7104456f376d*
`登陆天数: 24天 / 662天
等级: 130
石头: 4061
呼符: 263
体力: 29.226666666666674 / 138
友情点: 0 / 429120`
_2024-06-16 04:34:51_
--------
*c3c17076c764d027f160be54b59f25de*
`登陆天数: 24天 / 662天
等级: 130
石头: 4101
呼符: 247
体力: 29.189999999999998 / 138
友情点: 0 / 428650`
_2024-06-16 04:34:59_
--------
*a39bcce9016517b8c8148fdaab731f5a*
`登陆天数: 24天 / 662天
等级: 130
石头: 4060
呼符: 247
体力: 29.159999999999997 / 138
友情点: 0 / 429015`
_2024-06-16 04:35:07_
--------
*bf6c5a7a135ad67be1ce0978b9d0441f*
`登陆天数: 24天 / 661天
等级: 130
石头: 4063
呼符: 34
体力: 29.13333333333334 / 138
友情点: 0 / 428905`
_2024-06-16 04:35:15_
--------
*ce59b1db1b4d7987523ee59ae90d76a5*
`登陆天数: 24天 / 662天
等级: 130
石头: 4018
呼符: 75
体力: 29.10333333333334 / 138
友情点: 0 / 430730`
_2024-06-16 04:35:24_
--------
*e1f040d20576ba77417e03d5644da34d*
`登陆天数: 24天 / 661天
等级: 130
石头: 4056
呼符: 328
体力: 29.073333333333338 / 138
友情点: 0 / 427885`
_2024-06-16 04:35:31_
--------
*815f9ef9597d7ec1aecee39f56b82665*
`登陆天数: 24天 / 662天
等级: 130
石头: 4076
呼符: 175
体力: 29.043333333333337 / 138
友情点: 0 / 429160`
_2024-06-16 04:35:40_
--------
*dea2da73829a40e8ba4b2cf0d6e0eb3c*
`登陆天数: 24天 / 662天
等级: 130
石头: 4054
呼符: 124
体力: 29.013333333333335 / 138
友情点: 0 / 427805`
_2024-06-16 04:35:48_
--------
*63236f2bd12bf4a40f6242f27524eb03*
`登陆天数: 24天 / 662天
等级: 130
石头: 4058
呼符: 35
体力: 28.986666666666665 / 138
友情点: 0 / 428335`
_2024-06-16 04:35:56_
--------
*41d052981db116e72a13ba2b292b2833*
`登陆天数: 24天 / 662天
等级: 130
石头: 4077
呼符: 241
体力: 28.956666666666663 / 138
友情点: 0 / 428540`
_2024-06-16 04:36:04_
--------
*e78d3162d44eb46724e7673377e4ffa8*
`登陆天数: 24天 / 662天
等级: 130
石头: 4063
呼符: 266
体力: 28.930000000000007 / 138
友情点: 0 / 428795`
_2024-06-16 04:36:12_
--------
*d7cf1da456096195fdc8f1865baf7d51*
`登陆天数: 24天 / 662天
等级: 130
石头: 4082
呼符: 325
体力: 28.903333333333336 / 138
友情点: 0 / 429840`
_2024-06-16 04:36:20_
--------
*203769365292043322c1e89fac8a5581*
`登陆天数: 24天 / 661天
等级: 130
石头: 4078
呼符: 299
体力: 28.873333333333335 / 138
友情点: 0 / 428825`
_2024-06-16 04:36:28_
--------
*56cf6ced41bcdfa4da364bdbaff2beba*
`登陆天数: 24天 / 662天
等级: 130
石头: 4061
呼符: 239
体力: 28.843333333333334 / 138
友情点: 0 / 429205`
_2024-06-16 04:36:37_
--------
*4df28e0ed07472e9ad4d9f5573ab6fcb*
`登陆天数: 24天 / 662天
等级: 130
石头: 4007
呼符: 299
体力: 18773.616666666665 / 138
友情点: 0 / 466405`
_2024-06-16 04:36:45_
--------
