【登录信息】
*0cbc3364e79ab54b6b0d44e4c301101d*
`登陆天数: 25天 / 663天
等级: 130
石头: 4060
呼符: 331
体力: 30.586666666666673 / 138
友情点: 0 / 422830`
_2024-06-17 04:33:50_
--------
*468fee8af9c7b7eb08801b1d61f566fa*
`登陆天数: 25天 / 662天
等级: 130
石头: 4077
呼符: 309
体力: 30.556666666666672 / 138
友情点: 0 / 424090`
_2024-06-17 04:33:58_
--------
*66d1ce392af9b66ac0f939c5e6bb98fe*
`登陆天数: 25天 / 663天
等级: 130
石头: 4082
呼符: 306
体力: 30.52666666666667 / 138
友情点: 0 / 424515`
_2024-06-17 04:34:06_
--------
*5f66e86ea3f95f7d0c32acbd90a208f7*
`登陆天数: 25天 / 663天
等级: 130
石头: 4083
呼符: 303
体力: 30.49666666666667 / 138
友情点: 0 / 421440`
_2024-06-17 04:34:14_
--------
*a6ca2ab39a0602ed7c544bc2c8191049*
`登陆天数: 25天 / 663天
等级: 130
石头: 4086
呼符: 297
体力: 30.46666666666667 / 138
友情点: 0 / 422355`
_2024-06-17 04:34:22_
--------
*92212256de5a6ad5dada2b0f168b65cd*
`登陆天数: 25天 / 662天
等级: 130
石头: 4060
呼符: 332
体力: 30.436666666666667 / 138
友情点: 0 / 422010`
_2024-06-17 04:34:31_
--------
*b04ebf84e42f63b7f131c17ccdd285f6*
`登陆天数: 25天 / 662天
等级: 130
石头: 4062
呼符: 314
体力: 30.409999999999997 / 138
友情点: 0 / 423145`
_2024-06-17 04:34:39_
--------
*e2b597b9d400eccc20b49da381e39f6e*
`登陆天数: 25天 / 662天
等级: 130
石头: 4063
呼符: 174
体力: 30.38333333333334 / 138
友情点: 0 / 421850`
_2024-06-17 04:34:47_
--------
*4c5413a7eef342442ae1da5117a940a4*
`登陆天数: 25天 / 662天
等级: 130
石头: 4081
呼符: 322
体力: 30.349999999999994 / 138
友情点: 0 / 421815`
_2024-06-17 04:34:55_
--------
*e49ee443bc70e0377715d0df24f0fa7d*
`登陆天数: 25天 / 663天
等级: 130
石头: 4070
呼符: 162
体力: 30.323333333333338 / 138
友情点: 0 / 422595`
_2024-06-17 04:35:03_
--------
*672244f3ba274053e34540fdf74a4f58*
`登陆天数: 25天 / 663天
等级: 130
石头: 4061
呼符: 327
体力: 30.293333333333337 / 138
友情点: 0 / 422425`
_2024-06-17 04:35:11_
--------
*a5c02cc719cb7d0a6c30bb2bcdb8f7c5*
`登陆天数: 25天 / 662天
等级: 130
石头: 4085
呼符: 37
体力: 30.260000000000005 / 138
友情点: 0 / 421395`
_2024-06-17 04:35:19_
--------
*55207a55150be94f5800d72b52a43f0e*
`登陆天数: 25天 / 662天
等级: 130
石头: 4065
呼符: 301
体力: 30.230000000000004 / 138
友情点: 0 / 423130`
_2024-06-17 04:35:27_
--------
*a592723df47e3199ab0353dc646b6791*
`登陆天数: 25天 / 662天
等级: 130
石头: 4087
呼符: 87
体力: 30.200000000000003 / 138
友情点: 0 / 423650`
_2024-06-17 04:35:36_
--------
*4159288e45b91b959d7eca0bf8b44f1d*
`登陆天数: 25天 / 663天
等级: 130
石头: 4071
呼符: 186
体力: 30.17 / 138
友情点: 0 / 422050`
_2024-06-17 04:35:44_
--------
*a9ce844d652e4e1a1ae32f08533e7ee5*
`登陆天数: 25天 / 663天
等级: 130
石头: 4060
呼符: 333
体力: 30.14 / 138
友情点: 0 / 422990`
_2024-06-17 04:35:52_
--------
*007ac2d6cef484bc48966d7b37599883*
`登陆天数: 25天 / 663天
等级: 130
石头: 4063
呼符: 304
体力: 30.11 / 138
友情点: 0 / 422560`
_2024-06-17 04:36:00_
--------
*6c016b6ca650abf7dcfd9259035296a5*
`登陆天数: 25天 / 663天
等级: 130
石头: 4056
呼符: 35
体力: 30.08 / 138
友情点: 0 / 422820`
_2024-06-17 04:36:08_
--------
*d33aecbe8bcf1ed7f0e6da702cfff1a2*
`登陆天数: 25天 / 663天
等级: 130
石头: 4037
呼符: 241
体力: 30.049999999999997 / 138
友情点: 0 / 421825`
_2024-06-17 04:36:16_
--------
*17bcd2052a6ec1866beae155fc484504*
`登陆天数: 25天 / 662天
等级: 130
石头: 4061
呼符: 194
体力: 30.019999999999996 / 138
友情点: 0 / 423540`
_2024-06-17 04:36:24_
--------
*d0ba28407e264ae54a87471870fe1221*
`登陆天数: 25天 / 662天
等级: 130
石头: 4081
呼符: 34
体力: 29.989999999999995 / 138
友情点: 0 / 423565`
_2024-06-17 04:36:32_
--------
*2547230df974c766395c39ea1dcef0f1*
`登陆天数: 25天 / 663天
等级: 130
石头: 4073
呼符: 322
体力: 29.96666666666667 / 138
友情点: 0 / 422485`
_2024-06-17 04:36:40_
--------
*40c3ae23e191008699138f76d6e89e0c*
`登陆天数: 25天 / 662天
等级: 130
石头: 4060
呼符: 321
体力: 29.936666666666667 / 138
友情点: 0 / 421555`
_2024-06-17 04:36:48_
--------
*43b141e62bc7edea968095e70f70e149*
`登陆天数: 25天 / 662天
等级: 130
石头: 4065
呼符: 304
体力: 29.906666666666666 / 138
友情点: 0 / 422035`
_2024-06-17 04:36:57_
--------
*fa96a51e3723b115878686ea420b22b9*
`登陆天数: 25天 / 662天
等级: 130
石头: 4049
呼符: 262
体力: 29.876666666666665 / 138
友情点: 0 / 422025`
_2024-06-17 04:37:04_
--------
*4450f7c6ca0bc3f1b2e7d9ad0a765fb1*
`登陆天数: 25天 / 662天
等级: 130
石头: 4077
呼符: 226
体力: 29.846666666666664 / 138
友情点: 0 / 423460`
_2024-06-17 04:37:12_
--------
*cdb790e946e1544d62bfe227ac4ad4f4*
`登陆天数: 25天 / 663天
等级: 130
石头: 4065
呼符: 297
体力: 29.816666666666663 / 138
友情点: 0 / 423495`
_2024-06-17 04:37:20_
--------
*373b77034d0e5fb1cfb6671029da2f8a*
`登陆天数: 25天 / 662天
等级: 130
石头: 4058
呼符: 324
体力: 29.78666666666666 / 138
友情点: 0 / 425610`
_2024-06-17 04:37:28_
--------
*0e0b373ba0390fda034ecfd287c6d191*
`登陆天数: 25天 / 663天
等级: 130
石头: 4055
呼符: 312
体力: 29.75333333333333 / 138
友情点: 0 / 423080`
_2024-06-17 04:37:36_
--------
*6889791d1272b4e43053f6f4454b005d*
`登陆天数: 25天 / 662天
等级: 130
石头: 4063
呼符: 302
体力: 29.72333333333333 / 138
友情点: 0 / 420895`
_2024-06-17 04:37:44_
--------
*c46a376e3470f5f04763388807f84663*
`登陆天数: 25天 / 663天
等级: 130
石头: 4056
呼符: 162
体力: 29.693333333333328 / 138
友情点: 0 / 421895`
_2024-06-17 04:37:52_
--------
*7f567968d385747c7735a4100922107e*
`登陆天数: 25天 / 662天
等级: 130
石头: 4061
呼符: 296
体力: 29.66666666666667 / 138
友情点: 0 / 422470`
_2024-06-17 04:38:01_
--------
*ea696e0ef6a30f87b827227a901e3c35*
`登陆天数: 25天 / 662天
等级: 130
石头: 4083
呼符: 210
体力: 29.63333333333334 / 138
友情点: 0 / 421860`
_2024-06-17 04:38:09_
--------
*e6ec277c95853f97cf392b7a24eccf22*
`登陆天数: 25天 / 662天
等级: 130
石头: 4065
呼符: 291
体力: 29.60333333333334 / 138
友情点: 0 / 422055`
_2024-06-17 04:38:17_
--------
*bcf9f56e3289fe42920dc9e8e57d219d*
`登陆天数: 25天 / 663天
等级: 130
石头: 4064
呼符: 306
体力: 29.576666666666668 / 138
友情点: 0 / 421990`
_2024-06-17 04:38:25_
--------
*4439867a15aae8cefc8e7104456f376d*
`登陆天数: 25天 / 663天
等级: 130
石头: 4062
呼符: 263
体力: 29.546666666666667 / 138
友情点: 0 / 423120`
_2024-06-17 04:38:33_
--------
*c3c17076c764d027f160be54b59f25de*
`登陆天数: 25天 / 663天
等级: 130
石头: 4102
呼符: 247
体力: 29.516666666666666 / 138
友情点: 0 / 422650`
_2024-06-17 04:38:41_
--------
*a39bcce9016517b8c8148fdaab731f5a*
`登陆天数: 25天 / 663天
等级: 130
石头: 4061
呼符: 247
体力: 29.489999999999995 / 138
友情点: 0 / 423015`
_2024-06-17 04:38:50_
--------
*bf6c5a7a135ad67be1ce0978b9d0441f*
`登陆天数: 25天 / 662天
等级: 130
石头: 4064
呼符: 34
体力: 29.456666666666663 / 138
友情点: 0 / 422905`
_2024-06-17 04:38:57_
--------
*ce59b1db1b4d7987523ee59ae90d76a5*
`登陆天数: 25天 / 663天
等级: 130
石头: 4019
呼符: 75
体力: 29.430000000000007 / 138
友情点: 0 / 424730`
_2024-06-17 04:39:05_
--------
*e1f040d20576ba77417e03d5644da34d*
`登陆天数: 25天 / 662天
等级: 130
石头: 4057
呼符: 328
体力: 29.400000000000006 / 138
友情点: 0 / 421885`
_2024-06-17 04:39:14_
--------
*815f9ef9597d7ec1aecee39f56b82665*
`登陆天数: 25天 / 663天
等级: 130
石头: 4077
呼符: 175
体力: 29.373333333333335 / 138
友情点: 0 / 423160`
_2024-06-17 04:39:21_
--------
*dea2da73829a40e8ba4b2cf0d6e0eb3c*
`登陆天数: 25天 / 663天
等级: 130
石头: 4055
呼符: 124
体力: 29.343333333333334 / 138
友情点: 0 / 421805`
_2024-06-17 04:39:29_
--------
*63236f2bd12bf4a40f6242f27524eb03*
`登陆天数: 25天 / 663天
等级: 130
石头: 4059
呼符: 35
体力: 29.316666666666663 / 138
友情点: 0 / 422335`
_2024-06-17 04:39:37_
--------
*41d052981db116e72a13ba2b292b2833*
`登陆天数: 25天 / 663天
等级: 130
石头: 4078
呼符: 241
体力: 29.28333333333333 / 138
友情点: 0 / 422540`
_2024-06-17 04:39:45_
--------
*e78d3162d44eb46724e7673377e4ffa8*
`登陆天数: 25天 / 663天
等级: 130
石头: 4064
呼符: 266
体力: 29.25 / 138
友情点: 0 / 422795`
_2024-06-17 04:39:53_
--------
*d7cf1da456096195fdc8f1865baf7d51*
`登陆天数: 25天 / 663天
等级: 130
石头: 4083
呼符: 325
体力: 29.22333333333333 / 138
友情点: 0 / 423840`
_2024-06-17 04:40:01_
--------
*203769365292043322c1e89fac8a5581*
`登陆天数: 25天 / 662天
等级: 130
石头: 4079
呼符: 299
体力: 29.193333333333328 / 138
友情点: 0 / 422825`
_2024-06-17 04:40:09_
--------
*56cf6ced41bcdfa4da364bdbaff2beba*
`登陆天数: 25天 / 663天
等级: 130
石头: 4062
呼符: 239
体力: 29.163333333333327 / 138
友情点: 0 / 423205`
_2024-06-17 04:40:17_
--------
*4df28e0ed07472e9ad4d9f5573ab6fcb*
`登陆天数: 25天 / 663天
等级: 130
石头: 4007
呼符: 299
体力: 19062.353333333333 / 138
友情点: 0 / 466405`
_2024-06-17 04:40:26_
--------
