【登录信息】
*0cbc3364e79ab54b6b0d44e4c301101d*
`登陆天数: 26天 / 664天
等级: 130
石头: 4060
呼符: 331
体力: 29.86 / 138
友情点: 0 / 416830`
_2024-06-18 04:30:52_
--------
*468fee8af9c7b7eb08801b1d61f566fa*
`登陆天数: 26天 / 663天
等级: 130
石头: 4077
呼符: 309
体力: 29.83 / 138
友情点: 0 / 418090`
_2024-06-18 04:30:59_
--------
*66d1ce392af9b66ac0f939c5e6bb98fe*
`登陆天数: 26天 / 664天
等级: 130
石头: 4082
呼符: 306
体力: 29.796666666666667 / 138
友情点: 0 / 418515`
_2024-06-18 04:31:07_
--------
*5f66e86ea3f95f7d0c32acbd90a208f7*
`登陆天数: 26天 / 664天
等级: 130
石头: 4083
呼符: 303
体力: 29.769999999999996 / 138
友情点: 0 / 415440`
_2024-06-18 04:31:15_
--------
*a6ca2ab39a0602ed7c544bc2c8191049*
`登陆天数: 26天 / 664天
等级: 130
石头: 4086
呼符: 297
体力: 29.74333333333334 / 138
友情点: 0 / 416355`
_2024-06-18 04:31:23_
--------
*92212256de5a6ad5dada2b0f168b65cd*
`登陆天数: 26天 / 663天
等级: 130
石头: 4060
呼符: 332
体力: 29.71333333333334 / 138
友情点: 0 / 416010`
_2024-06-18 04:31:30_
--------
*b04ebf84e42f63b7f131c17ccdd285f6*
`登陆天数: 26天 / 663天
等级: 130
石头: 4062
呼符: 314
体力: 29.683333333333337 / 138
友情点: 0 / 417145`
_2024-06-18 04:31:38_
--------
*e2b597b9d400eccc20b49da381e39f6e*
`登陆天数: 26天 / 663天
等级: 130
石头: 4063
呼符: 174
体力: 29.656666666666666 / 138
友情点: 0 / 415850`
_2024-06-18 04:31:46_
--------
*4c5413a7eef342442ae1da5117a940a4*
`登陆天数: 26天 / 663天
等级: 130
石头: 4081
呼符: 322
体力: 29.629999999999995 / 138
友情点: 0 / 415815`
_2024-06-18 04:31:53_
--------
*e49ee443bc70e0377715d0df24f0fa7d*
`登陆天数: 26天 / 664天
等级: 130
石头: 4070
呼符: 162
体力: 29.599999999999994 / 138
友情点: 0 / 416595`
_2024-06-18 04:32:01_
--------
*672244f3ba274053e34540fdf74a4f58*
`登陆天数: 26天 / 664天
等级: 130
石头: 4061
呼符: 327
体力: 29.573333333333338 / 138
友情点: 0 / 416425`
_2024-06-18 04:32:09_
--------
*a5c02cc719cb7d0a6c30bb2bcdb8f7c5*
`登陆天数: 26天 / 663天
等级: 130
石头: 4085
呼符: 37
体力: 29.543333333333337 / 138
友情点: 0 / 415395`
_2024-06-18 04:32:16_
--------
*55207a55150be94f5800d72b52a43f0e*
`登陆天数: 26天 / 663天
等级: 130
石头: 4065
呼符: 301
体力: 29.513333333333335 / 138
友情点: 0 / 417130`
_2024-06-18 04:32:24_
--------
*a592723df47e3199ab0353dc646b6791*
`登陆天数: 26天 / 663天
等级: 130
石头: 4087
呼符: 87
体力: 29.486666666666665 / 138
友情点: 0 / 417650`
_2024-06-18 04:32:32_
--------
*4159288e45b91b959d7eca0bf8b44f1d*
`登陆天数: 26天 / 664天
等级: 130
石头: 4071
呼符: 186
体力: 29.459999999999994 / 138
友情点: 0 / 416050`
_2024-06-18 04:32:40_
--------
*a9ce844d652e4e1a1ae32f08533e7ee5*
`登陆天数: 26天 / 664天
等级: 130
石头: 4060
呼符: 333
体力: 29.433333333333337 / 138
友情点: 0 / 416990`
_2024-06-18 04:32:47_
--------
*007ac2d6cef484bc48966d7b37599883*
`登陆天数: 26天 / 664天
等级: 130
石头: 4063
呼符: 304
体力: 29.403333333333336 / 138
友情点: 0 / 416560`
_2024-06-18 04:32:55_
--------
*6c016b6ca650abf7dcfd9259035296a5*
`登陆天数: 26天 / 664天
等级: 130
石头: 4056
呼符: 35
体力: 29.373333333333335 / 138
友情点: 0 / 416820`
_2024-06-18 04:33:03_
--------
*d33aecbe8bcf1ed7f0e6da702cfff1a2*
`登陆天数: 26天 / 664天
等级: 130
石头: 4037
呼符: 241
体力: 29.346666666666664 / 138
友情点: 0 / 415825`
_2024-06-18 04:33:11_
--------
*17bcd2052a6ec1866beae155fc484504*
`登陆天数: 26天 / 663天
等级: 130
石头: 4061
呼符: 194
体力: 29.319999999999993 / 138
友情点: 0 / 417540`
_2024-06-18 04:33:18_
--------
*d0ba28407e264ae54a87471870fe1221*
`登陆天数: 26天 / 663天
等级: 130
石头: 4081
呼符: 34
体力: 29.28666666666666 / 138
友情点: 0 / 417565`
_2024-06-18 04:33:26_
--------
*2547230df974c766395c39ea1dcef0f1*
`登陆天数: 26天 / 664天
等级: 130
石头: 4073
呼符: 322
体力: 29.260000000000005 / 138
友情点: 0 / 416485`
_2024-06-18 04:33:34_
--------
*40c3ae23e191008699138f76d6e89e0c*
`登陆天数: 26天 / 663天
等级: 130
石头: 4060
呼符: 321
体力: 29.233333333333334 / 138
友情点: 0 / 415555`
_2024-06-18 04:33:42_
--------
*43b141e62bc7edea968095e70f70e149*
`登陆天数: 26天 / 663天
等级: 130
石头: 4065
呼符: 304
体力: 29.203333333333333 / 138
友情点: 0 / 416035`
_2024-06-18 04:33:49_
--------
*fa96a51e3723b115878686ea420b22b9*
`登陆天数: 26天 / 663天
等级: 130
石头: 4049
呼符: 262
体力: 29.176666666666662 / 138
友情点: 0 / 416025`
_2024-06-18 04:33:57_
--------
*4450f7c6ca0bc3f1b2e7d9ad0a765fb1*
`登陆天数: 26天 / 663天
等级: 130
石头: 4077
呼符: 226
体力: 29.14666666666666 / 138
友情点: 0 / 417460`
_2024-06-18 04:34:04_
--------
*cdb790e946e1544d62bfe227ac4ad4f4*
`登陆天数: 26天 / 664天
等级: 130
石头: 4065
呼符: 297
体力: 29.120000000000005 / 138
友情点: 0 / 417495`
_2024-06-18 04:34:12_
--------
*373b77034d0e5fb1cfb6671029da2f8a*
`登陆天数: 26天 / 663天
等级: 130
石头: 4058
呼符: 324
体力: 29.090000000000003 / 138
友情点: 0 / 419610`
_2024-06-18 04:34:20_
--------
*0e0b373ba0390fda034ecfd287c6d191*
`登陆天数: 26天 / 664天
等级: 130
石头: 4055
呼符: 312
体力: 29.063333333333333 / 138
友情点: 0 / 417080`
_2024-06-18 04:34:28_
--------
*6889791d1272b4e43053f6f4454b005d*
`登陆天数: 26天 / 663天
等级: 130
石头: 4063
呼符: 302
体力: 29.03666666666666 / 138
友情点: 0 / 414895`
_2024-06-18 04:34:35_
--------
*c46a376e3470f5f04763388807f84663*
`登陆天数: 26天 / 664天
等级: 130
石头: 4056
呼符: 162
体力: 29.010000000000005 / 138
友情点: 0 / 415895`
_2024-06-18 04:34:43_
--------
*7f567968d385747c7735a4100922107e*
`登陆天数: 26天 / 663天
等级: 130
石头: 4061
呼符: 296
体力: 28.980000000000004 / 138
友情点: 0 / 416470`
_2024-06-18 04:34:51_
--------
*ea696e0ef6a30f87b827227a901e3c35*
`登陆天数: 26天 / 663天
等级: 130
石头: 4083
呼符: 210
体力: 28.950000000000003 / 138
友情点: 0 / 415860`
_2024-06-18 04:34:58_
--------
*e6ec277c95853f97cf392b7a24eccf22*
`登陆天数: 26天 / 663天
等级: 130
石头: 4065
呼符: 291
体力: 28.92 / 138
友情点: 0 / 416055`
_2024-06-18 04:35:06_
--------
*bcf9f56e3289fe42920dc9e8e57d219d*
`登陆天数: 26天 / 664天
等级: 130
石头: 4064
呼符: 306
体力: 28.89333333333333 / 138
友情点: 0 / 415990`
_2024-06-18 04:35:14_
--------
*4439867a15aae8cefc8e7104456f376d*
`登陆天数: 26天 / 664天
等级: 130
石头: 4062
呼符: 263
体力: 28.86333333333333 / 138
友情点: 0 / 417120`
_2024-06-18 04:35:22_
--------
*c3c17076c764d027f160be54b59f25de*
`登陆天数: 26天 / 664天
等级: 130
石头: 4102
呼符: 247
体力: 28.836666666666673 / 138
友情点: 0 / 416650`
_2024-06-18 04:35:30_
--------
*a39bcce9016517b8c8148fdaab731f5a*
`登陆天数: 26天 / 664天
等级: 130
石头: 4061
呼符: 247
体力: 28.810000000000002 / 138
友情点: 0 / 417015`
_2024-06-18 04:35:37_
--------
*bf6c5a7a135ad67be1ce0978b9d0441f*
`登陆天数: 26天 / 663天
等级: 130
石头: 4064
呼符: 34
体力: 28.78 / 138
友情点: 0 / 416905`
_2024-06-18 04:35:45_
--------
*ce59b1db1b4d7987523ee59ae90d76a5*
`登陆天数: 26天 / 664天
等级: 130
石头: 4019
呼符: 75
体力: 28.75333333333333 / 138
友情点: 0 / 418730`
_2024-06-18 04:35:53_
--------
*e1f040d20576ba77417e03d5644da34d*
`登陆天数: 26天 / 663天
等级: 130
石头: 4057
呼符: 328
体力: 28.72333333333333 / 138
友情点: 0 / 415885`
_2024-06-18 04:36:00_
--------
*815f9ef9597d7ec1aecee39f56b82665*
`登陆天数: 26天 / 664天
等级: 130
石头: 4077
呼符: 175
体力: 28.693333333333328 / 138
友情点: 0 / 417160`
_2024-06-18 04:36:08_
--------
*dea2da73829a40e8ba4b2cf0d6e0eb3c*
`登陆天数: 26天 / 664天
等级: 130
石头: 4055
呼符: 124
体力: 28.66666666666667 / 138
友情点: 0 / 415805`
_2024-06-18 04:36:16_
--------
*63236f2bd12bf4a40f6242f27524eb03*
`登陆天数: 26天 / 664天
等级: 130
石头: 4059
呼符: 35
体力: 28.64 / 138
友情点: 0 / 416335`
_2024-06-18 04:36:23_
--------
*41d052981db116e72a13ba2b292b2833*
`登陆天数: 26天 / 664天
等级: 130
石头: 4078
呼符: 241
体力: 28.61 / 138
友情点: 0 / 416540`
_2024-06-18 04:36:31_
--------
*e78d3162d44eb46724e7673377e4ffa8*
`登陆天数: 26天 / 664天
等级: 130
石头: 4064
呼符: 266
体力: 28.58 / 138
友情点: 0 / 416795`
_2024-06-18 04:36:39_
--------
*d7cf1da456096195fdc8f1865baf7d51*
`登陆天数: 26天 / 664天
等级: 130
石头: 4083
呼符: 325
体力: 28.553333333333327 / 138
友情点: 0 / 417840`
_2024-06-18 04:36:46_
--------
*203769365292043322c1e89fac8a5581*
`登陆天数: 26天 / 663天
等级: 130
石头: 4079
呼符: 299
体力: 28.519999999999996 / 138
友情点: 0 / 416825`
_2024-06-18 04:36:54_
--------
*56cf6ced41bcdfa4da364bdbaff2beba*
`登陆天数: 26天 / 664天
等级: 130
石头: 4062
呼符: 239
体力: 28.49333333333334 / 138
友情点: 0 / 417205`
_2024-06-18 04:37:01_
--------
*4df28e0ed07472e9ad4d9f5573ab6fcb*
`登陆天数: 26天 / 664天
等级: 130
石头: 4007
呼符: 299
体力: 19349.7 / 138
友情点: 0 / 466405`
_2024-06-18 04:37:09_
--------
