【登录信息】
*0cbc3364e79ab54b6b0d44e4c301101d*
`登陆天数: 29天 / 667天
等级: 130
石头: 4068
呼符: 332
体力: 29.97 / 138
友情点: 0 / 400830`
_2024-06-21 04:31:09_
--------
*468fee8af9c7b7eb08801b1d61f566fa*
`登陆天数: 29天 / 666天
等级: 130
石头: 4085
呼符: 310
体力: 29.939999999999998 / 138
友情点: 0 / 402090`
_2024-06-21 04:31:17_
--------
*66d1ce392af9b66ac0f939c5e6bb98fe*
`登陆天数: 29天 / 667天
等级: 130
石头: 4090
呼符: 307
体力: 29.909999999999997 / 138
友情点: 0 / 402515`
_2024-06-21 04:31:25_
--------
*5f66e86ea3f95f7d0c32acbd90a208f7*
`登陆天数: 29天 / 667天
等级: 130
石头: 4091
呼符: 304
体力: 29.88333333333334 / 138
友情点: 0 / 399440`
_2024-06-21 04:31:33_
--------
*a6ca2ab39a0602ed7c544bc2c8191049*
`登陆天数: 29天 / 667天
等级: 130
石头: 4094
呼符: 298
体力: 29.85666666666667 / 138
友情点: 0 / 400355`
_2024-06-21 04:31:42_
--------
*92212256de5a6ad5dada2b0f168b65cd*
`登陆天数: 29天 / 666天
等级: 130
石头: 4068
呼符: 333
体力: 29.83 / 138
友情点: 0 / 400010`
_2024-06-21 04:31:50_
--------
*b04ebf84e42f63b7f131c17ccdd285f6*
`登陆天数: 29天 / 666天
等级: 130
石头: 4070
呼符: 315
体力: 29.803333333333327 / 138
友情点: 0 / 401145`
_2024-06-21 04:31:58_
--------
*e2b597b9d400eccc20b49da381e39f6e*
`登陆天数: 29天 / 666天
等级: 130
石头: 4071
呼符: 175
体力: 29.78 / 138
友情点: 0 / 399850`
_2024-06-21 04:32:06_
--------
*4c5413a7eef342442ae1da5117a940a4*
`登陆天数: 29天 / 666天
等级: 130
石头: 4089
呼符: 323
体力: 29.75333333333333 / 138
友情点: 0 / 399815`
_2024-06-21 04:32:14_
--------
*e49ee443bc70e0377715d0df24f0fa7d*
`登陆天数: 29天 / 667天
等级: 130
石头: 4078
呼符: 163
体力: 29.72333333333333 / 138
友情点: 0 / 400595`
_2024-06-21 04:32:22_
--------
*672244f3ba274053e34540fdf74a4f58*
`登陆天数: 29天 / 667天
等级: 130
石头: 4069
呼符: 328
体力: 29.696666666666673 / 138
友情点: 0 / 400425`
_2024-06-21 04:32:30_
--------
*a5c02cc719cb7d0a6c30bb2bcdb8f7c5*
`登陆天数: 29天 / 666天
等级: 130
石头: 4093
呼符: 38
体力: 29.67 / 138
友情点: 0 / 399395`
_2024-06-21 04:32:39_
--------
*55207a55150be94f5800d72b52a43f0e*
`登陆天数: 29天 / 666天
等级: 130
石头: 4073
呼符: 302
体力: 29.64333333333333 / 138
友情点: 0 / 401130`
_2024-06-21 04:32:47_
--------
*a592723df47e3199ab0353dc646b6791*
`登陆天数: 29天 / 666天
等级: 130
石头: 4095
呼符: 88
体力: 29.620000000000005 / 138
友情点: 0 / 401650`
_2024-06-21 04:32:55_
--------
*4159288e45b91b959d7eca0bf8b44f1d*
`登陆天数: 29天 / 667天
等级: 130
石头: 4079
呼符: 187
体力: 29.593333333333334 / 138
友情点: 0 / 400050`
_2024-06-21 04:33:03_
--------
*a9ce844d652e4e1a1ae32f08533e7ee5*
`登陆天数: 29天 / 667天
等级: 130
石头: 4068
呼符: 334
体力: 29.569999999999993 / 138
友情点: 0 / 400990`
_2024-06-21 04:33:12_
--------
*007ac2d6cef484bc48966d7b37599883*
`登陆天数: 29天 / 667天
等级: 130
石头: 4071
呼符: 305
体力: 29.543333333333337 / 138
友情点: 0 / 400560`
_2024-06-21 04:33:20_
--------
*6c016b6ca650abf7dcfd9259035296a5*
`登陆天数: 29天 / 667天
等级: 130
石头: 4064
呼符: 36
体力: 29.516666666666666 / 138
友情点: 0 / 400820`
_2024-06-21 04:33:28_
--------
*d33aecbe8bcf1ed7f0e6da702cfff1a2*
`登陆天数: 29天 / 667天
等级: 130
石头: 4045
呼符: 242
体力: 29.489999999999995 / 138
友情点: 0 / 399825`
_2024-06-21 04:33:36_
--------
*17bcd2052a6ec1866beae155fc484504*
`登陆天数: 29天 / 666天
等级: 130
石头: 4069
呼符: 195
体力: 29.46333333333334 / 138
友情点: 0 / 401540`
_2024-06-21 04:33:44_
--------
*d0ba28407e264ae54a87471870fe1221*
`登陆天数: 29天 / 666天
等级: 130
石头: 4089
呼符: 35
体力: 29.436666666666667 / 138
友情点: 0 / 401565`
_2024-06-21 04:33:52_
--------
*2547230df974c766395c39ea1dcef0f1*
`登陆天数: 29天 / 667天
等级: 130
石头: 4081
呼符: 323
体力: 29.409999999999997 / 138
友情点: 0 / 400485`
_2024-06-21 04:34:00_
--------
*40c3ae23e191008699138f76d6e89e0c*
`登陆天数: 29天 / 666天
等级: 130
石头: 4068
呼符: 322
体力: 29.38333333333334 / 138
友情点: 0 / 399555`
_2024-06-21 04:34:08_
--------
*43b141e62bc7edea968095e70f70e149*
`登陆天数: 29天 / 666天
等级: 130
石头: 4073
呼符: 305
体力: 29.35666666666667 / 138
友情点: 0 / 400035`
_2024-06-21 04:34:17_
--------
*fa96a51e3723b115878686ea420b22b9*
`登陆天数: 29天 / 666天
等级: 130
石头: 4057
呼符: 263
体力: 29.33 / 138
友情点: 0 / 400025`
_2024-06-21 04:34:25_
--------
*4450f7c6ca0bc3f1b2e7d9ad0a765fb1*
`登陆天数: 29天 / 666天
等级: 130
石头: 4085
呼符: 227
体力: 29.299999999999997 / 138
友情点: 0 / 401460`
_2024-06-21 04:34:33_
--------
*cdb790e946e1544d62bfe227ac4ad4f4*
`登陆天数: 29天 / 667天
等级: 130
石头: 4073
呼符: 298
体力: 29.273333333333326 / 138
友情点: 0 / 401495`
_2024-06-21 04:34:40_
--------
*373b77034d0e5fb1cfb6671029da2f8a*
`登陆天数: 29天 / 666天
等级: 130
石头: 4066
呼符: 325
体力: 29.24666666666667 / 138
友情点: 0 / 403610`
_2024-06-21 04:34:48_
--------
*0e0b373ba0390fda034ecfd287c6d191*
`登陆天数: 29天 / 667天
等级: 130
石头: 4063
呼符: 313
体力: 29.22 / 138
友情点: 0 / 401080`
_2024-06-21 04:34:56_
--------
*6889791d1272b4e43053f6f4454b005d*
`登陆天数: 29天 / 666天
等级: 130
石头: 4071
呼符: 303
体力: 29.193333333333328 / 138
友情点: 0 / 398895`
_2024-06-21 04:35:04_
--------
*c46a376e3470f5f04763388807f84663*
`登陆天数: 29天 / 667天
等级: 130
石头: 4064
呼符: 163
体力: 29.16666666666667 / 138
友情点: 0 / 399895`
_2024-06-21 04:35:12_
--------
*7f567968d385747c7735a4100922107e*
`登陆天数: 29天 / 666天
等级: 130
石头: 4069
呼符: 297
体力: 29.14 / 138
友情点: 0 / 400470`
_2024-06-21 04:35:20_
--------
*ea696e0ef6a30f87b827227a901e3c35*
`登陆天数: 29天 / 666天
等级: 130
石头: 4091
呼符: 211
体力: 29.11 / 138
友情点: 0 / 399860`
_2024-06-21 04:35:28_
--------
*e6ec277c95853f97cf392b7a24eccf22*
`登陆天数: 29天 / 666天
等级: 130
石头: 4073
呼符: 292
体力: 29.08333333333333 / 138
友情点: 0 / 400055`
_2024-06-21 04:35:37_
--------
*bcf9f56e3289fe42920dc9e8e57d219d*
`登陆天数: 29天 / 667天
等级: 130
石头: 4072
呼符: 307
体力: 29.056666666666672 / 138
友情点: 0 / 399990`
_2024-06-21 04:35:44_
--------
*4439867a15aae8cefc8e7104456f376d*
`登陆天数: 29天 / 667天
等级: 130
石头: 4070
呼符: 264
体力: 29.03 / 138
友情点: 0 / 401120`
_2024-06-21 04:35:52_
--------
*c3c17076c764d027f160be54b59f25de*
`登陆天数: 29天 / 667天
等级: 130
石头: 4110
呼符: 248
体力: 29.0 / 138
友情点: 0 / 400650`
_2024-06-21 04:36:00_
--------
*a39bcce9016517b8c8148fdaab731f5a*
`登陆天数: 29天 / 667天
等级: 130
石头: 4069
呼符: 248
体力: 28.97333333333333 / 138
友情点: 0 / 401015`
_2024-06-21 04:36:08_
--------
*bf6c5a7a135ad67be1ce0978b9d0441f*
`登陆天数: 29天 / 666天
等级: 130
石头: 4072
呼符: 35
体力: 28.946666666666673 / 138
友情点: 0 / 400905`
_2024-06-21 04:36:16_
--------
*ce59b1db1b4d7987523ee59ae90d76a5*
`登陆天数: 29天 / 667天
等级: 130
石头: 4027
呼符: 76
体力: 28.92 / 138
友情点: 0 / 402730`
_2024-06-21 04:36:24_
--------
*e1f040d20576ba77417e03d5644da34d*
`登陆天数: 29天 / 666天
等级: 130
石头: 4065
呼符: 329
体力: 28.89 / 138
友情点: 0 / 399885`
_2024-06-21 04:36:33_
--------
*815f9ef9597d7ec1aecee39f56b82665*
`登陆天数: 29天 / 667天
等级: 130
石头: 4085
呼符: 176
体力: 28.86333333333333 / 138
友情点: 0 / 401160`
_2024-06-21 04:36:41_
--------
*dea2da73829a40e8ba4b2cf0d6e0eb3c*
`登陆天数: 29天 / 667天
等级: 130
石头: 4063
呼符: 125
体力: 28.840000000000003 / 138
友情点: 0 / 399805`
_2024-06-21 04:36:49_
--------
*63236f2bd12bf4a40f6242f27524eb03*
`登陆天数: 29天 / 667天
等级: 130
石头: 4067
呼符: 36
体力: 28.810000000000002 / 138
友情点: 0 / 400335`
_2024-06-21 04:36:57_
--------
*41d052981db116e72a13ba2b292b2833*
`登陆天数: 29天 / 667天
等级: 130
石头: 4086
呼符: 242
体力: 28.78333333333333 / 138
友情点: 0 / 400540`
_2024-06-21 04:37:05_
--------
*e78d3162d44eb46724e7673377e4ffa8*
`登陆天数: 29天 / 667天
等级: 130
石头: 4072
呼符: 267
体力: 28.75666666666666 / 138
友情点: 0 / 400795`
_2024-06-21 04:37:13_
--------
*d7cf1da456096195fdc8f1865baf7d51*
`登陆天数: 29天 / 667天
等级: 130
石头: 4091
呼符: 326
体力: 28.730000000000004 / 138
友情点: 0 / 401840`
_2024-06-21 04:37:21_
--------
*203769365292043322c1e89fac8a5581*
`登陆天数: 29天 / 666天
等级: 130
石头: 4087
呼符: 300
体力: 28.703333333333333 / 138
友情点: 0 / 400825`
_2024-06-21 04:37:30_
--------
*56cf6ced41bcdfa4da364bdbaff2beba*
`登陆天数: 29天 / 667天
等级: 130
石头: 4070
呼符: 240
体力: 28.67 / 138
友情点: 0 / 401205`
_2024-06-21 04:37:38_
--------
*4df28e0ed07472e9ad4d9f5573ab6fcb*
`登陆天数: 29天 / 667天
等级: 130
石头: 4007
呼符: 299
体力: 20213.82 / 138
友情点: 0 / 466405`
_2024-06-21 04:37:45_
--------
