【登录信息】
*0cbc3364e79ab54b6b0d44e4c301101d*
`登陆天数: 30天 / 668天
等级: 130
石头: 4069
呼符: 333
体力: 29.58333333333333 / 138
友情点: 0 / 394830`
_2024-06-22 04:29:22_
--------
*468fee8af9c7b7eb08801b1d61f566fa*
`登陆天数: 30天 / 667天
等级: 130
石头: 4086
呼符: 311
体力: 29.553333333333327 / 138
友情点: 0 / 396090`
_2024-06-22 04:29:31_
--------
*66d1ce392af9b66ac0f939c5e6bb98fe*
`登陆天数: 30天 / 668天
等级: 130
石头: 4091
呼符: 308
体力: 29.523333333333326 / 138
友情点: 0 / 396515`
_2024-06-22 04:29:39_
--------
*5f66e86ea3f95f7d0c32acbd90a208f7*
`登陆天数: 30天 / 668天
等级: 130
石头: 4092
呼符: 305
体力: 29.5 / 138
友情点: 0 / 393440`
_2024-06-22 04:29:47_
--------
*a6ca2ab39a0602ed7c544bc2c8191049*
`登陆天数: 30天 / 668天
等级: 130
石头: 4095
呼符: 299
体力: 29.46666666666667 / 138
友情点: 0 / 394355`
_2024-06-22 04:29:55_
--------
*92212256de5a6ad5dada2b0f168b65cd*
`登陆天数: 30天 / 667天
等级: 130
石头: 4069
呼符: 334
体力: 29.439999999999998 / 138
友情点: 0 / 394010`
_2024-06-22 04:30:03_
--------
*b04ebf84e42f63b7f131c17ccdd285f6*
`登陆天数: 30天 / 667天
等级: 130
石头: 4071
呼符: 316
体力: 29.409999999999997 / 138
友情点: 0 / 395145`
_2024-06-22 04:30:11_
--------
*e2b597b9d400eccc20b49da381e39f6e*
`登陆天数: 30天 / 667天
等级: 130
石头: 4072
呼符: 176
体力: 29.38666666666667 / 138
友情点: 0 / 393850`
_2024-06-22 04:30:19_
--------
*4c5413a7eef342442ae1da5117a940a4*
`登陆天数: 30天 / 667天
等级: 130
石头: 4090
呼符: 324
体力: 29.35666666666667 / 138
友情点: 0 / 393815`
_2024-06-22 04:30:27_
--------
*e49ee443bc70e0377715d0df24f0fa7d*
`登陆天数: 30天 / 668天
等级: 130
石头: 4079
呼符: 164
体力: 29.323333333333338 / 138
友情点: 0 / 394595`
_2024-06-22 04:30:35_
--------
*672244f3ba274053e34540fdf74a4f58*
`登陆天数: 30天 / 668天
等级: 130
石头: 4070
呼符: 329
体力: 29.293333333333337 / 138
友情点: 0 / 394425`
_2024-06-22 04:30:43_
--------
*a5c02cc719cb7d0a6c30bb2bcdb8f7c5*
`登陆天数: 30天 / 667天
等级: 130
石头: 4094
呼符: 39
体力: 29.266666666666666 / 138
友情点: 0 / 393395`
_2024-06-22 04:30:51_
--------
*55207a55150be94f5800d72b52a43f0e*
`登陆天数: 30天 / 667天
等级: 130
石头: 4074
呼符: 303
体力: 29.239999999999995 / 138
友情点: 0 / 395130`
_2024-06-22 04:30:59_
--------
*a592723df47e3199ab0353dc646b6791*
`登陆天数: 30天 / 667天
等级: 130
石头: 4096
呼符: 89
体力: 29.206666666666663 / 138
友情点: 0 / 395650`
_2024-06-22 04:31:07_
--------
*4159288e45b91b959d7eca0bf8b44f1d*
`登陆天数: 30天 / 668天
等级: 130
石头: 4080
呼符: 188
体力: 29.183333333333337 / 138
友情点: 0 / 394050`
_2024-06-22 04:31:15_
--------
*a9ce844d652e4e1a1ae32f08533e7ee5*
`登陆天数: 30天 / 668天
等级: 130
石头: 4069
呼符: 335
体力: 29.153333333333336 / 138
友情点: 0 / 394990`
_2024-06-22 04:31:23_
--------
*007ac2d6cef484bc48966d7b37599883*
`登陆天数: 30天 / 668天
等级: 130
石头: 4072
呼符: 306
体力: 29.123333333333335 / 138
友情点: 0 / 394560`
_2024-06-22 04:31:31_
--------
*6c016b6ca650abf7dcfd9259035296a5*
`登陆天数: 30天 / 668天
等级: 130
石头: 4065
呼符: 37
体力: 29.093333333333334 / 138
友情点: 0 / 396820`
_2024-06-22 04:31:39_
--------
*d33aecbe8bcf1ed7f0e6da702cfff1a2*
`登陆天数: 30天 / 668天
等级: 130
石头: 4046
呼符: 243
体力: 29.063333333333333 / 138
友情点: 0 / 393825`
_2024-06-22 04:31:47_
--------
*17bcd2052a6ec1866beae155fc484504*
`登陆天数: 30天 / 667天
等级: 130
石头: 4070
呼符: 196
体力: 29.040000000000006 / 138
友情点: 0 / 395540`
_2024-06-22 04:31:56_
--------
*d0ba28407e264ae54a87471870fe1221*
`登陆天数: 30天 / 667天
等级: 130
石头: 4090
呼符: 36
体力: 29.00666666666666 / 138
友情点: 0 / 395565`
_2024-06-22 04:32:04_
--------
*2547230df974c766395c39ea1dcef0f1*
`登陆天数: 30天 / 668天
等级: 130
石头: 4082
呼符: 324
体力: 28.980000000000004 / 138
友情点: 0 / 394485`
_2024-06-22 04:32:12_
--------
*40c3ae23e191008699138f76d6e89e0c*
`登陆天数: 30天 / 667天
等级: 130
石头: 4069
呼符: 323
体力: 28.953333333333333 / 138
友情点: 0 / 393555`
_2024-06-22 04:32:20_
--------
*43b141e62bc7edea968095e70f70e149*
`登陆天数: 30天 / 667天
等级: 130
石头: 4074
呼符: 306
体力: 28.923333333333332 / 138
友情点: 0 / 394035`
_2024-06-22 04:32:28_
--------
*fa96a51e3723b115878686ea420b22b9*
`登陆天数: 30天 / 667天
等级: 130
石头: 4058
呼符: 264
体力: 28.89333333333333 / 138
友情点: 0 / 394025`
_2024-06-22 04:32:36_
--------
*4450f7c6ca0bc3f1b2e7d9ad0a765fb1*
`登陆天数: 30天 / 667天
等级: 130
石头: 4086
呼符: 228
体力: 28.86666666666666 / 138
友情点: 0 / 395460`
_2024-06-22 04:32:44_
--------
*cdb790e946e1544d62bfe227ac4ad4f4*
`登陆天数: 30天 / 668天
等级: 130
石头: 4074
呼符: 299
体力: 28.836666666666673 / 138
友情点: 0 / 395495`
_2024-06-22 04:32:52_
--------
*373b77034d0e5fb1cfb6671029da2f8a*
`登陆天数: 30天 / 667天
等级: 130
石头: 4067
呼符: 326
体力: 28.810000000000002 / 138
友情点: 0 / 397610`
_2024-06-22 04:33:00_
--------
*0e0b373ba0390fda034ecfd287c6d191*
`登陆天数: 30天 / 668天
等级: 130
石头: 4064
呼符: 314
体力: 28.78 / 138
友情点: 0 / 395080`
_2024-06-22 04:33:08_
--------
*6889791d1272b4e43053f6f4454b005d*
`登陆天数: 30天 / 667天
等级: 130
石头: 4072
呼符: 304
体力: 28.75 / 138
友情点: 0 / 392895`
_2024-06-22 04:33:16_
--------
*c46a376e3470f5f04763388807f84663*
`登陆天数: 30天 / 668天
等级: 130
石头: 4065
呼符: 164
体力: 28.72 / 138
友情点: 0 / 393895`
_2024-06-22 04:33:24_
--------
*7f567968d385747c7735a4100922107e*
`登陆天数: 30天 / 667天
等级: 130
石头: 4070
呼符: 298
体力: 28.689999999999998 / 138
友情点: 0 / 394470`
_2024-06-22 04:33:33_
--------
*ea696e0ef6a30f87b827227a901e3c35*
`登陆天数: 30天 / 667天
等级: 130
石头: 4092
呼符: 212
体力: 28.663333333333327 / 138
友情点: 0 / 393860`
_2024-06-22 04:33:40_
--------
*e6ec277c95853f97cf392b7a24eccf22*
`登陆天数: 30天 / 667天
等级: 130
石头: 4074
呼符: 293
体力: 28.63333333333334 / 138
友情点: 0 / 394055`
_2024-06-22 04:33:49_
--------
*bcf9f56e3289fe42920dc9e8e57d219d*
`登陆天数: 30天 / 668天
等级: 130
石头: 4073
呼符: 308
体力: 28.60666666666667 / 138
友情点: 0 / 393990`
_2024-06-22 04:33:57_
--------
*4439867a15aae8cefc8e7104456f376d*
`登陆天数: 30天 / 668天
等级: 130
石头: 4071
呼符: 265
体力: 28.573333333333338 / 138
友情点: 0 / 395120`
_2024-06-22 04:34:05_
--------
*c3c17076c764d027f160be54b59f25de*
`登陆天数: 30天 / 668天
等级: 130
石头: 4111
呼符: 249
体力: 28.546666666666667 / 138
友情点: 0 / 394650`
_2024-06-22 04:34:13_
--------
*a39bcce9016517b8c8148fdaab731f5a*
`登陆天数: 30天 / 668天
等级: 130
石头: 4070
呼符: 249
体力: 28.516666666666666 / 138
友情点: 0 / 395015`
_2024-06-22 04:34:21_
--------
*bf6c5a7a135ad67be1ce0978b9d0441f*
`登陆天数: 30天 / 667天
等级: 130
石头: 4073
呼符: 36
体力: 28.489999999999995 / 138
友情点: 0 / 394905`
_2024-06-22 04:34:29_
--------
*ce59b1db1b4d7987523ee59ae90d76a5*
`登陆天数: 30天 / 668天
等级: 130
石头: 4028
呼符: 77
体力: 28.459999999999994 / 138
友情点: 0 / 396730`
_2024-06-22 04:34:38_
--------
*e1f040d20576ba77417e03d5644da34d*
`登陆天数: 30天 / 667天
等级: 130
石头: 4066
呼符: 330
体力: 28.430000000000007 / 138
友情点: 0 / 393885`
_2024-06-22 04:34:46_
--------
*815f9ef9597d7ec1aecee39f56b82665*
`登陆天数: 30天 / 668天
等级: 130
石头: 4086
呼符: 177
体力: 28.403333333333336 / 138
友情点: 0 / 395160`
_2024-06-22 04:34:54_
--------
*dea2da73829a40e8ba4b2cf0d6e0eb3c*
`登陆天数: 30天 / 668天
等级: 130
石头: 4064
呼符: 126
体力: 28.376666666666665 / 138
友情点: 0 / 393805`
_2024-06-22 04:35:02_
--------
*63236f2bd12bf4a40f6242f27524eb03*
`登陆天数: 30天 / 668天
等级: 130
石头: 4068
呼符: 37
体力: 28.349999999999994 / 138
友情点: 0 / 394335`
_2024-06-22 04:35:10_
--------
*41d052981db116e72a13ba2b292b2833*
`登陆天数: 30天 / 668天
等级: 130
石头: 4087
呼符: 243
体力: 28.319999999999993 / 138
友情点: 0 / 394540`
_2024-06-22 04:35:18_
--------
*e78d3162d44eb46724e7673377e4ffa8*
`登陆天数: 30天 / 668天
等级: 130
石头: 4073
呼符: 268
体力: 28.290000000000006 / 138
友情点: 0 / 394795`
_2024-06-22 04:35:26_
--------
*d7cf1da456096195fdc8f1865baf7d51*
`登陆天数: 30天 / 668天
等级: 130
石头: 4092
呼符: 327
体力: 28.263333333333335 / 138
友情点: 0 / 395840`
_2024-06-22 04:35:34_
--------
*203769365292043322c1e89fac8a5581*
`登陆天数: 30天 / 667天
等级: 130
石头: 4088
呼符: 301
体力: 28.233333333333334 / 138
友情点: 0 / 394825`
_2024-06-22 04:35:42_
--------
*56cf6ced41bcdfa4da364bdbaff2beba*
`登陆天数: 30天 / 668天
等级: 130
石头: 4071
呼符: 241
体力: 28.206666666666663 / 138
友情点: 0 / 395205`
_2024-06-22 04:35:50_
--------
*4df28e0ed07472e9ad4d9f5573ab6fcb*
`登陆天数: 30天 / 668天
等级: 130
石头: 4007
呼符: 299
体力: 20501.463333333333 / 138
友情点: 0 / 466405`
_2024-06-22 04:35:58_
--------
