【登录信息】
*0cbc3364e79ab54b6b0d44e4c301101d*
`登陆天数: 31天 / 669天
等级: 130
石头: 4070
呼符: 333
体力: 30.400000000000006 / 138
友情点: 0 / 388830`
_2024-06-23 04:30:05_
--------
*468fee8af9c7b7eb08801b1d61f566fa*
`登陆天数: 31天 / 668天
等级: 130
石头: 4087
呼符: 311
体力: 30.36666666666666 / 138
友情点: 0 / 390090`
_2024-06-23 04:30:13_
--------
*66d1ce392af9b66ac0f939c5e6bb98fe*
`登陆天数: 31天 / 669天
等级: 130
石头: 4092
呼符: 308
体力: 30.340000000000003 / 138
友情点: 0 / 390515`
_2024-06-23 04:30:21_
--------
*5f66e86ea3f95f7d0c32acbd90a208f7*
`登陆天数: 31天 / 669天
等级: 130
石头: 4093
呼符: 305
体力: 30.310000000000002 / 138
友情点: 0 / 387440`
_2024-06-23 04:30:28_
--------
*a6ca2ab39a0602ed7c544bc2c8191049*
`登陆天数: 31天 / 669天
等级: 130
石头: 4096
呼符: 299
体力: 30.28333333333333 / 138
友情点: 0 / 388355`
_2024-06-23 04:30:36_
--------
*92212256de5a6ad5dada2b0f168b65cd*
`登陆天数: 31天 / 668天
等级: 130
石头: 4070
呼符: 334
体力: 30.25666666666666 / 138
友情点: 0 / 388010`
_2024-06-23 04:30:44_
--------
*b04ebf84e42f63b7f131c17ccdd285f6*
`登陆天数: 31天 / 668天
等级: 130
石头: 4072
呼符: 316
体力: 30.226666666666674 / 138
友情点: 0 / 389145`
_2024-06-23 04:30:52_
--------
*e2b597b9d400eccc20b49da381e39f6e*
`登陆天数: 31天 / 668天
等级: 130
石头: 4073
呼符: 176
体力: 30.196666666666673 / 138
友情点: 0 / 387850`
_2024-06-23 04:30:59_
--------
*4c5413a7eef342442ae1da5117a940a4*
`登陆天数: 31天 / 668天
等级: 130
石头: 4091
呼符: 324
体力: 30.17 / 138
友情点: 0 / 387815`
_2024-06-23 04:31:07_
--------
*e49ee443bc70e0377715d0df24f0fa7d*
`登陆天数: 31天 / 669天
等级: 130
石头: 4080
呼符: 164
体力: 30.14 / 138
友情点: 0 / 388595`
_2024-06-23 04:31:15_
--------
*672244f3ba274053e34540fdf74a4f58*
`登陆天数: 31天 / 669天
等级: 130
石头: 4071
呼符: 329
体力: 30.11666666666666 / 138
友情点: 0 / 388425`
_2024-06-23 04:31:23_
--------
*a5c02cc719cb7d0a6c30bb2bcdb8f7c5*
`登陆天数: 31天 / 668天
等级: 130
石头: 4095
呼符: 39
体力: 30.086666666666673 / 138
友情点: 0 / 389395`
_2024-06-23 04:31:30_
--------
*55207a55150be94f5800d72b52a43f0e*
`登陆天数: 31天 / 668天
等级: 130
石头: 4075
呼符: 303
体力: 30.056666666666672 / 138
友情点: 0 / 389130`
_2024-06-23 04:31:38_
--------
*a592723df47e3199ab0353dc646b6791*
`登陆天数: 31天 / 668天
等级: 130
石头: 4097
呼符: 89
体力: 30.02666666666667 / 138
友情点: 0 / 389650`
_2024-06-23 04:31:46_
--------
*4159288e45b91b959d7eca0bf8b44f1d*
`登陆天数: 31天 / 669天
等级: 130
石头: 4081
呼符: 188
体力: 30.0 / 138
友情点: 0 / 388050`
_2024-06-23 04:31:53_
--------
*a9ce844d652e4e1a1ae32f08533e7ee5*
`登陆天数: 31天 / 669天
等级: 130
石头: 4070
呼符: 335
体力: 29.97333333333333 / 138
友情点: 0 / 388990`
_2024-06-23 04:32:01_
--------
*007ac2d6cef484bc48966d7b37599883*
`登陆天数: 31天 / 669天
等级: 130
石头: 4073
呼符: 306
体力: 29.943333333333328 / 138
友情点: 0 / 388560`
_2024-06-23 04:32:09_
--------
*6c016b6ca650abf7dcfd9259035296a5*
`登陆天数: 31天 / 669天
等级: 130
石头: 4066
呼符: 37
体力: 29.913333333333327 / 138
友情点: 0 / 396820`
_2024-06-23 04:32:17_
--------
*d33aecbe8bcf1ed7f0e6da702cfff1a2*
`登陆天数: 31天 / 669天
等级: 130
石头: 4047
呼符: 243
体力: 29.89 / 138
友情点: 0 / 387825`
_2024-06-23 04:32:25_
--------
*17bcd2052a6ec1866beae155fc484504*
`登陆天数: 31天 / 668天
等级: 130
石头: 4071
呼符: 196
体力: 29.86666666666666 / 138
友情点: 0 / 389540`
_2024-06-23 04:32:33_
--------
*d0ba28407e264ae54a87471870fe1221*
`登陆天数: 31天 / 668天
等级: 130
石头: 4091
呼符: 36
体力: 29.83333333333333 / 138
友情点: 0 / 393565`
_2024-06-23 04:32:41_
--------
*2547230df974c766395c39ea1dcef0f1*
`登陆天数: 31天 / 669天
等级: 130
石头: 4083
呼符: 324
体力: 29.810000000000002 / 138
友情点: 0 / 388485`
_2024-06-23 04:32:48_
--------
*40c3ae23e191008699138f76d6e89e0c*
`登陆天数: 31天 / 668天
等级: 130
石头: 4070
呼符: 323
体力: 29.78 / 138
友情点: 0 / 387555`
_2024-06-23 04:32:56_
--------
*43b141e62bc7edea968095e70f70e149*
`登陆天数: 31天 / 668天
等级: 130
石头: 4075
呼符: 306
体力: 29.75333333333333 / 138
友情点: 0 / 388035`
_2024-06-23 04:33:04_
--------
*fa96a51e3723b115878686ea420b22b9*
`登陆天数: 31天 / 668天
等级: 130
石头: 4059
呼符: 264
体力: 29.726666666666674 / 138
友情点: 0 / 388025`
_2024-06-23 04:33:12_
--------
*4450f7c6ca0bc3f1b2e7d9ad0a765fb1*
`登陆天数: 31天 / 668天
等级: 130
石头: 4087
呼符: 228
体力: 29.700000000000003 / 138
友情点: 0 / 389460`
_2024-06-23 04:33:19_
--------
*cdb790e946e1544d62bfe227ac4ad4f4*
`登陆天数: 31天 / 669天
等级: 130
石头: 4075
呼符: 299
体力: 29.67 / 138
友情点: 0 / 389495`
_2024-06-23 04:33:27_
--------
*373b77034d0e5fb1cfb6671029da2f8a*
`登陆天数: 31天 / 668天
等级: 130
石头: 4068
呼符: 326
体力: 29.64333333333333 / 138
友情点: 0 / 391610`
_2024-06-23 04:33:35_
--------
*0e0b373ba0390fda034ecfd287c6d191*
`登陆天数: 31天 / 669天
等级: 130
石头: 4065
呼符: 314
体力: 29.61333333333333 / 138
友情点: 0 / 389080`
_2024-06-23 04:33:42_
--------
*6889791d1272b4e43053f6f4454b005d*
`登陆天数: 31天 / 668天
等级: 130
石头: 4073
呼符: 304
体力: 29.586666666666673 / 138
友情点: 0 / 386895`
_2024-06-23 04:33:50_
--------
*c46a376e3470f5f04763388807f84663*
`登陆天数: 31天 / 669天
等级: 130
石头: 4066
呼符: 164
体力: 29.556666666666672 / 138
友情点: 0 / 387895`
_2024-06-23 04:33:58_
--------
*7f567968d385747c7735a4100922107e*
`登陆天数: 31天 / 668天
等级: 130
石头: 4071
呼符: 298
体力: 29.53 / 138
友情点: 0 / 388470`
_2024-06-23 04:34:06_
--------
*ea696e0ef6a30f87b827227a901e3c35*
`登陆天数: 31天 / 668天
等级: 130
石头: 4093
呼符: 212
体力: 29.5 / 138
友情点: 0 / 387860`
_2024-06-23 04:34:13_
--------
*e6ec277c95853f97cf392b7a24eccf22*
`登陆天数: 31天 / 668天
等级: 130
石头: 4075
呼符: 293
体力: 29.47333333333333 / 138
友情点: 0 / 388055`
_2024-06-23 04:34:21_
--------
*bcf9f56e3289fe42920dc9e8e57d219d*
`登陆天数: 31天 / 669天
等级: 130
石头: 4074
呼符: 308
体力: 29.443333333333328 / 138
友情点: 0 / 387990`
_2024-06-23 04:34:29_
--------
*4439867a15aae8cefc8e7104456f376d*
`登陆天数: 31天 / 669天
等级: 130
石头: 4072
呼符: 265
体力: 29.41666666666667 / 138
友情点: 0 / 389120`
_2024-06-23 04:34:37_
--------
*c3c17076c764d027f160be54b59f25de*
`登陆天数: 31天 / 669天
等级: 130
石头: 4112
呼符: 249
体力: 29.39 / 138
友情点: 0 / 388650`
_2024-06-23 04:34:44_
--------
*a39bcce9016517b8c8148fdaab731f5a*
`登陆天数: 31天 / 669天
等级: 130
石头: 4071
呼符: 249
体力: 29.35666666666667 / 138
友情点: 0 / 389015`
_2024-06-23 04:34:52_
--------
*bf6c5a7a135ad67be1ce0978b9d0441f*
`登陆天数: 31天 / 668天
等级: 130
石头: 4074
呼符: 36
体力: 29.33 / 138
友情点: 0 / 388905`
_2024-06-23 04:34:59_
--------
*ce59b1db1b4d7987523ee59ae90d76a5*
`登陆天数: 31天 / 669天
等级: 130
石头: 4029
呼符: 77
体力: 29.299999999999997 / 138
友情点: 0 / 390730`
_2024-06-23 04:35:07_
--------
*e1f040d20576ba77417e03d5644da34d*
`登陆天数: 31天 / 668天
等级: 130
石头: 4067
呼符: 330
体力: 29.273333333333326 / 138
友情点: 0 / 387885`
_2024-06-23 04:35:15_
--------
*815f9ef9597d7ec1aecee39f56b82665*
`登陆天数: 31天 / 669天
等级: 130
石头: 4087
呼符: 177
体力: 29.24333333333334 / 138
友情点: 0 / 389160`
_2024-06-23 04:35:22_
--------
*dea2da73829a40e8ba4b2cf0d6e0eb3c*
`登陆天数: 31天 / 669天
等级: 130
石头: 4065
呼符: 126
体力: 29.21666666666667 / 138
友情点: 0 / 387805`
_2024-06-23 04:35:30_
--------
*63236f2bd12bf4a40f6242f27524eb03*
`登陆天数: 31天 / 669天
等级: 130
石头: 4069
呼符: 37
体力: 29.189999999999998 / 138
友情点: 0 / 392335`
_2024-06-23 04:35:37_
--------
*41d052981db116e72a13ba2b292b2833*
`登陆天数: 31天 / 669天
等级: 130
石头: 4088
呼符: 243
体力: 29.16666666666667 / 138
友情点: 0 / 388540`
_2024-06-23 04:35:45_
--------
*e78d3162d44eb46724e7673377e4ffa8*
`登陆天数: 31天 / 669天
等级: 130
石头: 4074
呼符: 268
体力: 29.13666666666667 / 138
友情点: 0 / 388795`
_2024-06-23 04:35:53_
--------
*d7cf1da456096195fdc8f1865baf7d51*
`登陆天数: 31天 / 669天
等级: 130
石头: 4093
呼符: 327
体力: 29.10666666666667 / 138
友情点: 0 / 389840`
_2024-06-23 04:36:01_
--------
*203769365292043322c1e89fac8a5581*
`登陆天数: 31天 / 668天
等级: 130
石头: 4089
呼符: 301
体力: 29.08 / 138
友情点: 0 / 388825`
_2024-06-23 04:36:09_
--------
*56cf6ced41bcdfa4da364bdbaff2beba*
`登陆天数: 31天 / 669天
等级: 130
石头: 4072
呼符: 241
体力: 29.053333333333327 / 138
友情点: 0 / 389205`
_2024-06-23 04:36:16_
--------
*4df28e0ed07472e9ad4d9f5573ab6fcb*
`登陆天数: 31天 / 669天
等级: 130
石头: 4007
呼符: 299
体力: 20789.55 / 138
友情点: 0 / 466405`
_2024-06-23 04:36:24_
--------
