【登录信息】
*0cbc3364e79ab54b6b0d44e4c301101d*
`登陆天数: 33天 / 671天
等级: 130
石头: 4071
呼符: 334
体力: 30.306666666666672 / 138
友情点: 0 / 376830`
_2024-06-25 04:31:17_
--------
*468fee8af9c7b7eb08801b1d61f566fa*
`登陆天数: 33天 / 670天
等级: 130
石头: 4088
呼符: 312
体力: 30.273333333333326 / 138
友情点: 0 / 378090`
_2024-06-25 04:31:25_
--------
*66d1ce392af9b66ac0f939c5e6bb98fe*
`登陆天数: 33天 / 671天
等级: 130
石头: 4093
呼符: 309
体力: 30.24333333333334 / 138
友情点: 0 / 378515`
_2024-06-25 04:31:33_
--------
*5f66e86ea3f95f7d0c32acbd90a208f7*
`登陆天数: 33天 / 671天
等级: 130
石头: 4094
呼符: 306
体力: 30.21666666666667 / 138
友情点: 0 / 375440`
_2024-06-25 04:31:40_
--------
*a6ca2ab39a0602ed7c544bc2c8191049*
`登陆天数: 33天 / 671天
等级: 130
石头: 4097
呼符: 300
体力: 30.183333333333337 / 138
友情点: 0 / 376355`
_2024-06-25 04:31:48_
--------
*92212256de5a6ad5dada2b0f168b65cd*
`登陆天数: 33天 / 670天
等级: 130
石头: 4071
呼符: 335
体力: 30.153333333333336 / 138
友情点: 0 / 376010`
_2024-06-25 04:31:56_
--------
*b04ebf84e42f63b7f131c17ccdd285f6*
`登陆天数: 33天 / 670天
等级: 130
石头: 4073
呼符: 317
体力: 30.126666666666665 / 138
友情点: 0 / 377145`
_2024-06-25 04:32:03_
--------
*e2b597b9d400eccc20b49da381e39f6e*
`登陆天数: 33天 / 670天
等级: 130
石头: 4074
呼符: 177
体力: 30.093333333333334 / 138
友情点: 0 / 375850`
_2024-06-25 04:32:11_
--------
*4c5413a7eef342442ae1da5117a940a4*
`登陆天数: 33天 / 670天
等级: 130
石头: 4092
呼符: 325
体力: 30.066666666666663 / 138
友情点: 0 / 375815`
_2024-06-25 04:32:19_
--------
*e49ee443bc70e0377715d0df24f0fa7d*
`登陆天数: 33天 / 671天
等级: 130
石头: 4081
呼符: 165
体力: 30.03666666666666 / 138
友情点: 0 / 376595`
_2024-06-25 04:32:26_
--------
*672244f3ba274053e34540fdf74a4f58*
`登陆天数: 33天 / 671天
等级: 130
石头: 4072
呼符: 330
体力: 30.010000000000005 / 138
友情点: 0 / 376425`
_2024-06-25 04:32:34_
--------
*a5c02cc719cb7d0a6c30bb2bcdb8f7c5*
`登陆天数: 33天 / 670天
等级: 130
石头: 4096
呼符: 40
体力: 29.976666666666674 / 138
友情点: 0 / 389395`
_2024-06-25 04:32:42_
--------
*55207a55150be94f5800d72b52a43f0e*
`登陆天数: 33天 / 670天
等级: 130
石头: 4076
呼符: 304
体力: 29.953333333333333 / 138
友情点: 0 / 377130`
_2024-06-25 04:32:50_
--------
*a592723df47e3199ab0353dc646b6791*
`登陆天数: 33天 / 670天
等级: 130
石头: 4098
呼符: 90
体力: 29.923333333333332 / 138
友情点: 0 / 383650`
_2024-06-25 04:32:57_
--------
*4159288e45b91b959d7eca0bf8b44f1d*
`登陆天数: 33天 / 671天
等级: 130
石头: 4082
呼符: 189
体力: 29.89 / 138
友情点: 0 / 376050`
_2024-06-25 04:33:05_
--------
*a9ce844d652e4e1a1ae32f08533e7ee5*
`登陆天数: 33天 / 671天
等级: 130
石头: 4071
呼符: 336
体力: 29.86333333333333 / 138
友情点: 0 / 376990`
_2024-06-25 04:33:12_
--------
*007ac2d6cef484bc48966d7b37599883*
`登陆天数: 33天 / 671天
等级: 130
石头: 4074
呼符: 307
体力: 29.83333333333333 / 138
友情点: 0 / 376560`
_2024-06-25 04:33:20_
--------
*6c016b6ca650abf7dcfd9259035296a5*
`登陆天数: 33天 / 671天
等级: 130
石头: 4067
呼符: 38
体力: 29.803333333333327 / 138
友情点: 0 / 396820`
_2024-06-25 04:33:28_
--------
*d33aecbe8bcf1ed7f0e6da702cfff1a2*
`登陆天数: 33天 / 671天
等级: 130
石头: 4048
呼符: 244
体力: 29.773333333333326 / 138
友情点: 0 / 375825`
_2024-06-25 04:33:36_
--------
*17bcd2052a6ec1866beae155fc484504*
`登陆天数: 33天 / 670天
等级: 130
石头: 4072
呼符: 197
体力: 29.74666666666667 / 138
友情点: 0 / 377540`
_2024-06-25 04:33:43_
--------
*d0ba28407e264ae54a87471870fe1221*
`登陆天数: 33天 / 670天
等级: 130
石头: 4092
呼符: 37
体力: 29.71666666666667 / 138
友情点: 0 / 393565`
_2024-06-25 04:33:51_
--------
*2547230df974c766395c39ea1dcef0f1*
`登陆天数: 33天 / 671天
等级: 130
石头: 4084
呼符: 325
体力: 29.686666666666667 / 138
友情点: 0 / 376485`
_2024-06-25 04:33:59_
--------
*40c3ae23e191008699138f76d6e89e0c*
`登陆天数: 33天 / 670天
等级: 130
石头: 4071
呼符: 324
体力: 29.656666666666666 / 138
友情点: 0 / 375555`
_2024-06-25 04:34:07_
--------
*43b141e62bc7edea968095e70f70e149*
`登陆天数: 33天 / 670天
等级: 130
石头: 4076
呼符: 307
体力: 29.629999999999995 / 138
友情点: 0 / 376035`
_2024-06-25 04:34:14_
--------
*fa96a51e3723b115878686ea420b22b9*
`登陆天数: 33天 / 670天
等级: 130
石头: 4060
呼符: 265
体力: 29.599999999999994 / 138
友情点: 0 / 376025`
_2024-06-25 04:34:22_
--------
*4450f7c6ca0bc3f1b2e7d9ad0a765fb1*
`登陆天数: 33天 / 670天
等级: 130
石头: 4088
呼符: 229
体力: 29.569999999999993 / 138
友情点: 0 / 377460`
_2024-06-25 04:34:30_
--------
*cdb790e946e1544d62bfe227ac4ad4f4*
`登陆天数: 33天 / 671天
等级: 130
石头: 4076
呼符: 300
体力: 29.543333333333337 / 138
友情点: 0 / 377495`
_2024-06-25 04:34:38_
--------
*373b77034d0e5fb1cfb6671029da2f8a*
`登陆天数: 33天 / 670天
等级: 130
石头: 4069
呼符: 327
体力: 29.513333333333335 / 138
友情点: 0 / 379610`
_2024-06-25 04:34:45_
--------
*0e0b373ba0390fda034ecfd287c6d191*
`登陆天数: 33天 / 671天
等级: 130
石头: 4066
呼符: 315
体力: 29.486666666666665 / 138
友情点: 0 / 377080`
_2024-06-25 04:34:53_
--------
*6889791d1272b4e43053f6f4454b005d*
`登陆天数: 33天 / 670天
等级: 130
石头: 4074
呼符: 305
体力: 29.453333333333333 / 138
友情点: 0 / 374895`
_2024-06-25 04:35:01_
--------
*c46a376e3470f5f04763388807f84663*
`登陆天数: 33天 / 671天
等级: 130
石头: 4067
呼符: 165
体力: 29.426666666666662 / 138
友情点: 0 / 375895`
_2024-06-25 04:35:09_
--------
*7f567968d385747c7735a4100922107e*
`登陆天数: 33天 / 670天
等级: 130
石头: 4072
呼符: 299
体力: 29.400000000000006 / 138
友情点: 0 / 376470`
_2024-06-25 04:35:16_
--------
*ea696e0ef6a30f87b827227a901e3c35*
`登陆天数: 33天 / 670天
等级: 130
石头: 4094
呼符: 213
体力: 29.370000000000005 / 138
友情点: 0 / 375860`
_2024-06-25 04:35:24_
--------
*e6ec277c95853f97cf392b7a24eccf22*
`登陆天数: 33天 / 670天
等级: 130
石头: 4076
呼符: 294
体力: 29.340000000000003 / 138
友情点: 0 / 376055`
_2024-06-25 04:35:32_
--------
*bcf9f56e3289fe42920dc9e8e57d219d*
`登陆天数: 33天 / 671天
等级: 130
石头: 4075
呼符: 309
体力: 29.313333333333333 / 138
友情点: 0 / 375990`
_2024-06-25 04:35:40_
--------
*4439867a15aae8cefc8e7104456f376d*
`登陆天数: 33天 / 671天
等级: 130
石头: 4073
呼符: 266
体力: 29.28 / 138
友情点: 0 / 377120`
_2024-06-25 04:35:48_
--------
*c3c17076c764d027f160be54b59f25de*
`登陆天数: 33天 / 671天
等级: 130
石头: 4113
呼符: 250
体力: 29.25333333333333 / 138
友情点: 0 / 376650`
_2024-06-25 04:35:55_
--------
*a39bcce9016517b8c8148fdaab731f5a*
`登陆天数: 33天 / 671天
等级: 130
石头: 4072
呼符: 250
体力: 29.22333333333333 / 138
友情点: 0 / 377015`
_2024-06-25 04:36:03_
--------
*bf6c5a7a135ad67be1ce0978b9d0441f*
`登陆天数: 33天 / 670天
等级: 130
石头: 4075
呼符: 37
体力: 29.196666666666673 / 138
友情点: 0 / 378905`
_2024-06-25 04:36:11_
--------
*ce59b1db1b4d7987523ee59ae90d76a5*
`登陆天数: 33天 / 671天
等级: 130
石头: 4030
呼符: 78
体力: 29.17 / 138
友情点: 0 / 382730`
_2024-06-25 04:36:19_
--------
*e1f040d20576ba77417e03d5644da34d*
`登陆天数: 33天 / 670天
等级: 130
石头: 4068
呼符: 331
体力: 29.14 / 138
友情点: 0 / 375885`
_2024-06-25 04:36:27_
--------
*815f9ef9597d7ec1aecee39f56b82665*
`登陆天数: 33天 / 671天
等级: 130
石头: 4088
呼符: 178
体力: 29.11 / 138
友情点: 0 / 377160`
_2024-06-25 04:36:34_
--------
*dea2da73829a40e8ba4b2cf0d6e0eb3c*
`登陆天数: 33天 / 671天
等级: 130
石头: 4066
呼符: 127
体力: 29.08333333333333 / 138
友情点: 0 / 375805`
_2024-06-25 04:36:42_
--------
*63236f2bd12bf4a40f6242f27524eb03*
`登陆天数: 33天 / 671天
等级: 130
石头: 4070
呼符: 38
体力: 29.053333333333327 / 138
友情点: 0 / 392335`
_2024-06-25 04:36:50_
--------
*41d052981db116e72a13ba2b292b2833*
`登陆天数: 33天 / 671天
等级: 130
石头: 4089
呼符: 244
体力: 29.023333333333326 / 138
友情点: 0 / 376540`
_2024-06-25 04:36:58_
--------
*e78d3162d44eb46724e7673377e4ffa8*
`登陆天数: 33天 / 671天
等级: 130
石头: 4075
呼符: 269
体力: 28.99333333333334 / 138
友情点: 0 / 376795`
_2024-06-25 04:37:06_
--------
*d7cf1da456096195fdc8f1865baf7d51*
`登陆天数: 33天 / 671天
等级: 130
石头: 4094
呼符: 328
体力: 28.96333333333334 / 138
友情点: 0 / 377840`
_2024-06-25 04:37:13_
--------
*203769365292043322c1e89fac8a5581*
`登陆天数: 33天 / 670天
等级: 130
石头: 4090
呼符: 302
体力: 28.936666666666667 / 138
友情点: 0 / 376825`
_2024-06-25 04:37:21_
--------
*56cf6ced41bcdfa4da364bdbaff2beba*
`登陆天数: 33天 / 671天
等级: 130
石头: 4073
呼符: 242
体力: 28.906666666666666 / 138
友情点: 0 / 377205`
_2024-06-25 04:37:28_
--------
*4df28e0ed07472e9ad4d9f5573ab6fcb*
`登陆天数: 33天 / 671天
等级: 130
石头: 4007
呼符: 299
体力: 21365.786666666667 / 138
友情点: 0 / 466405`
_2024-06-25 04:37:36_
--------
