【登录信息】
*0cbc3364e79ab54b6b0d44e4c301101d*
`登陆天数: 34天 / 672天
等级: 130
石头: 4074
呼符: 334
体力: 30.413333333333327 / 138
友情点: 0 / 370830`
_2024-06-26 04:32:32_
--------
*468fee8af9c7b7eb08801b1d61f566fa*
`登陆天数: 34天 / 671天
等级: 130
石头: 4091
呼符: 312
体力: 30.379999999999995 / 138
友情点: 0 / 372090`
_2024-06-26 04:32:40_
--------
*66d1ce392af9b66ac0f939c5e6bb98fe*
`登陆天数: 34天 / 672天
等级: 130
石头: 4096
呼符: 309
体力: 30.349999999999994 / 138
友情点: 0 / 372515`
_2024-06-26 04:32:47_
--------
*5f66e86ea3f95f7d0c32acbd90a208f7*
`登陆天数: 34天 / 672天
等级: 130
石头: 4097
呼符: 306
体力: 30.316666666666663 / 138
友情点: 0 / 369440`
_2024-06-26 04:32:55_
--------
*a6ca2ab39a0602ed7c544bc2c8191049*
`登陆天数: 34天 / 672天
等级: 130
石头: 4100
呼符: 300
体力: 30.28666666666666 / 138
友情点: 0 / 370355`
_2024-06-26 04:33:03_
--------
*92212256de5a6ad5dada2b0f168b65cd*
`登陆天数: 34天 / 671天
等级: 130
石头: 4074
呼符: 335
体力: 30.25666666666666 / 138
友情点: 0 / 370010`
_2024-06-26 04:33:10_
--------
*b04ebf84e42f63b7f131c17ccdd285f6*
`登陆天数: 34天 / 671天
等级: 130
石头: 4076
呼符: 317
体力: 30.226666666666674 / 138
友情点: 0 / 371145`
_2024-06-26 04:33:18_
--------
*e2b597b9d400eccc20b49da381e39f6e*
`登陆天数: 34天 / 671天
等级: 130
石头: 4077
呼符: 177
体力: 30.189999999999998 / 138
友情点: 0 / 371850`
_2024-06-26 04:33:26_
--------
*4c5413a7eef342442ae1da5117a940a4*
`登陆天数: 34天 / 671天
等级: 130
石头: 4095
呼符: 325
体力: 30.159999999999997 / 138
友情点: 0 / 369815`
_2024-06-26 04:33:33_
--------
*e49ee443bc70e0377715d0df24f0fa7d*
`登陆天数: 34天 / 672天
等级: 130
石头: 4084
呼符: 165
体力: 30.129999999999995 / 138
友情点: 0 / 370595`
_2024-06-26 04:33:41_
--------
*672244f3ba274053e34540fdf74a4f58*
`登陆天数: 34天 / 672天
等级: 130
石头: 4075
呼符: 330
体力: 30.099999999999994 / 138
友情点: 0 / 370425`
_2024-06-26 04:33:49_
--------
*a5c02cc719cb7d0a6c30bb2bcdb8f7c5*
`登陆天数: 34天 / 671天
等级: 130
石头: 4099
呼符: 40
体力: 30.073333333333338 / 138
友情点: 0 / 389395`
_2024-06-26 04:33:57_
--------
*55207a55150be94f5800d72b52a43f0e*
`登陆天数: 34天 / 671天
等级: 130
石头: 4079
呼符: 304
体力: 30.046666666666667 / 138
友情点: 0 / 371130`
_2024-06-26 04:34:05_
--------
*a592723df47e3199ab0353dc646b6791*
`登陆天数: 34天 / 671天
等级: 130
石头: 4101
呼符: 90
体力: 30.016666666666666 / 138
友情点: 0 / 383650`
_2024-06-26 04:34:13_
--------
*4159288e45b91b959d7eca0bf8b44f1d*
`登陆天数: 34天 / 672天
等级: 130
石头: 4085
呼符: 189
体力: 29.99333333333334 / 138
友情点: 0 / 370050`
_2024-06-26 04:34:20_
--------
*a9ce844d652e4e1a1ae32f08533e7ee5*
`登陆天数: 34天 / 672天
等级: 130
石头: 4074
呼符: 336
体力: 29.96333333333334 / 138
友情点: 0 / 370990`
_2024-06-26 04:34:28_
--------
*007ac2d6cef484bc48966d7b37599883*
`登陆天数: 34天 / 672天
等级: 130
石头: 4077
呼符: 307
体力: 29.933333333333337 / 138
友情点: 0 / 370560`
_2024-06-26 04:34:36_
--------
*6c016b6ca650abf7dcfd9259035296a5*
`登陆天数: 34天 / 672天
等级: 130
石头: 4070
呼符: 38
体力: 29.906666666666666 / 138
友情点: 0 / 396820`
_2024-06-26 04:34:44_
--------
*d33aecbe8bcf1ed7f0e6da702cfff1a2*
`登陆天数: 34天 / 672天
等级: 130
石头: 4051
呼符: 244
体力: 29.879999999999995 / 138
友情点: 0 / 369825`
_2024-06-26 04:34:51_
--------
*17bcd2052a6ec1866beae155fc484504*
`登陆天数: 34天 / 671天
等级: 130
石头: 4075
呼符: 197
体力: 29.840000000000003 / 138
友情点: 0 / 371540`
_2024-06-26 04:34:59_
--------
*d0ba28407e264ae54a87471870fe1221*
`登陆天数: 34天 / 671天
等级: 130
石头: 4095
呼符: 37
体力: 29.813333333333333 / 138
友情点: 0 / 393565`
_2024-06-26 04:35:06_
--------
*2547230df974c766395c39ea1dcef0f1*
`登陆天数: 34天 / 672天
等级: 130
石头: 4087
呼符: 325
体力: 29.78666666666666 / 138
友情点: 0 / 370485`
_2024-06-26 04:35:14_
--------
*40c3ae23e191008699138f76d6e89e0c*
`登陆天数: 34天 / 671天
等级: 130
石头: 4074
呼符: 324
体力: 29.760000000000005 / 138
友情点: 0 / 369555`
_2024-06-26 04:35:22_
--------
*43b141e62bc7edea968095e70f70e149*
`登陆天数: 34天 / 671天
等级: 130
石头: 4079
呼符: 307
体力: 29.730000000000004 / 138
友情点: 0 / 370035`
_2024-06-26 04:35:30_
--------
*fa96a51e3723b115878686ea420b22b9*
`登陆天数: 34天 / 671天
等级: 130
石头: 4063
呼符: 265
体力: 29.703333333333333 / 138
友情点: 0 / 370025`
_2024-06-26 04:35:37_
--------
*4450f7c6ca0bc3f1b2e7d9ad0a765fb1*
`登陆天数: 34天 / 671天
等级: 130
石头: 4091
呼符: 229
体力: 29.676666666666662 / 138
友情点: 0 / 371460`
_2024-06-26 04:35:45_
--------
*cdb790e946e1544d62bfe227ac4ad4f4*
`登陆天数: 34天 / 672天
等级: 130
石头: 4079
呼符: 300
体力: 29.64666666666666 / 138
友情点: 0 / 371495`
_2024-06-26 04:35:53_
--------
*373b77034d0e5fb1cfb6671029da2f8a*
`登陆天数: 34天 / 671天
等级: 130
石头: 4072
呼符: 327
体力: 29.620000000000005 / 138
友情点: 0 / 373610`
_2024-06-26 04:36:00_
--------
*0e0b373ba0390fda034ecfd287c6d191*
`登陆天数: 34天 / 672天
等级: 130
石头: 4069
呼符: 315
体力: 29.590000000000003 / 138
友情点: 0 / 371080`
_2024-06-26 04:36:08_
--------
*6889791d1272b4e43053f6f4454b005d*
`登陆天数: 34天 / 671天
等级: 130
石头: 4077
呼符: 305
体力: 29.563333333333333 / 138
友情点: 0 / 368895`
_2024-06-26 04:36:16_
--------
*c46a376e3470f5f04763388807f84663*
`登陆天数: 34天 / 672天
等级: 130
石头: 4070
呼符: 165
体力: 29.53333333333333 / 138
友情点: 0 / 373895`
_2024-06-26 04:36:23_
--------
*7f567968d385747c7735a4100922107e*
`登陆天数: 34天 / 671天
等级: 130
石头: 4075
呼符: 299
体力: 29.50666666666666 / 138
友情点: 0 / 370470`
_2024-06-26 04:36:31_
--------
*ea696e0ef6a30f87b827227a901e3c35*
`登陆天数: 34天 / 671天
等级: 130
石头: 4097
呼符: 213
体力: 29.480000000000004 / 138
友情点: 0 / 369860`
_2024-06-26 04:36:39_
--------
*e6ec277c95853f97cf392b7a24eccf22*
`登陆天数: 34天 / 671天
等级: 130
石头: 4079
呼符: 294
体力: 29.453333333333333 / 138
友情点: 0 / 370055`
_2024-06-26 04:36:47_
--------
*bcf9f56e3289fe42920dc9e8e57d219d*
`登陆天数: 34天 / 672天
等级: 130
石头: 4078
呼符: 309
体力: 29.426666666666662 / 138
友情点: 0 / 369990`
_2024-06-26 04:36:54_
--------
*4439867a15aae8cefc8e7104456f376d*
`登陆天数: 34天 / 672天
等级: 130
石头: 4076
呼符: 266
体力: 29.39333333333333 / 138
友情点: 0 / 371120`
_2024-06-26 04:37:02_
--------
*c3c17076c764d027f160be54b59f25de*
`登陆天数: 34天 / 672天
等级: 130
石头: 4116
呼符: 250
体力: 29.36666666666666 / 138
友情点: 0 / 370650`
_2024-06-26 04:37:10_
--------
*a39bcce9016517b8c8148fdaab731f5a*
`登陆天数: 34天 / 672天
等级: 130
石头: 4075
呼符: 250
体力: 29.340000000000003 / 138
友情点: 0 / 371015`
_2024-06-26 04:37:17_
--------
*bf6c5a7a135ad67be1ce0978b9d0441f*
`登陆天数: 34天 / 671天
等级: 130
石头: 4078
呼符: 37
体力: 29.310000000000002 / 138
友情点: 0 / 378905`
_2024-06-26 04:37:25_
--------
*ce59b1db1b4d7987523ee59ae90d76a5*
`登陆天数: 34天 / 672天
等级: 130
石头: 4033
呼符: 78
体力: 29.28333333333333 / 138
友情点: 0 / 382730`
_2024-06-26 04:37:32_
--------
*e1f040d20576ba77417e03d5644da34d*
`登陆天数: 34天 / 671天
等级: 130
石头: 4071
呼符: 331
体力: 29.260000000000005 / 138
友情点: 0 / 369885`
_2024-06-26 04:37:40_
--------
*815f9ef9597d7ec1aecee39f56b82665*
`登陆天数: 34天 / 672天
等级: 130
石头: 4091
呼符: 178
体力: 29.233333333333334 / 138
友情点: 0 / 371160`
_2024-06-26 04:37:48_
--------
*dea2da73829a40e8ba4b2cf0d6e0eb3c*
`登陆天数: 34天 / 672天
等级: 130
石头: 4069
呼符: 127
体力: 29.203333333333333 / 138
友情点: 0 / 375805`
_2024-06-26 04:37:56_
--------
*63236f2bd12bf4a40f6242f27524eb03*
`登陆天数: 34天 / 672天
等级: 130
石头: 4073
呼符: 38
体力: 29.176666666666662 / 138
友情点: 0 / 392335`
_2024-06-26 04:38:03_
--------
*41d052981db116e72a13ba2b292b2833*
`登陆天数: 34天 / 672天
等级: 130
石头: 4092
呼符: 244
体力: 29.14666666666666 / 138
友情点: 0 / 370540`
_2024-06-26 04:38:11_
--------
*e78d3162d44eb46724e7673377e4ffa8*
`登陆天数: 34天 / 672天
等级: 130
石头: 4078
呼符: 269
体力: 29.120000000000005 / 138
友情点: 0 / 370795`
_2024-06-26 04:38:19_
--------
*d7cf1da456096195fdc8f1865baf7d51*
`登陆天数: 34天 / 672天
等级: 130
石头: 4097
呼符: 328
体力: 29.093333333333334 / 138
友情点: 0 / 371840`
_2024-06-26 04:38:26_
--------
*203769365292043322c1e89fac8a5581*
`登陆天数: 34天 / 671天
等级: 130
石头: 4093
呼符: 302
体力: 29.066666666666663 / 138
友情点: 0 / 370825`
_2024-06-26 04:38:34_
--------
*56cf6ced41bcdfa4da364bdbaff2beba*
`登陆天数: 34天 / 672天
等级: 130
石头: 4076
呼符: 242
体力: 29.040000000000006 / 138
友情点: 0 / 371205`
_2024-06-26 04:38:42_
--------
*4df28e0ed07472e9ad4d9f5573ab6fcb*
`登陆天数: 34天 / 672天
等级: 130
石头: 4007
呼符: 299
体力: 21654.033333333333 / 138
友情点: 0 / 466405`
_2024-06-26 04:38:50_
--------
