【登录信息】
*0cbc3364e79ab54b6b0d44e4c301101d*
`登陆天数: 35天 / 673天
等级: 130
石头: 4074
呼符: 335
体力: 31.323333333333338 / 138
友情点: 0 / 364830`
_2024-06-27 04:36:02_
--------
*468fee8af9c7b7eb08801b1d61f566fa*
`登陆天数: 35天 / 672天
等级: 130
石头: 4091
呼符: 313
体力: 31.293333333333337 / 138
友情点: 0 / 366090`
_2024-06-27 04:36:10_
--------
*66d1ce392af9b66ac0f939c5e6bb98fe*
`登陆天数: 35天 / 673天
等级: 130
石头: 4096
呼符: 310
体力: 31.263333333333335 / 138
友情点: 0 / 366515`
_2024-06-27 04:36:18_
--------
*5f66e86ea3f95f7d0c32acbd90a208f7*
`登陆天数: 35天 / 673天
等级: 130
石头: 4097
呼符: 307
体力: 31.233333333333334 / 138
友情点: 0 / 363440`
_2024-06-27 04:36:26_
--------
*a6ca2ab39a0602ed7c544bc2c8191049*
`登陆天数: 35天 / 673天
等级: 130
石头: 4100
呼符: 301
体力: 31.206666666666663 / 138
友情点: 0 / 364355`
_2024-06-27 04:36:34_
--------
*92212256de5a6ad5dada2b0f168b65cd*
`登陆天数: 35天 / 672天
等级: 130
石头: 4074
呼符: 336
体力: 31.176666666666662 / 138
友情点: 0 / 364010`
_2024-06-27 04:36:42_
--------
*b04ebf84e42f63b7f131c17ccdd285f6*
`登陆天数: 35天 / 672天
等级: 130
石头: 4076
呼符: 318
体力: 31.14666666666666 / 138
友情点: 0 / 365145`
_2024-06-27 04:36:50_
--------
*e2b597b9d400eccc20b49da381e39f6e*
`登陆天数: 35天 / 672天
等级: 130
石头: 4077
呼符: 178
体力: 31.11666666666666 / 138
友情点: 0 / 371850`
_2024-06-27 04:36:58_
--------
*4c5413a7eef342442ae1da5117a940a4*
`登陆天数: 35天 / 672天
等级: 130
石头: 4095
呼符: 326
体力: 31.086666666666673 / 138
友情点: 0 / 363815`
_2024-06-27 04:37:06_
--------
*e49ee443bc70e0377715d0df24f0fa7d*
`登陆天数: 35天 / 673天
等级: 130
石头: 4084
呼符: 166
体力: 31.060000000000002 / 138
友情点: 0 / 370595`
_2024-06-27 04:37:14_
--------
*672244f3ba274053e34540fdf74a4f58*
`登陆天数: 35天 / 673天
等级: 130
石头: 4075
呼符: 331
体力: 31.03333333333333 / 138
友情点: 0 / 364425`
_2024-06-27 04:37:22_
--------
*a5c02cc719cb7d0a6c30bb2bcdb8f7c5*
`登陆天数: 35天 / 672天
等级: 130
石头: 4099
呼符: 41
体力: 31.0 / 138
友情点: 0 / 389395`
_2024-06-27 04:37:30_
--------
*55207a55150be94f5800d72b52a43f0e*
`登陆天数: 35天 / 672天
等级: 130
石头: 4079
呼符: 305
体力: 30.97 / 138
友情点: 0 / 365130`
_2024-06-27 04:37:38_
--------
*a592723df47e3199ab0353dc646b6791*
`登陆天数: 35天 / 672天
等级: 130
石头: 4101
呼符: 91
体力: 30.936666666666667 / 138
友情点: 0 / 383650`
_2024-06-27 04:37:46_
--------
*4159288e45b91b959d7eca0bf8b44f1d*
`登陆天数: 35天 / 673天
等级: 130
石头: 4085
呼符: 190
体力: 30.906666666666666 / 138
友情点: 0 / 368050`
_2024-06-27 04:37:54_
--------
*a9ce844d652e4e1a1ae32f08533e7ee5*
`登陆天数: 35天 / 673天
等级: 130
石头: 4074
呼符: 337
体力: 30.88333333333334 / 138
友情点: 0 / 364990`
_2024-06-27 04:38:02_
--------
*007ac2d6cef484bc48966d7b37599883*
`登陆天数: 35天 / 673天
等级: 130
石头: 4077
呼符: 308
体力: 30.849999999999994 / 138
友情点: 0 / 364560`
_2024-06-27 04:38:10_
--------
*6c016b6ca650abf7dcfd9259035296a5*
`登陆天数: 35天 / 673天
等级: 130
石头: 4070
呼符: 39
体力: 30.823333333333338 / 138
友情点: 0 / 396820`
_2024-06-27 04:38:18_
--------
*d33aecbe8bcf1ed7f0e6da702cfff1a2*
`登陆天数: 35天 / 673天
等级: 130
石头: 4051
呼符: 245
体力: 30.796666666666667 / 138
友情点: 0 / 363825`
_2024-06-27 04:38:26_
--------
*17bcd2052a6ec1866beae155fc484504*
`登陆天数: 35天 / 672天
等级: 130
石头: 4075
呼符: 198
体力: 30.766666666666666 / 138
友情点: 0 / 367540`
_2024-06-27 04:38:34_
--------
*d0ba28407e264ae54a87471870fe1221*
`登陆天数: 35天 / 672天
等级: 130
石头: 4095
呼符: 38
体力: 30.739999999999995 / 138
友情点: 0 / 393565`
_2024-06-27 04:38:41_
--------
*2547230df974c766395c39ea1dcef0f1*
`登陆天数: 35天 / 673天
等级: 130
石头: 4087
呼符: 326
体力: 30.71666666666667 / 138
友情点: 0 / 364485`
_2024-06-27 04:38:49_
--------
*40c3ae23e191008699138f76d6e89e0c*
`登陆天数: 35天 / 672天
等级: 130
石头: 4074
呼符: 325
体力: 30.689999999999998 / 138
友情点: 0 / 363555`
_2024-06-27 04:38:57_
--------
*43b141e62bc7edea968095e70f70e149*
`登陆天数: 35天 / 672天
等级: 130
石头: 4079
呼符: 308
体力: 30.656666666666666 / 138
友情点: 0 / 364035`
_2024-06-27 04:39:05_
--------
*fa96a51e3723b115878686ea420b22b9*
`登陆天数: 35天 / 672天
等级: 130
石头: 4063
呼符: 266
体力: 30.626666666666665 / 138
友情点: 0 / 368025`
_2024-06-27 04:39:13_
--------
*4450f7c6ca0bc3f1b2e7d9ad0a765fb1*
`登陆天数: 35天 / 672天
等级: 130
石头: 4091
呼符: 230
体力: 30.599999999999994 / 138
友情点: 0 / 365460`
_2024-06-27 04:39:21_
--------
*cdb790e946e1544d62bfe227ac4ad4f4*
`登陆天数: 35天 / 673天
等级: 130
石头: 4079
呼符: 301
体力: 30.569999999999993 / 138
友情点: 0 / 365495`
_2024-06-27 04:39:29_
--------
*373b77034d0e5fb1cfb6671029da2f8a*
`登陆天数: 35天 / 672天
等级: 130
石头: 4072
呼符: 328
体力: 30.540000000000006 / 138
友情点: 0 / 367610`
_2024-06-27 04:39:37_
--------
*0e0b373ba0390fda034ecfd287c6d191*
`登陆天数: 35天 / 673天
等级: 130
石头: 4069
呼符: 316
体力: 30.513333333333335 / 138
友情点: 0 / 365080`
_2024-06-27 04:39:45_
--------
*6889791d1272b4e43053f6f4454b005d*
`登陆天数: 35天 / 672天
等级: 130
石头: 4077
呼符: 306
体力: 30.486666666666665 / 138
友情点: 0 / 362895`
_2024-06-27 04:39:53_
--------
*c46a376e3470f5f04763388807f84663*
`登陆天数: 35天 / 673天
等级: 130
石头: 4070
呼符: 166
体力: 30.459999999999994 / 138
友情点: 0 / 373895`
_2024-06-27 04:40:01_
--------
*7f567968d385747c7735a4100922107e*
`登陆天数: 35天 / 672天
等级: 130
石头: 4075
呼符: 300
体力: 30.433333333333337 / 138
友情点: 0 / 364470`
_2024-06-27 04:40:10_
--------
*ea696e0ef6a30f87b827227a901e3c35*
`登陆天数: 35天 / 672天
等级: 130
石头: 4097
呼符: 214
体力: 30.406666666666666 / 138
友情点: 0 / 363860`
_2024-06-27 04:40:17_
--------
*e6ec277c95853f97cf392b7a24eccf22*
`登陆天数: 35天 / 672天
等级: 130
石头: 4079
呼符: 295
体力: 30.376666666666665 / 138
友情点: 0 / 364055`
_2024-06-27 04:40:25_
--------
*bcf9f56e3289fe42920dc9e8e57d219d*
`登陆天数: 35天 / 673天
等级: 130
石头: 4078
呼符: 310
体力: 30.346666666666664 / 138
友情点: 0 / 363990`
_2024-06-27 04:40:33_
--------
*4439867a15aae8cefc8e7104456f376d*
`登陆天数: 35天 / 673天
等级: 130
石头: 4076
呼符: 267
体力: 30.319999999999993 / 138
友情点: 0 / 365120`
_2024-06-27 04:40:41_
--------
*c3c17076c764d027f160be54b59f25de*
`登陆天数: 35天 / 673天
等级: 130
石头: 4116
呼符: 251
体力: 30.293333333333337 / 138
友情点: 0 / 364650`
_2024-06-27 04:40:48_
--------
*a39bcce9016517b8c8148fdaab731f5a*
`登陆天数: 35天 / 673天
等级: 130
石头: 4075
呼符: 251
体力: 30.263333333333335 / 138
友情点: 0 / 365015`
_2024-06-27 04:40:56_
--------
*bf6c5a7a135ad67be1ce0978b9d0441f*
`登陆天数: 35天 / 672天
等级: 130
石头: 4078
呼符: 38
体力: 30.233333333333334 / 138
友情点: 0 / 378905`
_2024-06-27 04:41:04_
--------
*ce59b1db1b4d7987523ee59ae90d76a5*
`登陆天数: 35天 / 673天
等级: 130
石头: 4033
呼符: 79
体力: 30.21333333333334 / 138
友情点: 0 / 382730`
_2024-06-27 04:41:12_
--------
*e1f040d20576ba77417e03d5644da34d*
`登陆天数: 35天 / 672天
等级: 130
石头: 4071
呼符: 332
体力: 30.183333333333337 / 138
友情点: 0 / 363885`
_2024-06-27 04:41:20_
--------
*815f9ef9597d7ec1aecee39f56b82665*
`登陆天数: 35天 / 673天
等级: 130
石头: 4091
呼符: 179
体力: 30.153333333333336 / 138
友情点: 0 / 367160`
_2024-06-27 04:41:28_
--------
*dea2da73829a40e8ba4b2cf0d6e0eb3c*
`登陆天数: 35天 / 673天
等级: 130
石头: 4069
呼符: 128
体力: 30.123333333333335 / 138
友情点: 0 / 375805`
_2024-06-27 04:41:36_
--------
*63236f2bd12bf4a40f6242f27524eb03*
`登陆天数: 35天 / 673天
等级: 130
石头: 4073
呼符: 39
体力: 30.099999999999994 / 138
友情点: 0 / 392335`
_2024-06-27 04:41:43_
--------
*41d052981db116e72a13ba2b292b2833*
`登陆天数: 35天 / 673天
等级: 130
石头: 4092
呼符: 245
体力: 30.073333333333338 / 138
友情点: 0 / 364540`
_2024-06-27 04:41:52_
--------
*e78d3162d44eb46724e7673377e4ffa8*
`登陆天数: 35天 / 673天
等级: 130
石头: 4078
呼符: 270
体力: 30.046666666666667 / 138
友情点: 0 / 364795`
_2024-06-27 04:42:00_
--------
*d7cf1da456096195fdc8f1865baf7d51*
`登陆天数: 35天 / 673天
等级: 130
石头: 4097
呼符: 329
体力: 30.013333333333335 / 138
友情点: 0 / 365840`
_2024-06-27 04:42:08_
--------
*203769365292043322c1e89fac8a5581*
`登陆天数: 35天 / 672天
等级: 130
石头: 4093
呼符: 303
体力: 29.986666666666665 / 138
友情点: 0 / 364825`
_2024-06-27 04:42:16_
--------
*56cf6ced41bcdfa4da364bdbaff2beba*
`登陆天数: 35天 / 673天
等级: 130
石头: 4076
呼符: 243
体力: 29.956666666666663 / 138
友情点: 0 / 365205`
_2024-06-27 04:42:24_
--------
*4df28e0ed07472e9ad4d9f5573ab6fcb*
`登陆天数: 35天 / 673天
等级: 130
石头: 4007
呼符: 299
体力: 21942.77666666667 / 138
友情点: 0 / 466405`
_2024-06-27 04:42:32_
--------
