【登录信息】
*0cbc3364e79ab54b6b0d44e4c301101d*
`登陆天数: 37天 / 675天
等级: 130
石头: 4094
呼符: 335
体力: 30.75333333333333 / 138
友情点: 0 / 354830`
_2024-06-29 04:33:24_
--------
*468fee8af9c7b7eb08801b1d61f566fa*
`登陆天数: 37天 / 674天
等级: 130
石头: 4111
呼符: 313
体力: 30.72333333333333 / 138
友情点: 0 / 358090`
_2024-06-29 04:33:32_
--------
*66d1ce392af9b66ac0f939c5e6bb98fe*
`登陆天数: 37天 / 675天
等级: 130
石头: 4116
呼符: 310
体力: 30.689999999999998 / 138
友情点: 0 / 358515`
_2024-06-29 04:33:40_
--------
*5f66e86ea3f95f7d0c32acbd90a208f7*
`登陆天数: 37天 / 675天
等级: 130
石头: 4117
呼符: 307
体力: 30.663333333333327 / 138
友情点: 0 / 355440`
_2024-06-29 04:33:49_
--------
*a6ca2ab39a0602ed7c544bc2c8191049*
`登陆天数: 37天 / 675天
等级: 130
石头: 4120
呼符: 301
体力: 30.63333333333334 / 138
友情点: 0 / 356355`
_2024-06-29 04:33:57_
--------
*92212256de5a6ad5dada2b0f168b65cd*
`登陆天数: 37天 / 674天
等级: 130
石头: 4094
呼符: 336
体力: 30.60666666666667 / 138
友情点: 0 / 354010`
_2024-06-29 04:34:05_
--------
*b04ebf84e42f63b7f131c17ccdd285f6*
`登陆天数: 37天 / 674天
等级: 130
石头: 4096
呼符: 318
体力: 30.573333333333338 / 138
友情点: 0 / 355145`
_2024-06-29 04:34:14_
--------
*e2b597b9d400eccc20b49da381e39f6e*
`登陆天数: 37天 / 674天
等级: 130
石头: 4097
呼符: 178
体力: 30.546666666666667 / 138
友情点: 0 / 373850`
_2024-06-29 04:34:22_
--------
*4c5413a7eef342442ae1da5117a940a4*
`登陆天数: 37天 / 674天
等级: 130
石头: 4115
呼符: 326
体力: 30.519999999999996 / 138
友情点: 0 / 353815`
_2024-06-29 04:34:30_
--------
*e49ee443bc70e0377715d0df24f0fa7d*
`登陆天数: 37天 / 675天
等级: 130
石头: 4104
呼符: 166
体力: 30.489999999999995 / 138
友情点: 0 / 372595`
_2024-06-29 04:34:38_
--------
*672244f3ba274053e34540fdf74a4f58*
`登陆天数: 37天 / 675天
等级: 130
石头: 4095
呼符: 331
体力: 30.459999999999994 / 138
友情点: 0 / 354425`
_2024-06-29 04:34:47_
--------
*a5c02cc719cb7d0a6c30bb2bcdb8f7c5*
`登陆天数: 37天 / 674天
等级: 130
石头: 4119
呼符: 41
体力: 30.433333333333337 / 138
友情点: 0 / 391395`
_2024-06-29 04:34:55_
--------
*55207a55150be94f5800d72b52a43f0e*
`登陆天数: 37天 / 674天
等级: 130
石头: 4099
呼符: 305
体力: 30.406666666666666 / 138
友情点: 0 / 355130`
_2024-06-29 04:35:03_
--------
*a592723df47e3199ab0353dc646b6791*
`登陆天数: 37天 / 674天
等级: 130
石头: 4121
呼符: 91
体力: 30.376666666666665 / 138
友情点: 0 / 385650`
_2024-06-29 04:35:11_
--------
*4159288e45b91b959d7eca0bf8b44f1d*
`登陆天数: 37天 / 675天
等级: 130
石头: 4105
呼符: 190
体力: 30.349999999999994 / 138
友情点: 0 / 370050`
_2024-06-29 04:35:19_
--------
*a9ce844d652e4e1a1ae32f08533e7ee5*
`登陆天数: 37天 / 675天
等级: 130
石头: 4094
呼符: 337
体力: 30.326666666666668 / 138
友情点: 0 / 354990`
_2024-06-29 04:35:28_
--------
*007ac2d6cef484bc48966d7b37599883*
`登陆天数: 37天 / 675天
等级: 130
石头: 4097
呼符: 308
体力: 30.296666666666667 / 138
友情点: 0 / 354560`
_2024-06-29 04:35:36_
--------
*6c016b6ca650abf7dcfd9259035296a5*
`登陆天数: 37天 / 675天
等级: 130
石头: 4090
呼符: 39
体力: 30.263333333333335 / 138
友情点: 0 / 398820`
_2024-06-29 04:35:44_
--------
*d33aecbe8bcf1ed7f0e6da702cfff1a2*
`登陆天数: 37天 / 675天
等级: 130
石头: 4071
呼符: 245
体力: 30.236666666666665 / 138
友情点: 0 / 363825`
_2024-06-29 04:35:52_
--------
*17bcd2052a6ec1866beae155fc484504*
`登陆天数: 37天 / 674天
等级: 130
石头: 4095
呼符: 198
体力: 30.21333333333334 / 138
友情点: 0 / 369540`
_2024-06-29 04:36:00_
--------
*d0ba28407e264ae54a87471870fe1221*
`登陆天数: 37天 / 674天
等级: 130
石头: 4115
呼符: 38
体力: 30.183333333333337 / 138
友情点: 0 / 395565`
_2024-06-29 04:36:09_
--------
*2547230df974c766395c39ea1dcef0f1*
`登陆天数: 37天 / 675天
等级: 130
石头: 4107
呼符: 326
体力: 30.163333333333327 / 138
友情点: 0 / 354485`
_2024-06-29 04:36:17_
--------
*40c3ae23e191008699138f76d6e89e0c*
`登陆天数: 37天 / 674天
等级: 130
石头: 4094
呼符: 325
体力: 30.13333333333334 / 138
友情点: 0 / 353555`
_2024-06-29 04:36:25_
--------
*43b141e62bc7edea968095e70f70e149*
`登陆天数: 37天 / 674天
等级: 130
石头: 4099
呼符: 308
体力: 30.10333333333334 / 138
友情点: 0 / 354035`
_2024-06-29 04:36:34_
--------
*fa96a51e3723b115878686ea420b22b9*
`登陆天数: 37天 / 674天
等级: 130
石头: 4083
呼符: 266
体力: 30.08 / 138
友情点: 0 / 370025`
_2024-06-29 04:36:42_
--------
*4450f7c6ca0bc3f1b2e7d9ad0a765fb1*
`登陆天数: 37天 / 674天
等级: 130
石头: 4111
呼符: 230
体力: 30.053333333333327 / 138
友情点: 0 / 365460`
_2024-06-29 04:36:50_
--------
*cdb790e946e1544d62bfe227ac4ad4f4*
`登陆天数: 37天 / 675天
等级: 130
石头: 4099
呼符: 301
体力: 30.02666666666667 / 138
友情点: 0 / 355495`
_2024-06-29 04:36:58_
--------
*373b77034d0e5fb1cfb6671029da2f8a*
`登陆天数: 37天 / 674天
等级: 130
石头: 4092
呼符: 328
体力: 29.99666666666667 / 138
友情点: 0 / 357610`
_2024-06-29 04:37:06_
--------
*0e0b373ba0390fda034ecfd287c6d191*
`登陆天数: 37天 / 675天
等级: 130
石头: 4089
呼符: 316
体力: 29.97 / 138
友情点: 0 / 355080`
_2024-06-29 04:37:15_
--------
*6889791d1272b4e43053f6f4454b005d*
`登陆天数: 37天 / 674天
等级: 130
石头: 4097
呼符: 306
体力: 29.939999999999998 / 138
友情点: 0 / 352895`
_2024-06-29 04:37:23_
--------
*c46a376e3470f5f04763388807f84663*
`登陆天数: 37天 / 675天
等级: 130
石头: 4090
呼符: 166
体力: 29.909999999999997 / 138
友情点: 0 / 375895`
_2024-06-29 04:37:31_
--------
*7f567968d385747c7735a4100922107e*
`登陆天数: 37天 / 674天
等级: 130
石头: 4095
呼符: 300
体力: 29.88333333333334 / 138
友情点: 0 / 354470`
_2024-06-29 04:37:40_
--------
*ea696e0ef6a30f87b827227a901e3c35*
`登陆天数: 37天 / 674天
等级: 130
石头: 4117
呼符: 214
体力: 29.85333333333334 / 138
友情点: 0 / 363860`
_2024-06-29 04:37:48_
--------
*e6ec277c95853f97cf392b7a24eccf22*
`登陆天数: 37天 / 674天
等级: 130
石头: 4099
呼符: 295
体力: 29.826666666666668 / 138
友情点: 0 / 354055`
_2024-06-29 04:37:56_
--------
*bcf9f56e3289fe42920dc9e8e57d219d*
`登陆天数: 37天 / 675天
等级: 130
石头: 4098
呼符: 310
体力: 29.799999999999997 / 138
友情点: 0 / 353990`
_2024-06-29 04:38:04_
--------
*4439867a15aae8cefc8e7104456f376d*
`登陆天数: 37天 / 675天
等级: 130
石头: 4096
呼符: 267
体力: 29.766666666666666 / 138
友情点: 0 / 359120`
_2024-06-29 04:38:12_
--------
*c3c17076c764d027f160be54b59f25de*
`登陆天数: 37天 / 675天
等级: 130
石头: 4136
呼符: 251
体力: 29.739999999999995 / 138
友情点: 0 / 362650`
_2024-06-29 04:38:20_
--------
*a39bcce9016517b8c8148fdaab731f5a*
`登陆天数: 37天 / 675天
等级: 130
石头: 4095
呼符: 251
体力: 29.71333333333334 / 138
友情点: 0 / 357015`
_2024-06-29 04:38:29_
--------
*bf6c5a7a135ad67be1ce0978b9d0441f*
`登陆天数: 37天 / 674天
等级: 130
石头: 4098
呼符: 38
体力: 29.683333333333337 / 138
友情点: 0 / 380905`
_2024-06-29 04:38:37_
--------
*ce59b1db1b4d7987523ee59ae90d76a5*
`登陆天数: 37天 / 675天
等级: 130
石头: 4053
呼符: 79
体力: 29.656666666666666 / 138
友情点: 0 / 384730`
_2024-06-29 04:38:45_
--------
*e1f040d20576ba77417e03d5644da34d*
`登陆天数: 37天 / 674天
等级: 130
石头: 4091
呼符: 332
体力: 29.629999999999995 / 138
友情点: 0 / 353885`
_2024-06-29 04:38:54_
--------
*815f9ef9597d7ec1aecee39f56b82665*
`登陆天数: 37天 / 675天
等级: 130
石头: 4111
呼符: 179
体力: 29.599999999999994 / 138
友情点: 0 / 369160`
_2024-06-29 04:39:02_
--------
*dea2da73829a40e8ba4b2cf0d6e0eb3c*
`登陆天数: 37天 / 675天
等级: 130
石头: 4089
呼符: 128
体力: 29.576666666666668 / 138
友情点: 0 / 377805`
_2024-06-29 04:39:10_
--------
*63236f2bd12bf4a40f6242f27524eb03*
`登陆天数: 37天 / 675天
等级: 130
石头: 4093
呼符: 39
体力: 29.556666666666672 / 138
友情点: 0 / 394335`
_2024-06-29 04:39:18_
--------
*41d052981db116e72a13ba2b292b2833*
`登陆天数: 37天 / 675天
等级: 130
石头: 4112
呼符: 245
体力: 29.53333333333333 / 138
友情点: 0 / 366540`
_2024-06-29 04:39:26_
--------
*e78d3162d44eb46724e7673377e4ffa8*
`登陆天数: 37天 / 675天
等级: 130
石头: 4098
呼符: 270
体力: 29.50666666666666 / 138
友情点: 0 / 354795`
_2024-06-29 04:39:35_
--------
*d7cf1da456096195fdc8f1865baf7d51*
`登陆天数: 37天 / 675天
等级: 130
石头: 4117
呼符: 329
体力: 29.480000000000004 / 138
友情点: 0 / 355840`
_2024-06-29 04:39:43_
--------
*203769365292043322c1e89fac8a5581*
`登陆天数: 37天 / 674天
等级: 130
石头: 4113
呼符: 303
体力: 29.453333333333333 / 138
友情点: 0 / 354825`
_2024-06-29 04:39:51_
--------
*56cf6ced41bcdfa4da364bdbaff2beba*
`登陆天数: 37天 / 675天
等级: 130
石头: 4096
呼符: 243
体力: 29.426666666666662 / 138
友情点: 0 / 365205`
_2024-06-29 04:39:59_
--------
*4df28e0ed07472e9ad4d9f5573ab6fcb*
`登陆天数: 37天 / 675天
等级: 130
石头: 4007
呼符: 299
体力: 22518.293333333335 / 138
友情点: 0 / 466405`
_2024-06-29 04:40:08_
--------
