【登录信息】
*0cbc3364e79ab54b6b0d44e4c301101d*
`登陆天数: 38天 / 676天
等级: 130
石头: 4094
呼符: 335
体力: 27.019999999999996 / 138
友情点: 0 / 348830`
_2024-06-30 04:16:05_
--------
*468fee8af9c7b7eb08801b1d61f566fa*
`登陆天数: 38天 / 675天
等级: 130
石头: 4111
呼符: 313
体力: 26.983333333333334 / 138
友情点: 0 / 358090`
_2024-06-30 04:16:13_
--------
*66d1ce392af9b66ac0f939c5e6bb98fe*
`登陆天数: 38天 / 676天
等级: 130
石头: 4116
呼符: 310
体力: 26.953333333333333 / 138
友情点: 0 / 356515`
_2024-06-30 04:16:21_
--------
*5f66e86ea3f95f7d0c32acbd90a208f7*
`登陆天数: 38天 / 676天
等级: 130
石头: 4117
呼符: 307
体力: 26.926666666666662 / 138
友情点: 0 / 351440`
_2024-06-30 04:16:29_
--------
*a6ca2ab39a0602ed7c544bc2c8191049*
`登陆天数: 38天 / 676天
等级: 130
石头: 4120
呼符: 301
体力: 26.89666666666666 / 138
友情点: 0 / 356355`
_2024-06-30 04:16:36_
--------
*92212256de5a6ad5dada2b0f168b65cd*
`登陆天数: 38天 / 675天
等级: 130
石头: 4094
呼符: 336
体力: 26.870000000000005 / 138
友情点: 0 / 348010`
_2024-06-30 04:16:44_
--------
*b04ebf84e42f63b7f131c17ccdd285f6*
`登陆天数: 38天 / 675天
等级: 130
石头: 4096
呼符: 318
体力: 26.836666666666673 / 138
友情点: 0 / 353145`
_2024-06-30 04:16:52_
--------
*e2b597b9d400eccc20b49da381e39f6e*
`登陆天数: 38天 / 675天
等级: 130
石头: 4097
呼符: 178
体力: 26.810000000000002 / 138
友情点: 0 / 373850`
_2024-06-30 04:17:00_
--------
*4c5413a7eef342442ae1da5117a940a4*
`登陆天数: 38天 / 675天
等级: 130
石头: 4115
呼符: 326
体力: 26.77666666666667 / 138
友情点: 0 / 347815`
_2024-06-30 04:17:08_
--------
*e49ee443bc70e0377715d0df24f0fa7d*
`登陆天数: 38天 / 676天
等级: 130
石头: 4104
呼符: 166
体力: 26.74666666666667 / 138
友情点: 0 / 372595`
_2024-06-30 04:17:16_
--------
*672244f3ba274053e34540fdf74a4f58*
`登陆天数: 38天 / 676天
等级: 130
石头: 4095
呼符: 331
体力: 26.72 / 138
友情点: 0 / 348425`
_2024-06-30 04:17:23_
--------
*a5c02cc719cb7d0a6c30bb2bcdb8f7c5*
`登陆天数: 38天 / 675天
等级: 130
石头: 4119
呼符: 41
体力: 26.686666666666667 / 138
友情点: 0 / 391395`
_2024-06-30 04:17:31_
--------
*55207a55150be94f5800d72b52a43f0e*
`登陆天数: 38天 / 675天
等级: 130
石头: 4099
呼符: 305
体力: 26.653333333333336 / 138
友情点: 0 / 349130`
_2024-06-30 04:17:39_
--------
*a592723df47e3199ab0353dc646b6791*
`登陆天数: 38天 / 675天
等级: 130
石头: 4121
呼符: 91
体力: 26.623333333333335 / 138
友情点: 0 / 385650`
_2024-06-30 04:17:47_
--------
*4159288e45b91b959d7eca0bf8b44f1d*
`登陆天数: 38天 / 676天
等级: 130
石头: 4105
呼符: 190
体力: 26.596666666666664 / 138
友情点: 0 / 370050`
_2024-06-30 04:17:54_
--------
*a9ce844d652e4e1a1ae32f08533e7ee5*
`登陆天数: 38天 / 676天
等级: 130
石头: 4094
呼符: 337
体力: 26.563333333333333 / 138
友情点: 0 / 348990`
_2024-06-30 04:18:02_
--------
*007ac2d6cef484bc48966d7b37599883*
`登陆天数: 38天 / 676天
等级: 130
石头: 4097
呼符: 308
体力: 26.53333333333333 / 138
友情点: 0 / 348560`
_2024-06-30 04:18:10_
--------
*6c016b6ca650abf7dcfd9259035296a5*
`登陆天数: 38天 / 676天
等级: 130
石头: 4090
呼符: 39
体力: 26.50333333333333 / 138
友情点: 0 / 398820`
_2024-06-30 04:18:18_
--------
*d33aecbe8bcf1ed7f0e6da702cfff1a2*
`登陆天数: 38天 / 676天
等级: 130
石头: 4071
呼符: 245
体力: 26.476666666666674 / 138
友情点: 0 / 363825`
_2024-06-30 04:18:25_
--------
*17bcd2052a6ec1866beae155fc484504*
`登陆天数: 38天 / 675天
等级: 130
石头: 4095
呼符: 198
体力: 26.450000000000003 / 138
友情点: 0 / 369540`
_2024-06-30 04:18:33_
--------
*d0ba28407e264ae54a87471870fe1221*
`登陆天数: 38天 / 675天
等级: 130
石头: 4115
呼符: 38
体力: 26.41666666666667 / 138
友情点: 0 / 395565`
_2024-06-30 04:18:41_
--------
*2547230df974c766395c39ea1dcef0f1*
`登陆天数: 38天 / 676天
等级: 130
石头: 4107
呼符: 326
体力: 26.39 / 138
友情点: 0 / 352485`
_2024-06-30 04:18:49_
--------
*40c3ae23e191008699138f76d6e89e0c*
`登陆天数: 38天 / 675天
等级: 130
石头: 4094
呼符: 325
体力: 26.36333333333333 / 138
友情点: 0 / 351555`
_2024-06-30 04:18:56_
--------
*43b141e62bc7edea968095e70f70e149*
`登陆天数: 38天 / 675天
等级: 130
石头: 4099
呼符: 308
体力: 26.33 / 138
友情点: 0 / 354035`
_2024-06-30 04:19:04_
--------
*fa96a51e3723b115878686ea420b22b9*
`登陆天数: 38天 / 675天
等级: 130
石头: 4083
呼符: 266
体力: 26.303333333333327 / 138
友情点: 0 / 370025`
_2024-06-30 04:19:12_
--------
*4450f7c6ca0bc3f1b2e7d9ad0a765fb1*
`登陆天数: 38天 / 675天
等级: 130
石头: 4111
呼符: 230
体力: 26.273333333333326 / 138
友情点: 0 / 365460`
_2024-06-30 04:19:19_
--------
*cdb790e946e1544d62bfe227ac4ad4f4*
`登陆天数: 38天 / 676天
等级: 130
石头: 4099
呼符: 301
体力: 26.24666666666667 / 138
友情点: 0 / 349495`
_2024-06-30 04:19:27_
--------
*373b77034d0e5fb1cfb6671029da2f8a*
`登陆天数: 38天 / 675天
等级: 130
石头: 4092
呼符: 328
体力: 26.21333333333334 / 138
友情点: 0 / 351610`
_2024-06-30 04:19:35_
--------
*0e0b373ba0390fda034ecfd287c6d191*
`登陆天数: 38天 / 676天
等级: 130
石头: 4089
呼符: 316
体力: 26.183333333333337 / 138
友情点: 0 / 353080`
_2024-06-30 04:19:43_
--------
*6889791d1272b4e43053f6f4454b005d*
`登陆天数: 38天 / 675天
等级: 130
石头: 4097
呼符: 306
体力: 26.156666666666666 / 138
友情点: 0 / 348895`
_2024-06-30 04:19:50_
--------
*c46a376e3470f5f04763388807f84663*
`登陆天数: 38天 / 676天
等级: 130
石头: 4090
呼符: 166
体力: 26.123333333333335 / 138
友情点: 0 / 375895`
_2024-06-30 04:19:58_
--------
*7f567968d385747c7735a4100922107e*
`登陆天数: 38天 / 675天
等级: 130
石头: 4095
呼符: 300
体力: 26.096666666666664 / 138
友情点: 0 / 352470`
_2024-06-30 04:20:06_
--------
*ea696e0ef6a30f87b827227a901e3c35*
`登陆天数: 38天 / 675天
等级: 130
石头: 4117
呼符: 214
体力: 26.069999999999993 / 138
友情点: 0 / 363860`
_2024-06-30 04:20:14_
--------
*e6ec277c95853f97cf392b7a24eccf22*
`登陆天数: 38天 / 675天
等级: 130
石头: 4099
呼符: 295
体力: 26.043333333333337 / 138
友情点: 0 / 348055`
_2024-06-30 04:20:21_
--------
*bcf9f56e3289fe42920dc9e8e57d219d*
`登陆天数: 38天 / 676天
等级: 130
石头: 4098
呼符: 310
体力: 26.013333333333335 / 138
友情点: 0 / 347990`
_2024-06-30 04:20:29_
--------
*4439867a15aae8cefc8e7104456f376d*
`登陆天数: 38天 / 676天
等级: 130
石头: 4096
呼符: 267
体力: 25.983333333333334 / 138
友情点: 0 / 359120`
_2024-06-30 04:20:37_
--------
*c3c17076c764d027f160be54b59f25de*
`登陆天数: 38天 / 676天
等级: 130
石头: 4136
呼符: 251
体力: 25.956666666666663 / 138
友情点: 0 / 362650`
_2024-06-30 04:20:45_
--------
*a39bcce9016517b8c8148fdaab731f5a*
`登陆天数: 38天 / 676天
等级: 130
石头: 4095
呼符: 251
体力: 25.926666666666662 / 138
友情点: 0 / 357015`
_2024-06-30 04:20:52_
--------
*bf6c5a7a135ad67be1ce0978b9d0441f*
`登陆天数: 38天 / 675天
等级: 130
石头: 4098
呼符: 38
体力: 25.900000000000006 / 138
友情点: 0 / 380905`
_2024-06-30 04:21:00_
--------
*ce59b1db1b4d7987523ee59ae90d76a5*
`登陆天数: 38天 / 676天
等级: 130
石头: 4053
呼符: 79
体力: 25.870000000000005 / 138
友情点: 0 / 384730`
_2024-06-30 04:21:08_
--------
*e1f040d20576ba77417e03d5644da34d*
`登陆天数: 38天 / 675天
等级: 130
石头: 4091
呼符: 332
体力: 25.843333333333334 / 138
友情点: 0 / 347885`
_2024-06-30 04:21:16_
--------
*815f9ef9597d7ec1aecee39f56b82665*
`登陆天数: 38天 / 676天
等级: 130
石头: 4111
呼符: 179
体力: 25.816666666666663 / 138
友情点: 0 / 369160`
_2024-06-30 04:21:24_
--------
*dea2da73829a40e8ba4b2cf0d6e0eb3c*
`登陆天数: 38天 / 676天
等级: 130
石头: 4089
呼符: 128
体力: 25.790000000000006 / 138
友情点: 0 / 377805`
_2024-06-30 04:21:32_
--------
*63236f2bd12bf4a40f6242f27524eb03*
`登陆天数: 38天 / 676天
等级: 130
石头: 4093
呼符: 39
体力: 25.760000000000005 / 138
友情点: 0 / 394335`
_2024-06-30 04:21:39_
--------
*41d052981db116e72a13ba2b292b2833*
`登陆天数: 38天 / 676天
等级: 130
石头: 4112
呼符: 245
体力: 25.733333333333334 / 138
友情点: 0 / 366540`
_2024-06-30 04:21:47_
--------
*e78d3162d44eb46724e7673377e4ffa8*
`登陆天数: 38天 / 676天
等级: 130
石头: 4098
呼符: 270
体力: 25.703333333333333 / 138
友情点: 0 / 354795`
_2024-06-30 04:21:55_
--------
*d7cf1da456096195fdc8f1865baf7d51*
`登陆天数: 38天 / 676天
等级: 130
石头: 4117
呼符: 329
体力: 25.676666666666662 / 138
友情点: 0 / 353840`
_2024-06-30 04:22:03_
--------
*203769365292043322c1e89fac8a5581*
`登陆天数: 38天 / 675天
等级: 130
石头: 4113
呼符: 303
体力: 25.650000000000006 / 138
友情点: 0 / 352825`
_2024-06-30 04:22:10_
--------
*56cf6ced41bcdfa4da364bdbaff2beba*
`登陆天数: 38天 / 676天
等级: 130
石头: 4096
呼符: 243
体力: 25.620000000000005 / 138
友情点: 0 / 365205`
_2024-06-30 04:22:18_
--------
*4df28e0ed07472e9ad4d9f5573ab6fcb*
`登陆天数: 38天 / 676天
等级: 130
石头: 4007
呼符: 299
体力: 22802.753333333334 / 138
友情点: 0 / 466405`
_2024-06-30 04:22:26_
--------
